RUN	computerdatabase.BasicSimulation	basicsimulation	1699617760656	25k load 10 nov[C	3.7.6
USER	Desktop APIs load test 50k	START	1699617761541
USER	Desktop APIs load test 50k	START	1699617761621
USER	Desktop APIs load test 50k	START	1699617761512
USER	Desktop APIs load test 50k	START	1699617761581
USER	Desktop APIs load test 50k	START	1699617761662
USER	Desktop APIs load test 50k	START	1699617761703
USER	Desktop APIs load test 50k	START	1699617761743
USER	Desktop APIs load test 50k	START	1699617761784
USER	Desktop APIs load test 50k	START	1699617761827
REQUEST		agent-config api load 10 nov 50k	1699617761541	1699617761831	OK	 
REQUEST		agent-config api load 10 nov 50k	1699617761622	1699617761835	OK	 
REQUEST		agent-config api load 10 nov 50k	1699617761534	1699617761835	OK	 
USER	Desktop APIs load test 50k	END	1699617761851
USER	Desktop APIs load test 50k	END	1699617761851
USER	Desktop APIs load test 50k	END	1699617761851
REQUEST		agent-config api load 10 nov 50k	1699617761662	1699617761852	OK	 
USER	Desktop APIs load test 50k	END	1699617761853
USER	Desktop APIs load test 50k	START	1699617761868
REQUEST		agent-config api load 10 nov 50k	1699617761704	1699617761888	OK	 
USER	Desktop APIs load test 50k	END	1699617761889
USER	Desktop APIs load test 50k	START	1699617761912
REQUEST		agent-config api load 10 nov 50k	1699617761582	1699617761953	OK	 
USER	Desktop APIs load test 50k	START	1699617761952
USER	Desktop APIs load test 50k	END	1699617761954
REQUEST		agent-config api load 10 nov 50k	1699617761785	1699617761962	OK	 
USER	Desktop APIs load test 50k	END	1699617761962
REQUEST		agent-config api load 10 nov 50k	1699617761828	1699617761983	OK	 
USER	Desktop APIs load test 50k	END	1699617761984
USER	Desktop APIs load test 50k	START	1699617761993
REQUEST		agent-config api load 10 nov 50k	1699617761869	1699617762020	OK	 
USER	Desktop APIs load test 50k	END	1699617762020
REQUEST		agent-config api load 10 nov 50k	1699617761744	1699617762034	OK	 
USER	Desktop APIs load test 50k	START	1699617762033
USER	Desktop APIs load test 50k	END	1699617762034
REQUEST		agent-config api load 10 nov 50k	1699617761913	1699617762069	OK	 
USER	Desktop APIs load test 50k	END	1699617762070
USER	Desktop APIs load test 50k	START	1699617762073
REQUEST		agent-config api load 10 nov 50k	1699617761953	1699617762108	OK	 
USER	Desktop APIs load test 50k	END	1699617762108
USER	Desktop APIs load test 50k	START	1699617762114
USER	Desktop APIs load test 50k	START	1699617762154
REQUEST		agent-config api load 10 nov 50k	1699617762033	1699617762180	OK	 
USER	Desktop APIs load test 50k	END	1699617762181
REQUEST		agent-config api load 10 nov 50k	1699617761993	1699617762182	OK	 
USER	Desktop APIs load test 50k	END	1699617762183
USER	Desktop APIs load test 50k	START	1699617762194
REQUEST		agent-config api load 10 nov 50k	1699617762074	1699617762223	OK	 
USER	Desktop APIs load test 50k	END	1699617762224
USER	Desktop APIs load test 50k	START	1699617762234
REQUEST		agent-config api load 10 nov 50k	1699617762114	1699617762241	OK	 
USER	Desktop APIs load test 50k	END	1699617762242
USER	Desktop APIs load test 50k	START	1699617762274
REQUEST		agent-config api load 10 nov 50k	1699617762154	1699617762300	OK	 
USER	Desktop APIs load test 50k	END	1699617762301
USER	Desktop APIs load test 50k	START	1699617762314
REQUEST		agent-config api load 10 nov 50k	1699617762194	1699617762326	OK	 
USER	Desktop APIs load test 50k	END	1699617762327
USER	Desktop APIs load test 50k	START	1699617762354
REQUEST		agent-config api load 10 nov 50k	1699617762234	1699617762363	OK	 
USER	Desktop APIs load test 50k	END	1699617762364
USER	Desktop APIs load test 50k	START	1699617762394
REQUEST		agent-config api load 10 nov 50k	1699617762274	1699617762426	OK	 
USER	Desktop APIs load test 50k	END	1699617762427
USER	Desktop APIs load test 50k	START	1699617762434
REQUEST		agent-config api load 10 nov 50k	1699617762314	1699617762438	OK	 
USER	Desktop APIs load test 50k	END	1699617762438
USER	Desktop APIs load test 50k	START	1699617762474
REQUEST		agent-config api load 10 nov 50k	1699617762354	1699617762492	OK	 
USER	Desktop APIs load test 50k	END	1699617762492
USER	Desktop APIs load test 50k	START	1699617762514
REQUEST		agent-config api load 10 nov 50k	1699617762394	1699617762539	OK	 
USER	Desktop APIs load test 50k	END	1699617762539
USER	Desktop APIs load test 50k	START	1699617762554
REQUEST		agent-config api load 10 nov 50k	1699617762434	1699617762571	OK	 
USER	Desktop APIs load test 50k	END	1699617762572
USER	Desktop APIs load test 50k	START	1699617762594
REQUEST		agent-config api load 10 nov 50k	1699617762474	1699617762602	OK	 
USER	Desktop APIs load test 50k	END	1699617762603
REQUEST		agent-config api load 10 nov 50k	1699617762514	1699617762634	OK	 
USER	Desktop APIs load test 50k	END	1699617762634
USER	Desktop APIs load test 50k	START	1699617762634
USER	Desktop APIs load test 50k	START	1699617762674
REQUEST		agent-config api load 10 nov 50k	1699617762554	1699617762684	OK	 
USER	Desktop APIs load test 50k	END	1699617762685
USER	Desktop APIs load test 50k	START	1699617762714
REQUEST		agent-config api load 10 nov 50k	1699617762594	1699617762737	OK	 
USER	Desktop APIs load test 50k	END	1699617762738
USER	Desktop APIs load test 50k	START	1699617762754
REQUEST		agent-config api load 10 nov 50k	1699617762634	1699617762760	OK	 
USER	Desktop APIs load test 50k	END	1699617762761
USER	Desktop APIs load test 50k	START	1699617762794
REQUEST		agent-config api load 10 nov 50k	1699617762674	1699617762796	OK	 
USER	Desktop APIs load test 50k	END	1699617762796
USER	Desktop APIs load test 50k	START	1699617762834
REQUEST		agent-config api load 10 nov 50k	1699617762714	1699617762836	OK	 
USER	Desktop APIs load test 50k	END	1699617762837
REQUEST		agent-config api load 10 nov 50k	1699617762755	1699617762870	OK	 
USER	Desktop APIs load test 50k	END	1699617762871
USER	Desktop APIs load test 50k	START	1699617762874
USER	Desktop APIs load test 50k	START	1699617762915
REQUEST		agent-config api load 10 nov 50k	1699617762795	1699617762935	OK	 
USER	Desktop APIs load test 50k	END	1699617762936
USER	Desktop APIs load test 50k	START	1699617762955
REQUEST		agent-config api load 10 nov 50k	1699617762835	1699617762970	OK	 
USER	Desktop APIs load test 50k	END	1699617762971
REQUEST		agent-config api load 10 nov 50k	1699617762875	1699617762992	OK	 
USER	Desktop APIs load test 50k	END	1699617762993
USER	Desktop APIs load test 50k	START	1699617762994
USER	Desktop APIs load test 50k	START	1699617763035
REQUEST		agent-config api load 10 nov 50k	1699617762915	1699617763036	OK	 
USER	Desktop APIs load test 50k	END	1699617763037
USER	Desktop APIs load test 50k	START	1699617763075
REQUEST		agent-config api load 10 nov 50k	1699617762955	1699617763087	OK	 
USER	Desktop APIs load test 50k	END	1699617763088
USER	Desktop APIs load test 50k	START	1699617763115
REQUEST		agent-config api load 10 nov 50k	1699617762995	1699617763143	OK	 
USER	Desktop APIs load test 50k	END	1699617763144
USER	Desktop APIs load test 50k	START	1699617763155
REQUEST		agent-config api load 10 nov 50k	1699617763035	1699617763162	OK	 
USER	Desktop APIs load test 50k	END	1699617763163
USER	Desktop APIs load test 50k	START	1699617763195
REQUEST		agent-config api load 10 nov 50k	1699617763075	1699617763207	OK	 
USER	Desktop APIs load test 50k	END	1699617763207
USER	Desktop APIs load test 50k	START	1699617763235
REQUEST		agent-config api load 10 nov 50k	1699617763115	1699617763250	OK	 
USER	Desktop APIs load test 50k	END	1699617763251
USER	Desktop APIs load test 50k	START	1699617763275
REQUEST		agent-config api load 10 nov 50k	1699617763155	1699617763286	OK	 
USER	Desktop APIs load test 50k	END	1699617763286
USER	Desktop APIs load test 50k	START	1699617763315
REQUEST		agent-config api load 10 nov 50k	1699617763195	1699617763337	OK	 
USER	Desktop APIs load test 50k	END	1699617763338
USER	Desktop APIs load test 50k	START	1699617763355
REQUEST		agent-config api load 10 nov 50k	1699617763235	1699617763381	OK	 
USER	Desktop APIs load test 50k	END	1699617763382
USER	Desktop APIs load test 50k	START	1699617763395
REQUEST		agent-config api load 10 nov 50k	1699617763275	1699617763402	OK	 
USER	Desktop APIs load test 50k	END	1699617763403
USER	Desktop APIs load test 50k	START	1699617763435
REQUEST		agent-config api load 10 nov 50k	1699617763315	1699617763439	OK	 
USER	Desktop APIs load test 50k	END	1699617763440
USER	Desktop APIs load test 50k	START	1699617763475
REQUEST		agent-config api load 10 nov 50k	1699617763355	1699617763491	OK	 
USER	Desktop APIs load test 50k	END	1699617763492
USER	Desktop APIs load test 50k	START	1699617763515
REQUEST		agent-config api load 10 nov 50k	1699617763395	1699617763536	OK	 
USER	Desktop APIs load test 50k	END	1699617763537
USER	Desktop APIs load test 50k	START	1699617763539
REQUEST		agent-config api load 10 nov 50k	1699617763435	1699617763566	OK	 
USER	Desktop APIs load test 50k	END	1699617763567
USER	Desktop APIs load test 50k	START	1699617763579
REQUEST		agent-config api load 10 nov 50k	1699617763475	1699617763614	OK	 
USER	Desktop APIs load test 50k	END	1699617763616
USER	Desktop APIs load test 50k	START	1699617763619
REQUEST		agent-config api load 10 nov 50k	1699617763515	1699617763653	OK	 
USER	Desktop APIs load test 50k	END	1699617763655
USER	Desktop APIs load test 50k	START	1699617763659
REQUEST		agent-config api load 10 nov 50k	1699617763539	1699617763669	OK	 
USER	Desktop APIs load test 50k	END	1699617763670
USER	Desktop APIs load test 50k	START	1699617763699
REQUEST		agent-config api load 10 nov 50k	1699617763579	1699617763707	OK	 
USER	Desktop APIs load test 50k	END	1699617763707
USER	Desktop APIs load test 50k	START	1699617763739
REQUEST		agent-config api load 10 nov 50k	1699617763619	1699617763746	OK	 
USER	Desktop APIs load test 50k	END	1699617763747
USER	Desktop APIs load test 50k	START	1699617763779
REQUEST		agent-config api load 10 nov 50k	1699617763659	1699617763785	OK	 
USER	Desktop APIs load test 50k	END	1699617763786
USER	Desktop APIs load test 50k	START	1699617763819
REQUEST		agent-config api load 10 nov 50k	1699617763699	1699617763838	OK	 
USER	Desktop APIs load test 50k	END	1699617763839
USER	Desktop APIs load test 50k	START	1699617763859
REQUEST		agent-config api load 10 nov 50k	1699617763740	1699617763877	OK	 
USER	Desktop APIs load test 50k	END	1699617763878
USER	Desktop APIs load test 50k	START	1699617763899
REQUEST		agent-config api load 10 nov 50k	1699617763780	1699617763906	OK	 
USER	Desktop APIs load test 50k	END	1699617763907
USER	Desktop APIs load test 50k	START	1699617763939
REQUEST		agent-config api load 10 nov 50k	1699617763820	1699617763948	OK	 
USER	Desktop APIs load test 50k	END	1699617763949
USER	Desktop APIs load test 50k	START	1699617763980
REQUEST		agent-config api load 10 nov 50k	1699617763860	1699617763991	OK	 
USER	Desktop APIs load test 50k	END	1699617763992
USER	Desktop APIs load test 50k	START	1699617764020
REQUEST		agent-config api load 10 nov 50k	1699617763900	1699617764026	OK	 
USER	Desktop APIs load test 50k	END	1699617764027
USER	Desktop APIs load test 50k	START	1699617764060
REQUEST		agent-config api load 10 nov 50k	1699617763940	1699617764080	OK	 
USER	Desktop APIs load test 50k	END	1699617764081
USER	Desktop APIs load test 50k	START	1699617764100
REQUEST		agent-config api load 10 nov 50k	1699617763980	1699617764120	OK	 
USER	Desktop APIs load test 50k	END	1699617764120
USER	Desktop APIs load test 50k	START	1699617764140
REQUEST		agent-config api load 10 nov 50k	1699617764020	1699617764156	OK	 
USER	Desktop APIs load test 50k	END	1699617764157
USER	Desktop APIs load test 50k	START	1699617764180
REQUEST		agent-config api load 10 nov 50k	1699617764060	1699617764214	OK	 
USER	Desktop APIs load test 50k	END	1699617764215
USER	Desktop APIs load test 50k	START	1699617764220
REQUEST		agent-config api load 10 nov 50k	1699617764100	1699617764223	OK	 
USER	Desktop APIs load test 50k	END	1699617764224
USER	Desktop APIs load test 50k	START	1699617764260
REQUEST		agent-config api load 10 nov 50k	1699617764140	1699617764271	OK	 
USER	Desktop APIs load test 50k	END	1699617764272
USER	Desktop APIs load test 50k	START	1699617764300
REQUEST		agent-config api load 10 nov 50k	1699617764180	1699617764309	OK	 
USER	Desktop APIs load test 50k	END	1699617764310
USER	Desktop APIs load test 50k	START	1699617764340
REQUEST		agent-config api load 10 nov 50k	1699617764220	1699617764343	OK	 
USER	Desktop APIs load test 50k	END	1699617764344
USER	Desktop APIs load test 50k	START	1699617764380
REQUEST		agent-config api load 10 nov 50k	1699617764260	1699617764387	OK	 
USER	Desktop APIs load test 50k	END	1699617764388
USER	Desktop APIs load test 50k	START	1699617764420
REQUEST		agent-config api load 10 nov 50k	1699617764300	1699617764423	OK	 
USER	Desktop APIs load test 50k	END	1699617764424
USER	Desktop APIs load test 50k	START	1699617764460
REQUEST		agent-config api load 10 nov 50k	1699617764340	1699617764466	OK	 
USER	Desktop APIs load test 50k	END	1699617764467
USER	Desktop APIs load test 50k	START	1699617764500
REQUEST		agent-config api load 10 nov 50k	1699617764380	1699617764503	OK	 
USER	Desktop APIs load test 50k	END	1699617764504
USER	Desktop APIs load test 50k	START	1699617764539
REQUEST		agent-config api load 10 nov 50k	1699617764420	1699617764548	OK	 
USER	Desktop APIs load test 50k	END	1699617764549
USER	Desktop APIs load test 50k	START	1699617764579
REQUEST		agent-config api load 10 nov 50k	1699617764460	1699617764582	OK	 
USER	Desktop APIs load test 50k	END	1699617764582
USER	Desktop APIs load test 50k	START	1699617764619
REQUEST		agent-config api load 10 nov 50k	1699617764500	1699617764629	OK	 
USER	Desktop APIs load test 50k	END	1699617764630
USER	Desktop APIs load test 50k	START	1699617764659
REQUEST		agent-config api load 10 nov 50k	1699617764539	1699617764664	OK	 
USER	Desktop APIs load test 50k	END	1699617764665
USER	Desktop APIs load test 50k	START	1699617764699
REQUEST		agent-config api load 10 nov 50k	1699617764579	1699617764704	OK	 
USER	Desktop APIs load test 50k	END	1699617764704
USER	Desktop APIs load test 50k	START	1699617764739
REQUEST		agent-config api load 10 nov 50k	1699617764619	1699617764747	OK	 
USER	Desktop APIs load test 50k	END	1699617764748
USER	Desktop APIs load test 50k	START	1699617764779
REQUEST		agent-config api load 10 nov 50k	1699617764659	1699617764798	OK	 
USER	Desktop APIs load test 50k	END	1699617764799
USER	Desktop APIs load test 50k	START	1699617764819
REQUEST		agent-config api load 10 nov 50k	1699617764699	1699617764828	OK	 
USER	Desktop APIs load test 50k	END	1699617764829
USER	Desktop APIs load test 50k	START	1699617764859
REQUEST		agent-config api load 10 nov 50k	1699617764739	1699617764868	OK	 
USER	Desktop APIs load test 50k	END	1699617764869
USER	Desktop APIs load test 50k	START	1699617764899
REQUEST		agent-config api load 10 nov 50k	1699617764779	1699617764910	OK	 
USER	Desktop APIs load test 50k	END	1699617764911
USER	Desktop APIs load test 50k	START	1699617764939
REQUEST		agent-config api load 10 nov 50k	1699617764819	1699617764952	OK	 
USER	Desktop APIs load test 50k	END	1699617764953
USER	Desktop APIs load test 50k	START	1699617764979
REQUEST		agent-config api load 10 nov 50k	1699617764859	1699617764982	OK	 
USER	Desktop APIs load test 50k	END	1699617764983
USER	Desktop APIs load test 50k	START	1699617765019
REQUEST		agent-config api load 10 nov 50k	1699617764899	1699617765028	OK	 
USER	Desktop APIs load test 50k	END	1699617765029
USER	Desktop APIs load test 50k	START	1699617765059
REQUEST		agent-config api load 10 nov 50k	1699617764939	1699617765068	OK	 
USER	Desktop APIs load test 50k	END	1699617765068
USER	Desktop APIs load test 50k	START	1699617765099
REQUEST		agent-config api load 10 nov 50k	1699617764979	1699617765103	OK	 
USER	Desktop APIs load test 50k	END	1699617765104
USER	Desktop APIs load test 50k	START	1699617765139
REQUEST		agent-config api load 10 nov 50k	1699617765019	1699617765144	OK	 
USER	Desktop APIs load test 50k	END	1699617765145
USER	Desktop APIs load test 50k	START	1699617765179
REQUEST		agent-config api load 10 nov 50k	1699617765059	1699617765185	OK	 
USER	Desktop APIs load test 50k	END	1699617765186
USER	Desktop APIs load test 50k	START	1699617765219
REQUEST		agent-config api load 10 nov 50k	1699617765100	1699617765229	OK	 
USER	Desktop APIs load test 50k	END	1699617765229
USER	Desktop APIs load test 50k	START	1699617765259
REQUEST		agent-config api load 10 nov 50k	1699617765140	1699617765265	OK	 
USER	Desktop APIs load test 50k	END	1699617765266
USER	Desktop APIs load test 50k	START	1699617765299
REQUEST		agent-config api load 10 nov 50k	1699617765179	1699617765311	OK	 
USER	Desktop APIs load test 50k	END	1699617765312
USER	Desktop APIs load test 50k	START	1699617765339
REQUEST		agent-config api load 10 nov 50k	1699617765220	1699617765347	OK	 
USER	Desktop APIs load test 50k	END	1699617765348
USER	Desktop APIs load test 50k	START	1699617765379
REQUEST		agent-config api load 10 nov 50k	1699617765260	1699617765381	OK	 
USER	Desktop APIs load test 50k	END	1699617765381
USER	Desktop APIs load test 50k	START	1699617765419
REQUEST		agent-config api load 10 nov 50k	1699617765300	1699617765431	OK	 
USER	Desktop APIs load test 50k	END	1699617765432
REQUEST		agent-config api load 10 nov 50k	1699617765340	1699617765456	OK	 
USER	Desktop APIs load test 50k	END	1699617765457
USER	Desktop APIs load test 50k	START	1699617765459
USER	Desktop APIs load test 50k	START	1699617765499
REQUEST		agent-config api load 10 nov 50k	1699617765379	1699617765510	OK	 
USER	Desktop APIs load test 50k	END	1699617765510
USER	Desktop APIs load test 50k	START	1699617765539
REQUEST		agent-config api load 10 nov 50k	1699617765420	1699617765546	OK	 
USER	Desktop APIs load test 50k	END	1699617765546
USER	Desktop APIs load test 50k	START	1699617765579
REQUEST		agent-config api load 10 nov 50k	1699617765459	1699617765586	OK	 
USER	Desktop APIs load test 50k	END	1699617765587
USER	Desktop APIs load test 50k	START	1699617765619
REQUEST		agent-config api load 10 nov 50k	1699617765500	1699617765634	OK	 
USER	Desktop APIs load test 50k	END	1699617765634
USER	Desktop APIs load test 50k	START	1699617765659
REQUEST		agent-config api load 10 nov 50k	1699617765539	1699617765670	OK	 
USER	Desktop APIs load test 50k	END	1699617765671
USER	Desktop APIs load test 50k	START	1699617765699
REQUEST		agent-config api load 10 nov 50k	1699617765579	1699617765707	OK	 
USER	Desktop APIs load test 50k	END	1699617765708
USER	Desktop APIs load test 50k	START	1699617765739
REQUEST		agent-config api load 10 nov 50k	1699617765619	1699617765761	OK	 
USER	Desktop APIs load test 50k	END	1699617765762
USER	Desktop APIs load test 50k	START	1699617765779
REQUEST		agent-config api load 10 nov 50k	1699617765659	1699617765788	OK	 
USER	Desktop APIs load test 50k	END	1699617765788
USER	Desktop APIs load test 50k	START	1699617765819
REQUEST		agent-config api load 10 nov 50k	1699617765699	1699617765821	OK	 
USER	Desktop APIs load test 50k	END	1699617765822
USER	Desktop APIs load test 50k	START	1699617765859
REQUEST		agent-config api load 10 nov 50k	1699617765739	1699617765864	OK	 
USER	Desktop APIs load test 50k	END	1699617765865
USER	Desktop APIs load test 50k	START	1699617765899
REQUEST		agent-config api load 10 nov 50k	1699617765779	1699617765905	OK	 
USER	Desktop APIs load test 50k	END	1699617765906
USER	Desktop APIs load test 50k	START	1699617765939
REQUEST		agent-config api load 10 nov 50k	1699617765819	1699617765944	OK	 
USER	Desktop APIs load test 50k	END	1699617765945
USER	Desktop APIs load test 50k	START	1699617765979
REQUEST		agent-config api load 10 nov 50k	1699617765859	1699617765980	OK	 
USER	Desktop APIs load test 50k	END	1699617765981
USER	Desktop APIs load test 50k	START	1699617766019
REQUEST		agent-config api load 10 nov 50k	1699617765899	1699617766024	OK	 
USER	Desktop APIs load test 50k	END	1699617766025
USER	Desktop APIs load test 50k	START	1699617766059
REQUEST		agent-config api load 10 nov 50k	1699617765939	1699617766068	OK	 
USER	Desktop APIs load test 50k	END	1699617766069
USER	Desktop APIs load test 50k	START	1699617766099
REQUEST		agent-config api load 10 nov 50k	1699617765979	1699617766110	OK	 
USER	Desktop APIs load test 50k	END	1699617766111
USER	Desktop APIs load test 50k	START	1699617766139
REQUEST		agent-config api load 10 nov 50k	1699617766019	1699617766149	OK	 
USER	Desktop APIs load test 50k	END	1699617766150
USER	Desktop APIs load test 50k	START	1699617766179
REQUEST		agent-config api load 10 nov 50k	1699617766059	1699617766189	OK	 
USER	Desktop APIs load test 50k	END	1699617766190
USER	Desktop APIs load test 50k	START	1699617766219
REQUEST		agent-config api load 10 nov 50k	1699617766099	1699617766231	OK	 
USER	Desktop APIs load test 50k	END	1699617766231
USER	Desktop APIs load test 50k	START	1699617766259
REQUEST		agent-config api load 10 nov 50k	1699617766139	1699617766295	OK	 
USER	Desktop APIs load test 50k	END	1699617766296
USER	Desktop APIs load test 50k	START	1699617766299
REQUEST		agent-config api load 10 nov 50k	1699617766180	1699617766309	OK	 
USER	Desktop APIs load test 50k	END	1699617766310
USER	Desktop APIs load test 50k	START	1699617766339
REQUEST		agent-config api load 10 nov 50k	1699617766220	1699617766350	OK	 
USER	Desktop APIs load test 50k	END	1699617766350
USER	Desktop APIs load test 50k	START	1699617766379
REQUEST		agent-config api load 10 nov 50k	1699617766259	1699617766416	OK	 
USER	Desktop APIs load test 50k	END	1699617766417
REQUEST		agent-config api load 10 nov 50k	1699617766299	1699617766418	OK	 
USER	Desktop APIs load test 50k	END	1699617766419
USER	Desktop APIs load test 50k	START	1699617766419
USER	Desktop APIs load test 50k	START	1699617766459
REQUEST		agent-config api load 10 nov 50k	1699617766339	1699617766467	OK	 
USER	Desktop APIs load test 50k	END	1699617766468
USER	Desktop APIs load test 50k	START	1699617766499
REQUEST		agent-config api load 10 nov 50k	1699617766379	1699617766503	OK	 
USER	Desktop APIs load test 50k	END	1699617766503
USER	Desktop APIs load test 50k	START	1699617766539
REQUEST		agent-config api load 10 nov 50k	1699617766419	1699617766556	OK	 
USER	Desktop APIs load test 50k	END	1699617766557
USER	Desktop APIs load test 50k	START	1699617766579
REQUEST		agent-config api load 10 nov 50k	1699617766460	1699617766579	OK	 
USER	Desktop APIs load test 50k	END	1699617766580
USER	Desktop APIs load test 50k	START	1699617766619
REQUEST		agent-config api load 10 nov 50k	1699617766500	1699617766632	OK	 
USER	Desktop APIs load test 50k	END	1699617766633
USER	Desktop APIs load test 50k	START	1699617766659
REQUEST		agent-config api load 10 nov 50k	1699617766539	1699617766665	OK	 
USER	Desktop APIs load test 50k	END	1699617766666
USER	Desktop APIs load test 50k	START	1699617766699
REQUEST		agent-config api load 10 nov 50k	1699617766579	1699617766705	OK	 
USER	Desktop APIs load test 50k	END	1699617766706
USER	Desktop APIs load test 50k	START	1699617766739
REQUEST		agent-config api load 10 nov 50k	1699617766619	1699617766748	OK	 
USER	Desktop APIs load test 50k	END	1699617766749
USER	Desktop APIs load test 50k	START	1699617766779
REQUEST		agent-config api load 10 nov 50k	1699617766659	1699617766781	OK	 
USER	Desktop APIs load test 50k	END	1699617766782
USER	Desktop APIs load test 50k	START	1699617766819
REQUEST		agent-config api load 10 nov 50k	1699617766699	1699617766824	OK	 
USER	Desktop APIs load test 50k	END	1699617766824
USER	Desktop APIs load test 50k	START	1699617766859
REQUEST		agent-config api load 10 nov 50k	1699617766739	1699617766867	OK	 
USER	Desktop APIs load test 50k	END	1699617766867
USER	Desktop APIs load test 50k	START	1699617766899
REQUEST		agent-config api load 10 nov 50k	1699617766779	1699617766905	OK	 
USER	Desktop APIs load test 50k	END	1699617766906
USER	Desktop APIs load test 50k	START	1699617766939
REQUEST		agent-config api load 10 nov 50k	1699617766819	1699617766948	OK	 
USER	Desktop APIs load test 50k	END	1699617766948
USER	Desktop APIs load test 50k	START	1699617766979
REQUEST		agent-config api load 10 nov 50k	1699617766859	1699617766988	OK	 
USER	Desktop APIs load test 50k	END	1699617766989
USER	Desktop APIs load test 50k	START	1699617767019
REQUEST		agent-config api load 10 nov 50k	1699617766899	1699617767027	OK	 
USER	Desktop APIs load test 50k	END	1699617767028
USER	Desktop APIs load test 50k	START	1699617767059
REQUEST		agent-config api load 10 nov 50k	1699617766939	1699617767061	OK	 
USER	Desktop APIs load test 50k	END	1699617767062
USER	Desktop APIs load test 50k	START	1699617767099
REQUEST		agent-config api load 10 nov 50k	1699617766979	1699617767103	OK	 
USER	Desktop APIs load test 50k	END	1699617767104
USER	Desktop APIs load test 50k	START	1699617767139
REQUEST		agent-config api load 10 nov 50k	1699617767019	1699617767146	OK	 
USER	Desktop APIs load test 50k	END	1699617767147
USER	Desktop APIs load test 50k	START	1699617767179
REQUEST		agent-config api load 10 nov 50k	1699617767060	1699617767196	OK	 
USER	Desktop APIs load test 50k	END	1699617767197
USER	Desktop APIs load test 50k	START	1699617767219
REQUEST		agent-config api load 10 nov 50k	1699617767100	1699617767229	OK	 
USER	Desktop APIs load test 50k	END	1699617767230
USER	Desktop APIs load test 50k	START	1699617767259
REQUEST		agent-config api load 10 nov 50k	1699617767141	1699617767276	OK	 
USER	Desktop APIs load test 50k	END	1699617767277
USER	Desktop APIs load test 50k	START	1699617767299
REQUEST		agent-config api load 10 nov 50k	1699617767180	1699617767307	OK	 
USER	Desktop APIs load test 50k	END	1699617767308
USER	Desktop APIs load test 50k	START	1699617767339
REQUEST		agent-config api load 10 nov 50k	1699617767220	1699617767356	OK	 
USER	Desktop APIs load test 50k	END	1699617767357
USER	Desktop APIs load test 50k	START	1699617767379
REQUEST		agent-config api load 10 nov 50k	1699617767260	1699617767393	OK	 
USER	Desktop APIs load test 50k	END	1699617767393
USER	Desktop APIs load test 50k	START	1699617767419
REQUEST		agent-config api load 10 nov 50k	1699617767300	1699617767426	OK	 
USER	Desktop APIs load test 50k	END	1699617767427
USER	Desktop APIs load test 50k	START	1699617767459
REQUEST		agent-config api load 10 nov 50k	1699617767340	1699617767473	OK	 
USER	Desktop APIs load test 50k	END	1699617767474
USER	Desktop APIs load test 50k	START	1699617767499
REQUEST		agent-config api load 10 nov 50k	1699617767380	1699617767506	OK	 
USER	Desktop APIs load test 50k	END	1699617767506
USER	Desktop APIs load test 50k	START	1699617767539
REQUEST		agent-config api load 10 nov 50k	1699617767420	1699617767541	OK	 
USER	Desktop APIs load test 50k	END	1699617767542
USER	Desktop APIs load test 50k	START	1699617767579
REQUEST		agent-config api load 10 nov 50k	1699617767460	1699617767588	OK	 
USER	Desktop APIs load test 50k	END	1699617767589
USER	Desktop APIs load test 50k	START	1699617767619
REQUEST		agent-config api load 10 nov 50k	1699617767500	1699617767624	OK	 
USER	Desktop APIs load test 50k	END	1699617767625
USER	Desktop APIs load test 50k	START	1699617767659
REQUEST		agent-config api load 10 nov 50k	1699617767539	1699617767670	OK	 
USER	Desktop APIs load test 50k	END	1699617767671
USER	Desktop APIs load test 50k	START	1699617767699
REQUEST		agent-config api load 10 nov 50k	1699617767579	1699617767705	OK	 
USER	Desktop APIs load test 50k	END	1699617767706
USER	Desktop APIs load test 50k	START	1699617767739
REQUEST		agent-config api load 10 nov 50k	1699617767619	1699617767746	OK	 
USER	Desktop APIs load test 50k	END	1699617767746
USER	Desktop APIs load test 50k	START	1699617767779
REQUEST		agent-config api load 10 nov 50k	1699617767659	1699617767785	OK	 
USER	Desktop APIs load test 50k	END	1699617767785
USER	Desktop APIs load test 50k	START	1699617767819
REQUEST		agent-config api load 10 nov 50k	1699617767699	1699617767824	OK	 
USER	Desktop APIs load test 50k	END	1699617767825
USER	Desktop APIs load test 50k	START	1699617767859
REQUEST		agent-config api load 10 nov 50k	1699617767739	1699617767863	OK	 
USER	Desktop APIs load test 50k	END	1699617767864
USER	Desktop APIs load test 50k	START	1699617767899
REQUEST		agent-config api load 10 nov 50k	1699617767779	1699617767903	OK	 
USER	Desktop APIs load test 50k	END	1699617767904
USER	Desktop APIs load test 50k	START	1699617767939
REQUEST		agent-config api load 10 nov 50k	1699617767819	1699617767945	OK	 
USER	Desktop APIs load test 50k	END	1699617767946
USER	Desktop APIs load test 50k	START	1699617767979
REQUEST		agent-config api load 10 nov 50k	1699617767859	1699617767986	OK	 
USER	Desktop APIs load test 50k	END	1699617767987
USER	Desktop APIs load test 50k	START	1699617768019
REQUEST		agent-config api load 10 nov 50k	1699617767899	1699617768029	OK	 
USER	Desktop APIs load test 50k	END	1699617768030
USER	Desktop APIs load test 50k	START	1699617768059
REQUEST		agent-config api load 10 nov 50k	1699617767939	1699617768065	OK	 
USER	Desktop APIs load test 50k	END	1699617768066
USER	Desktop APIs load test 50k	START	1699617768099
REQUEST		agent-config api load 10 nov 50k	1699617767979	1699617768105	OK	 
USER	Desktop APIs load test 50k	END	1699617768106
USER	Desktop APIs load test 50k	START	1699617768139
REQUEST		agent-config api load 10 nov 50k	1699617768019	1699617768143	OK	 
USER	Desktop APIs load test 50k	END	1699617768144
USER	Desktop APIs load test 50k	START	1699617768179
REQUEST		agent-config api load 10 nov 50k	1699617768059	1699617768189	OK	 
USER	Desktop APIs load test 50k	END	1699617768190
USER	Desktop APIs load test 50k	START	1699617768219
REQUEST		agent-config api load 10 nov 50k	1699617768099	1699617768223	OK	 
USER	Desktop APIs load test 50k	END	1699617768224
USER	Desktop APIs load test 50k	START	1699617768259
REQUEST		agent-config api load 10 nov 50k	1699617768139	1699617768265	OK	 
USER	Desktop APIs load test 50k	END	1699617768266
USER	Desktop APIs load test 50k	START	1699617768299
REQUEST		agent-config api load 10 nov 50k	1699617768179	1699617768301	OK	 
USER	Desktop APIs load test 50k	END	1699617768302
USER	Desktop APIs load test 50k	START	1699617768339
REQUEST		agent-config api load 10 nov 50k	1699617768219	1699617768350	OK	 
USER	Desktop APIs load test 50k	END	1699617768350
USER	Desktop APIs load test 50k	START	1699617768379
REQUEST		agent-config api load 10 nov 50k	1699617768259	1699617768386	OK	 
USER	Desktop APIs load test 50k	END	1699617768387
USER	Desktop APIs load test 50k	START	1699617768419
REQUEST		agent-config api load 10 nov 50k	1699617768299	1699617768425	OK	 
USER	Desktop APIs load test 50k	END	1699617768426
USER	Desktop APIs load test 50k	START	1699617768459
REQUEST		agent-config api load 10 nov 50k	1699617768340	1699617768474	OK	 
USER	Desktop APIs load test 50k	END	1699617768475
USER	Desktop APIs load test 50k	START	1699617768499
REQUEST		agent-config api load 10 nov 50k	1699617768380	1699617768512	OK	 
USER	Desktop APIs load test 50k	END	1699617768513
USER	Desktop APIs load test 50k	START	1699617768539
REQUEST		agent-config api load 10 nov 50k	1699617768420	1699617768561	OK	 
USER	Desktop APIs load test 50k	END	1699617768561
USER	Desktop APIs load test 50k	START	1699617768579
REQUEST		agent-config api load 10 nov 50k	1699617768460	1699617768600	OK	 
USER	Desktop APIs load test 50k	END	1699617768601
USER	Desktop APIs load test 50k	START	1699617768619
REQUEST		agent-config api load 10 nov 50k	1699617768500	1699617768641	OK	 
USER	Desktop APIs load test 50k	END	1699617768641
USER	Desktop APIs load test 50k	START	1699617768659
REQUEST		agent-config api load 10 nov 50k	1699617768539	1699617768675	OK	 
USER	Desktop APIs load test 50k	END	1699617768675
USER	Desktop APIs load test 50k	START	1699617768699
REQUEST		agent-config api load 10 nov 50k	1699617768579	1699617768710	OK	 
USER	Desktop APIs load test 50k	END	1699617768711
USER	Desktop APIs load test 50k	START	1699617768739
REQUEST		agent-config api load 10 nov 50k	1699617768619	1699617768752	OK	 
USER	Desktop APIs load test 50k	END	1699617768753
USER	Desktop APIs load test 50k	START	1699617768779
REQUEST		agent-config api load 10 nov 50k	1699617768659	1699617768792	OK	 
USER	Desktop APIs load test 50k	END	1699617768793
USER	Desktop APIs load test 50k	START	1699617768819
REQUEST		agent-config api load 10 nov 50k	1699617768699	1699617768824	OK	 
USER	Desktop APIs load test 50k	END	1699617768825
USER	Desktop APIs load test 50k	START	1699617768859
REQUEST		agent-config api load 10 nov 50k	1699617768739	1699617768864	OK	 
USER	Desktop APIs load test 50k	END	1699617768864
USER	Desktop APIs load test 50k	START	1699617768899
REQUEST		agent-config api load 10 nov 50k	1699617768779	1699617768900	OK	 
USER	Desktop APIs load test 50k	END	1699617768901
USER	Desktop APIs load test 50k	START	1699617768939
REQUEST		agent-config api load 10 nov 50k	1699617768819	1699617768947	OK	 
USER	Desktop APIs load test 50k	END	1699617768948
USER	Desktop APIs load test 50k	START	1699617768979
REQUEST		agent-config api load 10 nov 50k	1699617768859	1699617768982	OK	 
USER	Desktop APIs load test 50k	END	1699617768983
USER	Desktop APIs load test 50k	START	1699617769019
REQUEST		agent-config api load 10 nov 50k	1699617768899	1699617769028	OK	 
USER	Desktop APIs load test 50k	END	1699617769029
USER	Desktop APIs load test 50k	START	1699617769059
REQUEST		agent-config api load 10 nov 50k	1699617768939	1699617769067	OK	 
USER	Desktop APIs load test 50k	END	1699617769068
REQUEST		agent-config api load 10 nov 50k	1699617768979	1699617769098	OK	 
USER	Desktop APIs load test 50k	END	1699617769099
USER	Desktop APIs load test 50k	START	1699617769099
USER	Desktop APIs load test 50k	START	1699617769139
REQUEST		agent-config api load 10 nov 50k	1699617769020	1699617769140	OK	 
USER	Desktop APIs load test 50k	END	1699617769141
USER	Desktop APIs load test 50k	START	1699617769179
REQUEST		agent-config api load 10 nov 50k	1699617769059	1699617769183	OK	 
USER	Desktop APIs load test 50k	END	1699617769184
USER	Desktop APIs load test 50k	START	1699617769219
REQUEST		agent-config api load 10 nov 50k	1699617769099	1699617769236	OK	 
USER	Desktop APIs load test 50k	END	1699617769237
USER	Desktop APIs load test 50k	START	1699617769259
REQUEST		agent-config api load 10 nov 50k	1699617769140	1699617769263	OK	 
USER	Desktop APIs load test 50k	END	1699617769264
USER	Desktop APIs load test 50k	START	1699617769299
REQUEST		agent-config api load 10 nov 50k	1699617769180	1699617769304	OK	 
USER	Desktop APIs load test 50k	END	1699617769305
USER	Desktop APIs load test 50k	START	1699617769339
REQUEST		agent-config api load 10 nov 50k	1699617769220	1699617769348	OK	 
USER	Desktop APIs load test 50k	END	1699617769349
USER	Desktop APIs load test 50k	START	1699617769379
REQUEST		agent-config api load 10 nov 50k	1699617769259	1699617769382	OK	 
USER	Desktop APIs load test 50k	END	1699617769382
USER	Desktop APIs load test 50k	START	1699617769419
REQUEST		agent-config api load 10 nov 50k	1699617769299	1699617769423	OK	 
USER	Desktop APIs load test 50k	END	1699617769424
REQUEST		agent-config api load 10 nov 50k	1699617769339	1699617769456	OK	 
USER	Desktop APIs load test 50k	END	1699617769456
USER	Desktop APIs load test 50k	START	1699617769459
USER	Desktop APIs load test 50k	START	1699617769499
REQUEST		agent-config api load 10 nov 50k	1699617769380	1699617769508	OK	 
USER	Desktop APIs load test 50k	END	1699617769509
USER	Desktop APIs load test 50k	START	1699617769538
REQUEST		agent-config api load 10 nov 50k	1699617769419	1699617769545	OK	 
USER	Desktop APIs load test 50k	END	1699617769546
USER	Desktop APIs load test 50k	START	1699617769578
REQUEST		agent-config api load 10 nov 50k	1699617769460	1699617769585	OK	 
USER	Desktop APIs load test 50k	END	1699617769586
USER	Desktop APIs load test 50k	START	1699617769618
REQUEST		agent-config api load 10 nov 50k	1699617769500	1699617769628	OK	 
USER	Desktop APIs load test 50k	END	1699617769629
USER	Desktop APIs load test 50k	START	1699617769658
REQUEST		agent-config api load 10 nov 50k	1699617769538	1699617769665	OK	 
USER	Desktop APIs load test 50k	END	1699617769665
USER	Desktop APIs load test 50k	START	1699617769698
REQUEST		agent-config api load 10 nov 50k	1699617769579	1699617769704	OK	 
USER	Desktop APIs load test 50k	END	1699617769705
USER	Desktop APIs load test 50k	START	1699617769738
REQUEST		agent-config api load 10 nov 50k	1699617769619	1699617769748	OK	 
USER	Desktop APIs load test 50k	END	1699617769749
USER	Desktop APIs load test 50k	START	1699617769778
REQUEST		agent-config api load 10 nov 50k	1699617769659	1699617769793	OK	 
USER	Desktop APIs load test 50k	END	1699617769794
USER	Desktop APIs load test 50k	START	1699617769818
REQUEST		agent-config api load 10 nov 50k	1699617769699	1699617769823	OK	 
USER	Desktop APIs load test 50k	END	1699617769824
USER	Desktop APIs load test 50k	START	1699617769858
REQUEST		agent-config api load 10 nov 50k	1699617769739	1699617769864	OK	 
USER	Desktop APIs load test 50k	END	1699617769865
USER	Desktop APIs load test 50k	START	1699617769898
REQUEST		agent-config api load 10 nov 50k	1699617769779	1699617769921	OK	 
USER	Desktop APIs load test 50k	END	1699617769921
USER	Desktop APIs load test 50k	START	1699617769938
REQUEST		agent-config api load 10 nov 50k	1699617769819	1699617769959	OK	 
USER	Desktop APIs load test 50k	END	1699617769960
USER	Desktop APIs load test 50k	START	1699617769978
REQUEST		agent-config api load 10 nov 50k	1699617769859	1699617769983	OK	 
USER	Desktop APIs load test 50k	END	1699617769984
USER	Desktop APIs load test 50k	START	1699617770019
REQUEST		agent-config api load 10 nov 50k	1699617769898	1699617770026	OK	 
USER	Desktop APIs load test 50k	END	1699617770027
USER	Desktop APIs load test 50k	START	1699617770058
REQUEST		agent-config api load 10 nov 50k	1699617769938	1699617770062	OK	 
USER	Desktop APIs load test 50k	END	1699617770063
USER	Desktop APIs load test 50k	START	1699617770098
REQUEST		agent-config api load 10 nov 50k	1699617769978	1699617770103	OK	 
USER	Desktop APIs load test 50k	END	1699617770104
USER	Desktop APIs load test 50k	START	1699617770138
REQUEST		agent-config api load 10 nov 50k	1699617770019	1699617770140	OK	 
USER	Desktop APIs load test 50k	END	1699617770140
USER	Desktop APIs load test 50k	START	1699617770178
REQUEST		agent-config api load 10 nov 50k	1699617770059	1699617770188	OK	 
USER	Desktop APIs load test 50k	END	1699617770189
USER	Desktop APIs load test 50k	START	1699617770218
REQUEST		agent-config api load 10 nov 50k	1699617770099	1699617770230	OK	 
USER	Desktop APIs load test 50k	END	1699617770231
USER	Desktop APIs load test 50k	START	1699617770260
REQUEST		agent-config api load 10 nov 50k	1699617770139	1699617770262	OK	 
USER	Desktop APIs load test 50k	END	1699617770262
USER	Desktop APIs load test 50k	START	1699617770298
REQUEST		agent-config api load 10 nov 50k	1699617770179	1699617770304	OK	 
USER	Desktop APIs load test 50k	END	1699617770305
USER	Desktop APIs load test 50k	START	1699617770339
REQUEST		agent-config api load 10 nov 50k	1699617770219	1699617770355	OK	 
USER	Desktop APIs load test 50k	END	1699617770355
USER	Desktop APIs load test 50k	START	1699617770378
REQUEST		agent-config api load 10 nov 50k	1699617770261	1699617770389	OK	 
USER	Desktop APIs load test 50k	END	1699617770389
USER	Desktop APIs load test 50k	START	1699617770418
REQUEST		agent-config api load 10 nov 50k	1699617770299	1699617770425	OK	 
USER	Desktop APIs load test 50k	END	1699617770425
USER	Desktop APIs load test 50k	START	1699617770459
REQUEST		agent-config api load 10 nov 50k	1699617770339	1699617770465	OK	 
USER	Desktop APIs load test 50k	END	1699617770466
USER	Desktop APIs load test 50k	START	1699617770498
REQUEST		agent-config api load 10 nov 50k	1699617770379	1699617770499	OK	 
USER	Desktop APIs load test 50k	END	1699617770500
REQUEST		agent-config api load 10 nov 50k	1699617770419	1699617770536	OK	 
USER	Desktop APIs load test 50k	END	1699617770537
USER	Desktop APIs load test 50k	START	1699617770539
USER	Desktop APIs load test 50k	START	1699617770579
REQUEST		agent-config api load 10 nov 50k	1699617770459	1699617770593	OK	 
USER	Desktop APIs load test 50k	END	1699617770594
USER	Desktop APIs load test 50k	START	1699617770619
REQUEST		agent-config api load 10 nov 50k	1699617770499	1699617770631	OK	 
USER	Desktop APIs load test 50k	END	1699617770632
USER	Desktop APIs load test 50k	START	1699617770659
REQUEST		agent-config api load 10 nov 50k	1699617770539	1699617770664	OK	 
USER	Desktop APIs load test 50k	END	1699617770664
USER	Desktop APIs load test 50k	START	1699617770699
REQUEST		agent-config api load 10 nov 50k	1699617770579	1699617770707	OK	 
USER	Desktop APIs load test 50k	END	1699617770707
USER	Desktop APIs load test 50k	START	1699617770739
REQUEST		agent-config api load 10 nov 50k	1699617770619	1699617770744	OK	 
USER	Desktop APIs load test 50k	END	1699617770745
USER	Desktop APIs load test 50k	START	1699617770779
REQUEST		agent-config api load 10 nov 50k	1699617770659	1699617770796	OK	 
USER	Desktop APIs load test 50k	END	1699617770797
USER	Desktop APIs load test 50k	START	1699617770819
REQUEST		agent-config api load 10 nov 50k	1699617770699	1699617770824	OK	 
USER	Desktop APIs load test 50k	END	1699617770825
USER	Desktop APIs load test 50k	START	1699617770859
REQUEST		agent-config api load 10 nov 50k	1699617770739	1699617770868	OK	 
USER	Desktop APIs load test 50k	END	1699617770869
USER	Desktop APIs load test 50k	START	1699617770899
REQUEST		agent-config api load 10 nov 50k	1699617770779	1699617770906	OK	 
USER	Desktop APIs load test 50k	END	1699617770907
USER	Desktop APIs load test 50k	START	1699617770939
USER	Desktop APIs load test 50k	START	1699617770979
REQUEST		agent-config api load 10 nov 50k	1699617770859	1699617770982	OK	 
USER	Desktop APIs load test 50k	END	1699617770983
REQUEST		agent-config api load 10 nov 50k	1699617770819	1699617771018	OK	 
USER	Desktop APIs load test 50k	END	1699617771019
USER	Desktop APIs load test 50k	START	1699617771019
REQUEST		agent-config api load 10 nov 50k	1699617770899	1699617771026	OK	 
USER	Desktop APIs load test 50k	END	1699617771026
USER	Desktop APIs load test 50k	START	1699617771059
REQUEST		agent-config api load 10 nov 50k	1699617770939	1699617771065	OK	 
USER	Desktop APIs load test 50k	END	1699617771065
USER	Desktop APIs load test 50k	START	1699617771099
REQUEST		agent-config api load 10 nov 50k	1699617770980	1699617771107	OK	 
USER	Desktop APIs load test 50k	END	1699617771109
USER	Desktop APIs load test 50k	START	1699617771139
REQUEST		agent-config api load 10 nov 50k	1699617771020	1699617771147	OK	 
USER	Desktop APIs load test 50k	END	1699617771148
USER	Desktop APIs load test 50k	START	1699617771179
REQUEST		agent-config api load 10 nov 50k	1699617771060	1699617771195	OK	 
USER	Desktop APIs load test 50k	END	1699617771196
USER	Desktop APIs load test 50k	START	1699617771219
REQUEST		agent-config api load 10 nov 50k	1699617771100	1699617771225	OK	 
USER	Desktop APIs load test 50k	END	1699617771226
USER	Desktop APIs load test 50k	START	1699617771259
REQUEST		agent-config api load 10 nov 50k	1699617771139	1699617771270	OK	 
USER	Desktop APIs load test 50k	END	1699617771270
USER	Desktop APIs load test 50k	START	1699617771299
REQUEST		agent-config api load 10 nov 50k	1699617771179	1699617771304	OK	 
USER	Desktop APIs load test 50k	END	1699617771304
USER	Desktop APIs load test 50k	START	1699617771339
REQUEST		agent-config api load 10 nov 50k	1699617771219	1699617771347	OK	 
USER	Desktop APIs load test 50k	END	1699617771348
USER	Desktop APIs load test 50k	START	1699617771379
REQUEST		agent-config api load 10 nov 50k	1699617771260	1699617771389	OK	 
USER	Desktop APIs load test 50k	END	1699617771390
USER	Desktop APIs load test 50k	START	1699617771419
REQUEST		agent-config api load 10 nov 50k	1699617771299	1699617771422	OK	 
USER	Desktop APIs load test 50k	END	1699617771423
USER	Desktop APIs load test 50k	START	1699617771459
REQUEST		agent-config api load 10 nov 50k	1699617771339	1699617771481	OK	 
USER	Desktop APIs load test 50k	END	1699617771481
USER	Desktop APIs load test 50k	START	1699617771499
REQUEST		agent-config api load 10 nov 50k	1699617771380	1699617771531	OK	 
USER	Desktop APIs load test 50k	END	1699617771532
USER	Desktop APIs load test 50k	START	1699617771538
REQUEST		agent-config api load 10 nov 50k	1699617771419	1699617771553	OK	 
USER	Desktop APIs load test 50k	END	1699617771554
USER	Desktop APIs load test 50k	START	1699617771578
REQUEST		agent-config api load 10 nov 50k	1699617771460	1699617771591	OK	 
USER	Desktop APIs load test 50k	END	1699617771592
USER	Desktop APIs load test 50k	START	1699617771619
REQUEST		agent-config api load 10 nov 50k	1699617771499	1699617771621	OK	 
USER	Desktop APIs load test 50k	END	1699617771621
REQUEST		agent-config api load 10 nov 50k	1699617771538	1699617771659	OK	 
USER	Desktop APIs load test 50k	END	1699617771659
USER	Desktop APIs load test 50k	START	1699617771659
USER	Desktop APIs load test 50k	START	1699617771698
REQUEST		agent-config api load 10 nov 50k	1699617771578	1699617771706	OK	 
USER	Desktop APIs load test 50k	END	1699617771707
USER	Desktop APIs load test 50k	START	1699617771739
REQUEST		agent-config api load 10 nov 50k	1699617771619	1699617771749	OK	 
USER	Desktop APIs load test 50k	END	1699617771750
USER	Desktop APIs load test 50k	START	1699617771779
REQUEST		agent-config api load 10 nov 50k	1699617771659	1699617771783	OK	 
USER	Desktop APIs load test 50k	END	1699617771784
USER	Desktop APIs load test 50k	START	1699617771818
REQUEST		agent-config api load 10 nov 50k	1699617771699	1699617771829	OK	 
USER	Desktop APIs load test 50k	END	1699617771829
USER	Desktop APIs load test 50k	START	1699617771858
REQUEST		agent-config api load 10 nov 50k	1699617771739	1699617771860	OK	 
USER	Desktop APIs load test 50k	END	1699617771861
REQUEST		agent-config api load 10 nov 50k	1699617771779	1699617771897	OK	 
USER	Desktop APIs load test 50k	END	1699617771898
USER	Desktop APIs load test 50k	START	1699617771898
USER	Desktop APIs load test 50k	START	1699617771939
REQUEST		agent-config api load 10 nov 50k	1699617771819	1699617771948	OK	 
USER	Desktop APIs load test 50k	END	1699617771949
USER	Desktop APIs load test 50k	START	1699617771978
REQUEST		agent-config api load 10 nov 50k	1699617771859	1699617771981	OK	 
USER	Desktop APIs load test 50k	END	1699617771982
USER	Desktop APIs load test 50k	START	1699617772019
REQUEST		agent-config api load 10 nov 50k	1699617771899	1699617772031	OK	 
USER	Desktop APIs load test 50k	END	1699617772032
USER	Desktop APIs load test 50k	START	1699617772058
REQUEST		agent-config api load 10 nov 50k	1699617771939	1699617772069	OK	 
USER	Desktop APIs load test 50k	END	1699617772070
USER	Desktop APIs load test 50k	START	1699617772099
REQUEST		agent-config api load 10 nov 50k	1699617771979	1699617772110	OK	 
USER	Desktop APIs load test 50k	END	1699617772110
USER	Desktop APIs load test 50k	START	1699617772138
REQUEST		agent-config api load 10 nov 50k	1699617772019	1699617772142	OK	 
USER	Desktop APIs load test 50k	END	1699617772143
USER	Desktop APIs load test 50k	START	1699617772178
REQUEST		agent-config api load 10 nov 50k	1699617772059	1699617772186	OK	 
USER	Desktop APIs load test 50k	END	1699617772187
USER	Desktop APIs load test 50k	START	1699617772218
REQUEST		agent-config api load 10 nov 50k	1699617772099	1699617772228	OK	 
USER	Desktop APIs load test 50k	END	1699617772229
USER	Desktop APIs load test 50k	START	1699617772259
REQUEST		agent-config api load 10 nov 50k	1699617772139	1699617772264	OK	 
USER	Desktop APIs load test 50k	END	1699617772265
USER	Desktop APIs load test 50k	START	1699617772299
REQUEST		agent-config api load 10 nov 50k	1699617772179	1699617772308	OK	 
USER	Desktop APIs load test 50k	END	1699617772309
USER	Desktop APIs load test 50k	START	1699617772338
REQUEST		agent-config api load 10 nov 50k	1699617772219	1699617772355	OK	 
USER	Desktop APIs load test 50k	END	1699617772356
USER	Desktop APIs load test 50k	START	1699617772379
REQUEST		agent-config api load 10 nov 50k	1699617772259	1699617772382	OK	 
USER	Desktop APIs load test 50k	END	1699617772383
USER	Desktop APIs load test 50k	START	1699617772419
REQUEST		agent-config api load 10 nov 50k	1699617772299	1699617772428	OK	 
USER	Desktop APIs load test 50k	END	1699617772429
USER	Desktop APIs load test 50k	START	1699617772458
REQUEST		agent-config api load 10 nov 50k	1699617772339	1699617772469	OK	 
USER	Desktop APIs load test 50k	END	1699617772470
USER	Desktop APIs load test 50k	START	1699617772498
REQUEST		agent-config api load 10 nov 50k	1699617772379	1699617772503	OK	 
USER	Desktop APIs load test 50k	END	1699617772504
USER	Desktop APIs load test 50k	START	1699617772539
REQUEST		agent-config api load 10 nov 50k	1699617772419	1699617772542	OK	 
USER	Desktop APIs load test 50k	END	1699617772543
USER	Desktop APIs load test 50k	START	1699617772579
REQUEST		agent-config api load 10 nov 50k	1699617772459	1699617772588	OK	 
USER	Desktop APIs load test 50k	END	1699617772589
USER	Desktop APIs load test 50k	START	1699617772619
REQUEST		agent-config api load 10 nov 50k	1699617772499	1699617772621	OK	 
USER	Desktop APIs load test 50k	END	1699617772621
USER	Desktop APIs load test 50k	START	1699617772659
REQUEST		agent-config api load 10 nov 50k	1699617772539	1699617772661	OK	 
USER	Desktop APIs load test 50k	END	1699617772662
USER	Desktop APIs load test 50k	START	1699617772699
REQUEST		agent-config api load 10 nov 50k	1699617772579	1699617772705	OK	 
USER	Desktop APIs load test 50k	END	1699617772706
USER	Desktop APIs load test 50k	START	1699617772739
REQUEST		agent-config api load 10 nov 50k	1699617772619	1699617772751	OK	 
USER	Desktop APIs load test 50k	END	1699617772752
USER	Desktop APIs load test 50k	START	1699617772779
REQUEST		agent-config api load 10 nov 50k	1699617772659	1699617772786	OK	 
USER	Desktop APIs load test 50k	END	1699617772787
USER	Desktop APIs load test 50k	START	1699617772819
REQUEST		agent-config api load 10 nov 50k	1699617772699	1699617772833	OK	 
USER	Desktop APIs load test 50k	END	1699617772833
USER	Desktop APIs load test 50k	START	1699617772859
REQUEST		agent-config api load 10 nov 50k	1699617772739	1699617772868	OK	 
USER	Desktop APIs load test 50k	END	1699617772869
USER	Desktop APIs load test 50k	START	1699617772899
REQUEST		agent-config api load 10 nov 50k	1699617772779	1699617772900	OK	 
USER	Desktop APIs load test 50k	END	1699617772901
USER	Desktop APIs load test 50k	START	1699617772939
REQUEST		agent-config api load 10 nov 50k	1699617772819	1699617772940	OK	 
USER	Desktop APIs load test 50k	END	1699617772941
REQUEST		agent-config api load 10 nov 50k	1699617772859	1699617772977	OK	 
USER	Desktop APIs load test 50k	END	1699617772978
USER	Desktop APIs load test 50k	START	1699617772979
USER	Desktop APIs load test 50k	START	1699617773019
REQUEST		agent-config api load 10 nov 50k	1699617772899	1699617773023	OK	 
USER	Desktop APIs load test 50k	END	1699617773023
USER	Desktop APIs load test 50k	START	1699617773059
REQUEST		agent-config api load 10 nov 50k	1699617772939	1699617773070	OK	 
USER	Desktop APIs load test 50k	END	1699617773071
USER	Desktop APIs load test 50k	START	1699617773099
REQUEST		agent-config api load 10 nov 50k	1699617772979	1699617773104	OK	 
USER	Desktop APIs load test 50k	END	1699617773105
USER	Desktop APIs load test 50k	START	1699617773139
REQUEST		agent-config api load 10 nov 50k	1699617773019	1699617773149	OK	 
USER	Desktop APIs load test 50k	END	1699617773150
USER	Desktop APIs load test 50k	START	1699617773179
REQUEST		agent-config api load 10 nov 50k	1699617773059	1699617773184	OK	 
USER	Desktop APIs load test 50k	END	1699617773185
USER	Desktop APIs load test 50k	START	1699617773219
REQUEST		agent-config api load 10 nov 50k	1699617773099	1699617773232	OK	 
USER	Desktop APIs load test 50k	END	1699617773232
USER	Desktop APIs load test 50k	START	1699617773259
REQUEST		agent-config api load 10 nov 50k	1699617773139	1699617773262	OK	 
USER	Desktop APIs load test 50k	END	1699617773262
USER	Desktop APIs load test 50k	START	1699617773299
REQUEST		agent-config api load 10 nov 50k	1699617773179	1699617773313	OK	 
USER	Desktop APIs load test 50k	END	1699617773313
USER	Desktop APIs load test 50k	START	1699617773339
REQUEST		agent-config api load 10 nov 50k	1699617773219	1699617773354	OK	 
USER	Desktop APIs load test 50k	END	1699617773354
USER	Desktop APIs load test 50k	START	1699617773379
REQUEST		agent-config api load 10 nov 50k	1699617773259	1699617773389	OK	 
USER	Desktop APIs load test 50k	END	1699617773390
USER	Desktop APIs load test 50k	START	1699617773419
REQUEST		agent-config api load 10 nov 50k	1699617773299	1699617773425	OK	 
USER	Desktop APIs load test 50k	END	1699617773426
USER	Desktop APIs load test 50k	START	1699617773459
REQUEST		agent-config api load 10 nov 50k	1699617773339	1699617773466	OK	 
USER	Desktop APIs load test 50k	END	1699617773467
USER	Desktop APIs load test 50k	START	1699617773499
REQUEST		agent-config api load 10 nov 50k	1699617773379	1699617773517	OK	 
USER	Desktop APIs load test 50k	END	1699617773517
USER	Desktop APIs load test 50k	START	1699617773539
REQUEST		agent-config api load 10 nov 50k	1699617773419	1699617773548	OK	 
USER	Desktop APIs load test 50k	END	1699617773549
USER	Desktop APIs load test 50k	START	1699617773579
REQUEST		agent-config api load 10 nov 50k	1699617773460	1699617773587	OK	 
USER	Desktop APIs load test 50k	END	1699617773588
USER	Desktop APIs load test 50k	START	1699617773619
REQUEST		agent-config api load 10 nov 50k	1699617773499	1699617773637	OK	 
USER	Desktop APIs load test 50k	END	1699617773638
USER	Desktop APIs load test 50k	START	1699617773659
REQUEST		agent-config api load 10 nov 50k	1699617773539	1699617773663	OK	 
USER	Desktop APIs load test 50k	END	1699617773663
USER	Desktop APIs load test 50k	START	1699617773699
REQUEST		agent-config api load 10 nov 50k	1699617773579	1699617773716	OK	 
USER	Desktop APIs load test 50k	END	1699617773717
USER	Desktop APIs load test 50k	START	1699617773739
REQUEST		agent-config api load 10 nov 50k	1699617773619	1699617773749	OK	 
USER	Desktop APIs load test 50k	END	1699617773749
REQUEST		agent-config api load 10 nov 50k	1699617773659	1699617773778	OK	 
USER	Desktop APIs load test 50k	END	1699617773779
USER	Desktop APIs load test 50k	START	1699617773779
USER	Desktop APIs load test 50k	START	1699617773819
REQUEST		agent-config api load 10 nov 50k	1699617773699	1699617773833	OK	 
USER	Desktop APIs load test 50k	END	1699617773833
REQUEST		agent-config api load 10 nov 50k	1699617773739	1699617773858	OK	 
USER	Desktop APIs load test 50k	END	1699617773858
USER	Desktop APIs load test 50k	START	1699617773859
USER	Desktop APIs load test 50k	START	1699617773899
REQUEST		agent-config api load 10 nov 50k	1699617773779	1699617773906	OK	 
USER	Desktop APIs load test 50k	END	1699617773907
USER	Desktop APIs load test 50k	START	1699617773939
REQUEST		agent-config api load 10 nov 50k	1699617773819	1699617773950	OK	 
USER	Desktop APIs load test 50k	END	1699617773950
USER	Desktop APIs load test 50k	START	1699617773979
REQUEST		agent-config api load 10 nov 50k	1699617773859	1699617773988	OK	 
USER	Desktop APIs load test 50k	END	1699617773988
USER	Desktop APIs load test 50k	START	1699617774019
REQUEST		agent-config api load 10 nov 50k	1699617773899	1699617774024	OK	 
USER	Desktop APIs load test 50k	END	1699617774025
USER	Desktop APIs load test 50k	START	1699617774059
REQUEST		agent-config api load 10 nov 50k	1699617773939	1699617774064	OK	 
USER	Desktop APIs load test 50k	END	1699617774065
USER	Desktop APIs load test 50k	START	1699617774099
REQUEST		agent-config api load 10 nov 50k	1699617773979	1699617774105	OK	 
USER	Desktop APIs load test 50k	END	1699617774106
USER	Desktop APIs load test 50k	START	1699617774139
REQUEST		agent-config api load 10 nov 50k	1699617774019	1699617774144	OK	 
USER	Desktop APIs load test 50k	END	1699617774145
USER	Desktop APIs load test 50k	START	1699617774179
REQUEST		agent-config api load 10 nov 50k	1699617774059	1699617774186	OK	 
USER	Desktop APIs load test 50k	END	1699617774187
USER	Desktop APIs load test 50k	START	1699617774219
REQUEST		agent-config api load 10 nov 50k	1699617774099	1699617774231	OK	 
USER	Desktop APIs load test 50k	END	1699617774231
USER	Desktop APIs load test 50k	START	1699617774259
REQUEST		agent-config api load 10 nov 50k	1699617774139	1699617774273	OK	 
USER	Desktop APIs load test 50k	END	1699617774274
USER	Desktop APIs load test 50k	START	1699617774299
REQUEST		agent-config api load 10 nov 50k	1699617774179	1699617774307	OK	 
USER	Desktop APIs load test 50k	END	1699617774307
USER	Desktop APIs load test 50k	START	1699617774339
REQUEST		agent-config api load 10 nov 50k	1699617774219	1699617774345	OK	 
USER	Desktop APIs load test 50k	END	1699617774346
USER	Desktop APIs load test 50k	START	1699617774379
REQUEST		agent-config api load 10 nov 50k	1699617774259	1699617774384	OK	 
USER	Desktop APIs load test 50k	END	1699617774385
USER	Desktop APIs load test 50k	START	1699617774419
REQUEST		agent-config api load 10 nov 50k	1699617774299	1699617774429	OK	 
USER	Desktop APIs load test 50k	END	1699617774430
REQUEST		agent-config api load 10 nov 50k	1699617774339	1699617774458	OK	 
USER	Desktop APIs load test 50k	END	1699617774458
USER	Desktop APIs load test 50k	START	1699617774459
USER	Desktop APIs load test 50k	START	1699617774499
REQUEST		agent-config api load 10 nov 50k	1699617774379	1699617774507	OK	 
USER	Desktop APIs load test 50k	END	1699617774507
USER	Desktop APIs load test 50k	START	1699617774539
REQUEST		agent-config api load 10 nov 50k	1699617774419	1699617774542	OK	 
USER	Desktop APIs load test 50k	END	1699617774542
USER	Desktop APIs load test 50k	START	1699617774579
REQUEST		agent-config api load 10 nov 50k	1699617774459	1699617774588	OK	 
USER	Desktop APIs load test 50k	END	1699617774589
USER	Desktop APIs load test 50k	START	1699617774619
REQUEST		agent-config api load 10 nov 50k	1699617774499	1699617774631	OK	 
USER	Desktop APIs load test 50k	END	1699617774632
USER	Desktop APIs load test 50k	START	1699617774659
REQUEST		agent-config api load 10 nov 50k	1699617774539	1699617774675	OK	 
USER	Desktop APIs load test 50k	END	1699617774675
USER	Desktop APIs load test 50k	START	1699617774699
REQUEST		agent-config api load 10 nov 50k	1699617774579	1699617774704	OK	 
USER	Desktop APIs load test 50k	END	1699617774705
USER	Desktop APIs load test 50k	START	1699617774739
REQUEST		agent-config api load 10 nov 50k	1699617774619	1699617774746	OK	 
USER	Desktop APIs load test 50k	END	1699617774746
USER	Desktop APIs load test 50k	START	1699617774779
REQUEST		agent-config api load 10 nov 50k	1699617774659	1699617774789	OK	 
USER	Desktop APIs load test 50k	END	1699617774789
USER	Desktop APIs load test 50k	START	1699617774819
REQUEST		agent-config api load 10 nov 50k	1699617774699	1699617774832	OK	 
USER	Desktop APIs load test 50k	END	1699617774833
USER	Desktop APIs load test 50k	START	1699617774859
REQUEST		agent-config api load 10 nov 50k	1699617774739	1699617774869	OK	 
USER	Desktop APIs load test 50k	END	1699617774870
USER	Desktop APIs load test 50k	START	1699617774899
REQUEST		agent-config api load 10 nov 50k	1699617774779	1699617774903	OK	 
USER	Desktop APIs load test 50k	END	1699617774904
USER	Desktop APIs load test 50k	START	1699617774939
REQUEST		agent-config api load 10 nov 50k	1699617774819	1699617774945	OK	 
USER	Desktop APIs load test 50k	END	1699617774946
USER	Desktop APIs load test 50k	START	1699617774979
REQUEST		agent-config api load 10 nov 50k	1699617774859	1699617774986	OK	 
USER	Desktop APIs load test 50k	END	1699617774986
USER	Desktop APIs load test 50k	START	1699617775019
REQUEST		agent-config api load 10 nov 50k	1699617774899	1699617775024	OK	 
USER	Desktop APIs load test 50k	END	1699617775025
REQUEST		agent-config api load 10 nov 50k	1699617774939	1699617775058	OK	 
USER	Desktop APIs load test 50k	END	1699617775059
USER	Desktop APIs load test 50k	START	1699617775059
USER	Desktop APIs load test 50k	START	1699617775099
REQUEST		agent-config api load 10 nov 50k	1699617774979	1699617775117	OK	 
USER	Desktop APIs load test 50k	END	1699617775117
USER	Desktop APIs load test 50k	START	1699617775139
REQUEST		agent-config api load 10 nov 50k	1699617775019	1699617775145	OK	 
USER	Desktop APIs load test 50k	END	1699617775145
USER	Desktop APIs load test 50k	START	1699617775179
REQUEST		agent-config api load 10 nov 50k	1699617775059	1699617775191	OK	 
USER	Desktop APIs load test 50k	END	1699617775192
USER	Desktop APIs load test 50k	START	1699617775219
REQUEST		agent-config api load 10 nov 50k	1699617775099	1699617775222	OK	 
USER	Desktop APIs load test 50k	END	1699617775222
USER	Desktop APIs load test 50k	START	1699617775259
REQUEST		agent-config api load 10 nov 50k	1699617775139	1699617775262	OK	 
USER	Desktop APIs load test 50k	END	1699617775263
USER	Desktop APIs load test 50k	START	1699617775299
REQUEST		agent-config api load 10 nov 50k	1699617775179	1699617775306	OK	 
USER	Desktop APIs load test 50k	END	1699617775306
USER	Desktop APIs load test 50k	START	1699617775339
REQUEST		agent-config api load 10 nov 50k	1699617775219	1699617775343	OK	 
USER	Desktop APIs load test 50k	END	1699617775344
USER	Desktop APIs load test 50k	START	1699617775379
REQUEST		agent-config api load 10 nov 50k	1699617775259	1699617775392	OK	 
USER	Desktop APIs load test 50k	END	1699617775393
USER	Desktop APIs load test 50k	START	1699617775419
USER	Desktop APIs load test 50k	START	1699617775459
REQUEST		agent-config api load 10 nov 50k	1699617775299	1699617775466	OK	 
USER	Desktop APIs load test 50k	END	1699617775467
REQUEST		agent-config api load 10 nov 50k	1699617775339	1699617775474	OK	 
USER	Desktop APIs load test 50k	END	1699617775475
USER	Desktop APIs load test 50k	START	1699617775499
REQUEST		agent-config api load 10 nov 50k	1699617775379	1699617775522	OK	 
USER	Desktop APIs load test 50k	END	1699617775523
USER	Desktop APIs load test 50k	START	1699617775538
REQUEST		agent-config api load 10 nov 50k	1699617775419	1699617775546	OK	 
USER	Desktop APIs load test 50k	END	1699617775547
REQUEST		agent-config api load 10 nov 50k	1699617775459	1699617775578	OK	 
USER	Desktop APIs load test 50k	END	1699617775579
USER	Desktop APIs load test 50k	START	1699617775579
USER	Desktop APIs load test 50k	START	1699617775618
REQUEST		agent-config api load 10 nov 50k	1699617775499	1699617775628	OK	 
USER	Desktop APIs load test 50k	END	1699617775628
USER	Desktop APIs load test 50k	START	1699617775658
REQUEST		agent-config api load 10 nov 50k	1699617775538	1699617775659	OK	 
USER	Desktop APIs load test 50k	END	1699617775660
USER	Desktop APIs load test 50k	START	1699617775698
REQUEST		agent-config api load 10 nov 50k	1699617775579	1699617775705	OK	 
USER	Desktop APIs load test 50k	END	1699617775706
USER	Desktop APIs load test 50k	START	1699617775738
REQUEST		agent-config api load 10 nov 50k	1699617775619	1699617775747	OK	 
USER	Desktop APIs load test 50k	END	1699617775748
USER	Desktop APIs load test 50k	START	1699617775778
REQUEST		agent-config api load 10 nov 50k	1699617775659	1699617775788	OK	 
USER	Desktop APIs load test 50k	END	1699617775789
USER	Desktop APIs load test 50k	START	1699617775818
REQUEST		agent-config api load 10 nov 50k	1699617775699	1699617775829	OK	 
USER	Desktop APIs load test 50k	END	1699617775830
USER	Desktop APIs load test 50k	START	1699617775858
REQUEST		agent-config api load 10 nov 50k	1699617775739	1699617775863	OK	 
USER	Desktop APIs load test 50k	END	1699617775864
USER	Desktop APIs load test 50k	START	1699617775898
REQUEST		agent-config api load 10 nov 50k	1699617775779	1699617775902	OK	 
USER	Desktop APIs load test 50k	END	1699617775903
USER	Desktop APIs load test 50k	START	1699617775938
REQUEST		agent-config api load 10 nov 50k	1699617775819	1699617775947	OK	 
USER	Desktop APIs load test 50k	END	1699617775948
USER	Desktop APIs load test 50k	START	1699617775978
REQUEST		agent-config api load 10 nov 50k	1699617775859	1699617775987	OK	 
USER	Desktop APIs load test 50k	END	1699617775988
USER	Desktop APIs load test 50k	START	1699617776018
REQUEST		agent-config api load 10 nov 50k	1699617775899	1699617776031	OK	 
USER	Desktop APIs load test 50k	END	1699617776031
USER	Desktop APIs load test 50k	START	1699617776058
REQUEST		agent-config api load 10 nov 50k	1699617775939	1699617776068	OK	 
USER	Desktop APIs load test 50k	END	1699617776068
USER	Desktop APIs load test 50k	START	1699617776099
REQUEST		agent-config api load 10 nov 50k	1699617775979	1699617776109	OK	 
USER	Desktop APIs load test 50k	END	1699617776110
USER	Desktop APIs load test 50k	START	1699617776139
REQUEST		agent-config api load 10 nov 50k	1699617776019	1699617776142	OK	 
USER	Desktop APIs load test 50k	END	1699617776143
REQUEST		agent-config api load 10 nov 50k	1699617776059	1699617776178	OK	 
USER	Desktop APIs load test 50k	END	1699617776179
USER	Desktop APIs load test 50k	START	1699617776178
USER	Desktop APIs load test 50k	START	1699617776218
REQUEST		agent-config api load 10 nov 50k	1699617776099	1699617776225	OK	 
USER	Desktop APIs load test 50k	END	1699617776225
USER	Desktop APIs load test 50k	START	1699617776259
REQUEST		agent-config api load 10 nov 50k	1699617776139	1699617776271	OK	 
USER	Desktop APIs load test 50k	END	1699617776272
USER	Desktop APIs load test 50k	START	1699617776298
REQUEST		agent-config api load 10 nov 50k	1699617776179	1699617776326	OK	 
USER	Desktop APIs load test 50k	END	1699617776327
REQUEST		agent-config api load 10 nov 50k	1699617776219	1699617776334	OK	 
USER	Desktop APIs load test 50k	END	1699617776334
USER	Desktop APIs load test 50k	START	1699617776338
USER	Desktop APIs load test 50k	START	1699617776378
REQUEST		agent-config api load 10 nov 50k	1699617776259	1699617776394	OK	 
USER	Desktop APIs load test 50k	END	1699617776395
USER	Desktop APIs load test 50k	START	1699617776418
REQUEST		agent-config api load 10 nov 50k	1699617776299	1699617776421	OK	 
USER	Desktop APIs load test 50k	END	1699617776422
USER	Desktop APIs load test 50k	START	1699617776459
REQUEST		agent-config api load 10 nov 50k	1699617776339	1699617776462	OK	 
USER	Desktop APIs load test 50k	END	1699617776463
USER	Desktop APIs load test 50k	START	1699617776499
REQUEST		agent-config api load 10 nov 50k	1699617776379	1699617776509	OK	 
USER	Desktop APIs load test 50k	END	1699617776510
USER	Desktop APIs load test 50k	START	1699617776539
REQUEST		agent-config api load 10 nov 50k	1699617776419	1699617776548	OK	 
USER	Desktop APIs load test 50k	END	1699617776548
USER	Desktop APIs load test 50k	START	1699617776579
REQUEST		agent-config api load 10 nov 50k	1699617776459	1699617776589	OK	 
USER	Desktop APIs load test 50k	END	1699617776589
USER	Desktop APIs load test 50k	START	1699617776619
REQUEST		agent-config api load 10 nov 50k	1699617776499	1699617776632	OK	 
USER	Desktop APIs load test 50k	END	1699617776632
USER	Desktop APIs load test 50k	START	1699617776659
REQUEST		agent-config api load 10 nov 50k	1699617776539	1699617776665	OK	 
USER	Desktop APIs load test 50k	END	1699617776665
USER	Desktop APIs load test 50k	START	1699617776699
REQUEST		agent-config api load 10 nov 50k	1699617776579	1699617776707	OK	 
USER	Desktop APIs load test 50k	END	1699617776708
USER	Desktop APIs load test 50k	START	1699617776739
REQUEST		agent-config api load 10 nov 50k	1699617776619	1699617776741	OK	 
USER	Desktop APIs load test 50k	END	1699617776741
USER	Desktop APIs load test 50k	START	1699617776779
REQUEST		agent-config api load 10 nov 50k	1699617776659	1699617776790	OK	 
USER	Desktop APIs load test 50k	END	1699617776791
USER	Desktop APIs load test 50k	START	1699617776819
REQUEST		agent-config api load 10 nov 50k	1699617776699	1699617776824	OK	 
USER	Desktop APIs load test 50k	END	1699617776825
USER	Desktop APIs load test 50k	START	1699617776859
REQUEST		agent-config api load 10 nov 50k	1699617776739	1699617776863	OK	 
USER	Desktop APIs load test 50k	END	1699617776863
REQUEST		agent-config api load 10 nov 50k	1699617776779	1699617776897	OK	 
USER	Desktop APIs load test 50k	END	1699617776897
USER	Desktop APIs load test 50k	START	1699617776899
USER	Desktop APIs load test 50k	START	1699617776939
REQUEST		agent-config api load 10 nov 50k	1699617776819	1699617776944	OK	 
USER	Desktop APIs load test 50k	END	1699617776945
USER	Desktop APIs load test 50k	START	1699617776979
REQUEST		agent-config api load 10 nov 50k	1699617776859	1699617776983	OK	 
USER	Desktop APIs load test 50k	END	1699617776984
USER	Desktop APIs load test 50k	START	1699617777019
REQUEST		agent-config api load 10 nov 50k	1699617776899	1699617777031	OK	 
USER	Desktop APIs load test 50k	END	1699617777032
REQUEST		agent-config api load 10 nov 50k	1699617776939	1699617777058	OK	 
USER	Desktop APIs load test 50k	END	1699617777059
USER	Desktop APIs load test 50k	START	1699617777059
USER	Desktop APIs load test 50k	START	1699617777099
REQUEST		agent-config api load 10 nov 50k	1699617776979	1699617777102	OK	 
USER	Desktop APIs load test 50k	END	1699617777103
USER	Desktop APIs load test 50k	START	1699617777139
REQUEST		agent-config api load 10 nov 50k	1699617777019	1699617777163	OK	 
USER	Desktop APIs load test 50k	END	1699617777163
USER	Desktop APIs load test 50k	START	1699617777179
REQUEST		agent-config api load 10 nov 50k	1699617777059	1699617777194	OK	 
USER	Desktop APIs load test 50k	END	1699617777195
USER	Desktop APIs load test 50k	START	1699617777219
REQUEST		agent-config api load 10 nov 50k	1699617777099	1699617777222	OK	 
USER	Desktop APIs load test 50k	END	1699617777223
USER	Desktop APIs load test 50k	START	1699617777259
REQUEST		agent-config api load 10 nov 50k	1699617777139	1699617777264	OK	 
USER	Desktop APIs load test 50k	END	1699617777265
USER	Desktop APIs load test 50k	START	1699617777299
REQUEST		agent-config api load 10 nov 50k	1699617777179	1699617777310	OK	 
USER	Desktop APIs load test 50k	END	1699617777311
USER	Desktop APIs load test 50k	START	1699617777339
REQUEST		agent-config api load 10 nov 50k	1699617777219	1699617777373	OK	 
USER	Desktop APIs load test 50k	END	1699617777374
USER	Desktop APIs load test 50k	START	1699617777379
REQUEST		agent-config api load 10 nov 50k	1699617777259	1699617777384	OK	 
USER	Desktop APIs load test 50k	END	1699617777385
USER	Desktop APIs load test 50k	START	1699617777419
REQUEST		agent-config api load 10 nov 50k	1699617777299	1699617777422	OK	 
USER	Desktop APIs load test 50k	END	1699617777423
USER	Desktop APIs load test 50k	START	1699617777459
REQUEST		agent-config api load 10 nov 50k	1699617777339	1699617777466	OK	 
USER	Desktop APIs load test 50k	END	1699617777467
USER	Desktop APIs load test 50k	START	1699617777499
REQUEST		agent-config api load 10 nov 50k	1699617777379	1699617777506	OK	 
USER	Desktop APIs load test 50k	END	1699617777507
USER	Desktop APIs load test 50k	START	1699617777539
REQUEST		agent-config api load 10 nov 50k	1699617777419	1699617777555	OK	 
USER	Desktop APIs load test 50k	END	1699617777555
USER	Desktop APIs load test 50k	START	1699617777579
REQUEST		agent-config api load 10 nov 50k	1699617777459	1699617777586	OK	 
USER	Desktop APIs load test 50k	END	1699617777587
USER	Desktop APIs load test 50k	START	1699617777619
REQUEST		agent-config api load 10 nov 50k	1699617777499	1699617777624	OK	 
USER	Desktop APIs load test 50k	END	1699617777624
USER	Desktop APIs load test 50k	START	1699617777659
REQUEST		agent-config api load 10 nov 50k	1699617777539	1699617777666	OK	 
USER	Desktop APIs load test 50k	END	1699617777666
USER	Desktop APIs load test 50k	START	1699617777699
REQUEST		agent-config api load 10 nov 50k	1699617777579	1699617777700	OK	 
USER	Desktop APIs load test 50k	END	1699617777700
USER	Desktop APIs load test 50k	START	1699617777739
REQUEST		agent-config api load 10 nov 50k	1699617777619	1699617777755	OK	 
USER	Desktop APIs load test 50k	END	1699617777756
USER	Desktop APIs load test 50k	START	1699617777779
REQUEST		agent-config api load 10 nov 50k	1699617777659	1699617777780	OK	 
USER	Desktop APIs load test 50k	END	1699617777781
USER	Desktop APIs load test 50k	START	1699617777819
REQUEST		agent-config api load 10 nov 50k	1699617777699	1699617777829	OK	 
USER	Desktop APIs load test 50k	END	1699617777830
USER	Desktop APIs load test 50k	START	1699617777859
REQUEST		agent-config api load 10 nov 50k	1699617777739	1699617777867	OK	 
USER	Desktop APIs load test 50k	END	1699617777867
USER	Desktop APIs load test 50k	START	1699617777899
REQUEST		agent-config api load 10 nov 50k	1699617777779	1699617777900	OK	 
USER	Desktop APIs load test 50k	END	1699617777901
USER	Desktop APIs load test 50k	START	1699617777939
REQUEST		agent-config api load 10 nov 50k	1699617777819	1699617777944	OK	 
USER	Desktop APIs load test 50k	END	1699617777944
USER	Desktop APIs load test 50k	START	1699617777979
REQUEST		agent-config api load 10 nov 50k	1699617777859	1699617777989	OK	 
USER	Desktop APIs load test 50k	END	1699617777989
USER	Desktop APIs load test 50k	START	1699617778019
REQUEST		agent-config api load 10 nov 50k	1699617777899	1699617778029	OK	 
USER	Desktop APIs load test 50k	END	1699617778030
USER	Desktop APIs load test 50k	START	1699617778059
REQUEST		agent-config api load 10 nov 50k	1699617777939	1699617778064	OK	 
USER	Desktop APIs load test 50k	END	1699617778065
USER	Desktop APIs load test 50k	START	1699617778099
REQUEST		agent-config api load 10 nov 50k	1699617777979	1699617778110	OK	 
USER	Desktop APIs load test 50k	END	1699617778110
USER	Desktop APIs load test 50k	START	1699617778139
REQUEST		agent-config api load 10 nov 50k	1699617778019	1699617778149	OK	 
USER	Desktop APIs load test 50k	END	1699617778149
USER	Desktop APIs load test 50k	START	1699617778179
REQUEST		agent-config api load 10 nov 50k	1699617778059	1699617778184	OK	 
USER	Desktop APIs load test 50k	END	1699617778184
USER	Desktop APIs load test 50k	START	1699617778219
REQUEST		agent-config api load 10 nov 50k	1699617778099	1699617778224	OK	 
USER	Desktop APIs load test 50k	END	1699617778224
USER	Desktop APIs load test 50k	START	1699617778259
REQUEST		agent-config api load 10 nov 50k	1699617778139	1699617778265	OK	 
USER	Desktop APIs load test 50k	END	1699617778266
USER	Desktop APIs load test 50k	START	1699617778299
REQUEST		agent-config api load 10 nov 50k	1699617778179	1699617778307	OK	 
USER	Desktop APIs load test 50k	END	1699617778307
USER	Desktop APIs load test 50k	START	1699617778339
REQUEST		agent-config api load 10 nov 50k	1699617778219	1699617778342	OK	 
USER	Desktop APIs load test 50k	END	1699617778343
USER	Desktop APIs load test 50k	START	1699617778379
REQUEST		agent-config api load 10 nov 50k	1699617778259	1699617778387	OK	 
USER	Desktop APIs load test 50k	END	1699617778388
USER	Desktop APIs load test 50k	START	1699617778419
REQUEST		agent-config api load 10 nov 50k	1699617778299	1699617778428	OK	 
USER	Desktop APIs load test 50k	END	1699617778429
USER	Desktop APIs load test 50k	START	1699617778459
REQUEST		agent-config api load 10 nov 50k	1699617778339	1699617778470	OK	 
USER	Desktop APIs load test 50k	END	1699617778471
USER	Desktop APIs load test 50k	START	1699617778499
REQUEST		agent-config api load 10 nov 50k	1699617778379	1699617778505	OK	 
USER	Desktop APIs load test 50k	END	1699617778505
USER	Desktop APIs load test 50k	START	1699617778538
REQUEST		agent-config api load 10 nov 50k	1699617778419	1699617778543	OK	 
USER	Desktop APIs load test 50k	END	1699617778544
USER	Desktop APIs load test 50k	START	1699617778578
REQUEST		agent-config api load 10 nov 50k	1699617778459	1699617778586	OK	 
USER	Desktop APIs load test 50k	END	1699617778587
USER	Desktop APIs load test 50k	START	1699617778618
REQUEST		agent-config api load 10 nov 50k	1699617778499	1699617778639	OK	 
USER	Desktop APIs load test 50k	END	1699617778640
USER	Desktop APIs load test 50k	START	1699617778658
REQUEST		agent-config api load 10 nov 50k	1699617778538	1699617778670	OK	 
USER	Desktop APIs load test 50k	END	1699617778671
USER	Desktop APIs load test 50k	START	1699617778698
REQUEST		agent-config api load 10 nov 50k	1699617778579	1699617778706	OK	 
USER	Desktop APIs load test 50k	END	1699617778706
USER	Desktop APIs load test 50k	START	1699617778738
REQUEST		agent-config api load 10 nov 50k	1699617778619	1699617778749	OK	 
USER	Desktop APIs load test 50k	END	1699617778749
REQUEST		agent-config api load 10 nov 50k	1699617778658	1699617778778	OK	 
USER	Desktop APIs load test 50k	END	1699617778778
USER	Desktop APIs load test 50k	START	1699617778778
USER	Desktop APIs load test 50k	START	1699617778818
REQUEST		agent-config api load 10 nov 50k	1699617778698	1699617778825	OK	 
USER	Desktop APIs load test 50k	END	1699617778826
USER	Desktop APIs load test 50k	START	1699617778858
REQUEST		agent-config api load 10 nov 50k	1699617778738	1699617778871	OK	 
USER	Desktop APIs load test 50k	END	1699617778872
USER	Desktop APIs load test 50k	START	1699617778898
REQUEST		agent-config api load 10 nov 50k	1699617778778	1699617778899	OK	 
USER	Desktop APIs load test 50k	END	1699617778900
USER	Desktop APIs load test 50k	START	1699617778938
REQUEST		agent-config api load 10 nov 50k	1699617778819	1699617778943	OK	 
USER	Desktop APIs load test 50k	END	1699617778944
USER	Desktop APIs load test 50k	START	1699617778978
REQUEST		agent-config api load 10 nov 50k	1699617778858	1699617778989	OK	 
USER	Desktop APIs load test 50k	END	1699617778989
USER	Desktop APIs load test 50k	START	1699617779018
REQUEST		agent-config api load 10 nov 50k	1699617778899	1699617779036	OK	 
USER	Desktop APIs load test 50k	END	1699617779036
USER	Desktop APIs load test 50k	START	1699617779058
REQUEST		agent-config api load 10 nov 50k	1699617778938	1699617779061	OK	 
USER	Desktop APIs load test 50k	END	1699617779061
USER	Desktop APIs load test 50k	START	1699617779099
REQUEST		agent-config api load 10 nov 50k	1699617778979	1699617779103	OK	 
USER	Desktop APIs load test 50k	END	1699617779103
USER	Desktop APIs load test 50k	START	1699617779138
REQUEST		agent-config api load 10 nov 50k	1699617779019	1699617779151	OK	 
USER	Desktop APIs load test 50k	END	1699617779151
USER	Desktop APIs load test 50k	START	1699617779178
REQUEST		agent-config api load 10 nov 50k	1699617779059	1699617779182	OK	 
USER	Desktop APIs load test 50k	END	1699617779183
USER	Desktop APIs load test 50k	START	1699617779218
REQUEST		agent-config api load 10 nov 50k	1699617779099	1699617779233	OK	 
USER	Desktop APIs load test 50k	END	1699617779234
USER	Desktop APIs load test 50k	START	1699617779258
REQUEST		agent-config api load 10 nov 50k	1699617779139	1699617779264	OK	 
USER	Desktop APIs load test 50k	END	1699617779265
USER	Desktop APIs load test 50k	START	1699617779298
REQUEST		agent-config api load 10 nov 50k	1699617779179	1699617779311	OK	 
USER	Desktop APIs load test 50k	END	1699617779312
USER	Desktop APIs load test 50k	START	1699617779338
REQUEST		agent-config api load 10 nov 50k	1699617779219	1699617779348	OK	 
USER	Desktop APIs load test 50k	END	1699617779348
USER	Desktop APIs load test 50k	START	1699617779379
REQUEST		agent-config api load 10 nov 50k	1699617779259	1699617779385	OK	 
USER	Desktop APIs load test 50k	END	1699617779385
USER	Desktop APIs load test 50k	START	1699617779418
REQUEST		agent-config api load 10 nov 50k	1699617779299	1699617779423	OK	 
USER	Desktop APIs load test 50k	END	1699617779423
USER	Desktop APIs load test 50k	START	1699617779458
REQUEST		agent-config api load 10 nov 50k	1699617779339	1699617779471	OK	 
USER	Desktop APIs load test 50k	END	1699617779471
REQUEST		agent-config api load 10 nov 50k	1699617779379	1699617779498	OK	 
USER	Desktop APIs load test 50k	START	1699617779498
USER	Desktop APIs load test 50k	END	1699617779499
USER	Desktop APIs load test 50k	START	1699617779538
REQUEST		agent-config api load 10 nov 50k	1699617779419	1699617779550	OK	 
USER	Desktop APIs load test 50k	END	1699617779551
USER	Desktop APIs load test 50k	START	1699617779578
REQUEST		agent-config api load 10 nov 50k	1699617779459	1699617779585	OK	 
USER	Desktop APIs load test 50k	END	1699617779585
USER	Desktop APIs load test 50k	START	1699617779618
REQUEST		agent-config api load 10 nov 50k	1699617779499	1699617779624	OK	 
USER	Desktop APIs load test 50k	END	1699617779625
USER	Desktop APIs load test 50k	START	1699617779658
REQUEST		agent-config api load 10 nov 50k	1699617779539	1699617779666	OK	 
USER	Desktop APIs load test 50k	END	1699617779667
USER	Desktop APIs load test 50k	START	1699617779699
REQUEST		agent-config api load 10 nov 50k	1699617779579	1699617779709	OK	 
USER	Desktop APIs load test 50k	END	1699617779710
USER	Desktop APIs load test 50k	START	1699617779739
REQUEST		agent-config api load 10 nov 50k	1699617779619	1699617779743	OK	 
USER	Desktop APIs load test 50k	END	1699617779743
USER	Desktop APIs load test 50k	START	1699617779779
REQUEST		agent-config api load 10 nov 50k	1699617779659	1699617779782	OK	 
USER	Desktop APIs load test 50k	END	1699617779782
USER	Desktop APIs load test 50k	START	1699617779818
REQUEST		agent-config api load 10 nov 50k	1699617779699	1699617779826	OK	 
USER	Desktop APIs load test 50k	END	1699617779826
USER	Desktop APIs load test 50k	START	1699617779859
REQUEST		agent-config api load 10 nov 50k	1699617779739	1699617779864	OK	 
USER	Desktop APIs load test 50k	END	1699617779865
USER	Desktop APIs load test 50k	START	1699617779899
REQUEST		agent-config api load 10 nov 50k	1699617779779	1699617779905	OK	 
USER	Desktop APIs load test 50k	END	1699617779906
USER	Desktop APIs load test 50k	START	1699617779939
REQUEST		