RUN	computerdatabase.BasicSimulation	basicsimulation	1658423798450	 	3.7.6
USER	Agent Backend API load test	START	1658423799431
USER	Agent Backend API load test	START	1658423799927
USER	Agent Backend API load test	START	1658423800426
USER	Agent Backend API load test	START	1658423800927
REQUEST		agent-config api	1658423799442	1658423800935	OK	 
REQUEST		agent-config api	1658423799929	1658423801253	OK	 
USER	Agent Backend API load test	START	1658423801426
REQUEST		agent-config api	1658423800427	1658423801670	OK	 
USER	Agent Backend API load test	START	1658423801924
REQUEST		agent-config api	1658423800929	1658423802237	OK	 
USER	Agent Backend API load test	START	1658423802424
REQUEST		agent-config api	1658423801427	1658423802667	OK	 
USER	Agent Backend API load test	START	1658423802924
REQUEST		agent-config api	1658423801925	1658423803201	OK	 
USER	Agent Backend API load test	START	1658423803424
REQUEST		agent-config api	1658423802425	1658423803635	OK	 
REQUEST		desktop-layout api	1658423800946	1658423803859	OK	 
USER	Agent Backend API load test	END	1658423803864
USER	Agent Backend API load test	START	1658423803924
REQUEST		desktop-layout api	1658423801254	1658423804078	OK	 
USER	Agent Backend API load test	END	1658423804081
REQUEST		agent-config api	1658423802926	1658423804156	OK	 
REQUEST		desktop-layout api	1658423801673	1658423804424	OK	 
USER	Agent Backend API load test	START	1658423804425
USER	Agent Backend API load test	END	1658423804427
REQUEST		agent-config api	1658423803426	1658423804829	OK	 
USER	Agent Backend API load test	START	1658423804924
REQUEST		desktop-layout api	1658423802238	1658423805110	OK	 
USER	Agent Backend API load test	END	1658423805113
REQUEST		desktop-layout api	1658423802667	1658423805262	OK	 
USER	Agent Backend API load test	END	1658423805263
REQUEST		agent-config api	1658423803925	1658423805276	OK	 
USER	Agent Backend API load test	START	1658423805424
REQUEST		agent-config api	1658423804426	1658423805644	OK	 
REQUEST		desktop-layout api	1658423803636	1658423805865	OK	 
USER	Agent Backend API load test	END	1658423805866
USER	Agent Backend API load test	START	1658423805924
REQUEST		desktop-layout api	1658423803204	1658423806106	OK	 
USER	Agent Backend API load test	END	1658423806108
REQUEST		agent-config api	1658423804925	1658423806157	OK	 
USER	Agent Backend API load test	START	1658423806423
REQUEST		agent-config api	1658423805425	1658423806662	OK	 
USER	Agent Backend API load test	START	1658423806924
REQUEST		desktop-layout api	1658423804159	1658423807009	OK	 
USER	Agent Backend API load test	END	1658423807012
REQUEST		agent-config api	1658423805925	1658423807163	OK	 
REQUEST		desktop-layout api	1658423804830	1658423807333	OK	 
USER	Agent Backend API load test	END	1658423807334
USER	Agent Backend API load test	START	1658423807424
REQUEST		agent-config api	1658423806424	1658423807655	OK	 
REQUEST		desktop-layout api	1658423805276	1658423807763	OK	 
USER	Agent Backend API load test	END	1658423807764
USER	Agent Backend API load test	START	1658423807924
REQUEST		agent-config api	1658423806926	1658423808175	OK	 
REQUEST		desktop-layout api	1658423805646	1658423808399	OK	 
USER	Agent Backend API load test	END	1658423808402
USER	Agent Backend API load test	START	1658423808424
REQUEST		agent-config api	1658423807426	1658423808666	OK	 
REQUEST		desktop-layout api	1658423806159	1658423808707	OK	 
USER	Agent Backend API load test	END	1658423808709
REQUEST		desktop-layout api	1658423806664	1658423808896	OK	 
USER	Agent Backend API load test	END	1658423808897
USER	Agent Backend API load test	START	1658423808923
REQUEST		agent-config api	1658423807926	1658423809155	OK	 
REQUEST		agent-config api	1658423808426	1658423809662	OK	 
REQUEST		desktop-layout api	1658423807655	1658423809904	OK	 
USER	Agent Backend API load test	END	1658423809905
REQUEST		desktop-layout api	1658423807165	1658423809972	OK	 
USER	Agent Backend API load test	END	1658423809975
REQUEST		agent-config api	1658423808923	1658423810168	OK	 
REQUEST		desktop-layout api	1658423808177	1658423810489	OK	 
USER	Agent Backend API load test	END	1658423810489
REQUEST		desktop-layout api	1658423808669	1658423811424	OK	 
USER	Agent Backend API load test	END	1658423811425
REQUEST		desktop-layout api	1658423809156	1658423811645	OK	 
USER	Agent Backend API load test	END	1658423811647
REQUEST		desktop-layout api	1658423809663	1658423812402	OK	 
USER	Agent Backend API load test	END	1658423812404
REQUEST		desktop-layout api	1658423810170	1658423812685	OK	 
USER	Agent Backend API load test	END	1658423812687
