RUN	computerdatabase.BasicSimulation	basicsimulation	1688621375694	 	3.7.6
USER	Desktop APIs load test	START	1688621378196
USER	Desktop APIs load test	START	1688621378156
USER	Desktop APIs load test	START	1688621378123
USER	Desktop APIs load test	START	1688621378236
USER	Desktop APIs load test	START	1688621378277
USER	Desktop APIs load test	START	1688621378317
USER	Desktop APIs load test	START	1688621378357
USER	Desktop APIs load test	START	1688621378397
USER	Desktop APIs load test	START	1688621378437
USER	Desktop APIs load test	START	1688621378477
USER	Desktop APIs load test	START	1688621378518
USER	Desktop APIs load test	START	1688621378558
USER	Desktop APIs load test	START	1688621378598
USER	Desktop APIs load test	START	1688621378638
USER	Desktop APIs load test	START	1688621378678
USER	Desktop APIs load test	START	1688621378719
USER	Desktop APIs load test	START	1688621378759
USER	Desktop APIs load test	START	1688621378799
USER	Desktop APIs load test	START	1688621378839
USER	Desktop APIs load test	START	1688621378880
USER	Desktop APIs load test	START	1688621378920
USER	Desktop APIs load test	START	1688621378959
USER	Desktop APIs load test	START	1688621378999
USER	Desktop APIs load test	START	1688621379039
USER	Desktop APIs load test	START	1688621379080
USER	Desktop APIs load test	START	1688621379125
USER	Desktop APIs load test	START	1688621379159
USER	Desktop APIs load test	START	1688621379199
USER	Desktop APIs load test	START	1688621379239
USER	Desktop APIs load test	START	1688621379279
USER	Desktop APIs load test	START	1688621379319
USER	Desktop APIs load test	START	1688621379359
USER	Desktop APIs load test	START	1688621379400
USER	Desktop APIs load test	START	1688621379439
USER	Desktop APIs load test	START	1688621379479
REQUEST		agent-config api	1688621378397	1688621379495	KO	status.find.in([200, 209], 304), found 403
REQUEST		agent-config api	1688621378196	1688621379493	KO	status.find.in([200, 209], 304), found 403
REQUEST		agent-config api	1688621378133	1688621379493	KO	status.find.in([200, 209], 304), found 403
USER	Desktop APIs load test	END	1688621379503
USER	Desktop APIs load test	END	1688621379503
USER	Desktop APIs load test	END	1688621379503
USER	Desktop APIs load test	START	1688621379519
REQUEST		agent-config api	1688621378317	1688621379531	KO	status.find.in([200, 209], 304), found 403
REQUEST		agent-config api	1688621378237	1688621379532	KO	status.find.in([200, 209], 304), found 403
REQUEST		agent-config api	1688621378357	1688621379532	KO	status.find.in([200, 209], 304), found 403
USER	Desktop APIs load test	END	1688621379532
REQUEST		agent-config api	1688621378156	1688621379532	KO	status.find.in([200, 209], 304), found 403
USER	Desktop APIs load test	END	1688621379532
USER	Desktop APIs load test	END	1688621379532
USER	Desktop APIs load test	END	1688621379532
REQUEST		agent-config api	1688621378437	1688621379540	KO	status.find.in([200, 209], 304), found 403
REQUEST		agent-config api	1688621378277	1688621379540	KO	status.find.in([200, 209], 304), found 403
USER	Desktop APIs load test	END	1688621379540
USER	Desktop APIs load test	END	1688621379540
USER	Desktop APIs load test	START	1688621379559
REQUEST		agent-config api	1688621378518	1688621379560	KO	status.find.in([200, 209], 304), found 403
USER	Desktop APIs load test	END	1688621379560
REQUEST		agent-config api	1688621378478	1688621379566	KO	status.find.in([200, 209], 304), found 403
USER	Desktop APIs load test	END	1688621379566
USER	Desktop APIs load test	START	1688621379599
USER	Desktop APIs load test	START	1688621379640
REQUEST		agent-config api	1688621378638	1688621379666	KO	status.find.in([200, 209], 304), found 403
USER	Desktop APIs load test	END	1688621379666
REQUEST		agent-config api	1688621378558	1688621379668	KO	status.find.in([200, 209], 304), found 403
USER	Desktop APIs load test	END	1688621379668
USER	Desktop APIs load test	START	1688621379678
REQUEST		agent-config api	1688621378598	1688621379718	KO	status.find.in([200, 209], 304), found 403
USER	Desktop APIs load test	END	1688621379719
USER	Desktop APIs load test	START	1688621379719
USER	Desktop APIs load test	START	1688621379760
USER	Desktop APIs load test	START	1688621379799
USER	Desktop APIs load test	START	1688621379839
REQUEST		agent-config api	1688621378720	1688621379876	KO	status.find.in([200, 209], 304), found 403
USER	Desktop APIs load test	END	1688621379879
REQUEST		agent-config api	1688621378678	1688621379882	KO	status.find.in([200, 209], 304), found 403
USER	Desktop APIs load test	START	1688621379881
USER	Desktop APIs load test	END	1688621379883
REQUEST		agent-config api	1688621378840	1688621379905	KO	status.find.in([200, 209], 304), found 403
USER	Desktop APIs load test	END	1688621379905
REQUEST		agent-config api	1688621378881	1688621379910	KO	status.find.in([200, 209], 304), found 403
USER	Desktop APIs load test	END	1688621379910
USER	Desktop APIs load test	START	1688621379920
REQUEST		agent-config api	1688621378760	1688621379930	KO	status.find.in([200, 209], 304), found 403
USER	Desktop APIs load test	END	1688621379930
USER	Desktop APIs load test	START	1688621379960
USER	Desktop APIs load test	START	1688621379999
REQUEST		agent-config api	1688621378921	1688621380023	KO	status.find.in([200, 209], 304), found 403
USER	Desktop APIs load test	END	1688621380023
REQUEST		agent-config api	1688621378999	1688621380024	KO	status.find.in([200, 209], 304), found 403
REQUEST		agent-config api	1688621378799	1688621380024	KO	status.find.in([200, 209], 304), found 403
USER	Desktop APIs load test	END	1688621380025
USER	Desktop APIs load test	END	1688621380025
REQUEST		agent-config api	1688621378960	1688621380027	KO	status.find.in([200, 209], 304), found 403
USER	Desktop APIs load test	END	1688621380028
USER	Desktop APIs load test	START	1688621380040
USER	Desktop APIs load test	START	1688621380079
USER	Desktop APIs load test	START	1688621380121
USER	Desktop APIs load test	START	1688621380156
REQUEST		agent-config api	1688621379040	1688621380164	KO	status.find.in([200, 209], 304), found 403
REQUEST		agent-config api	1688621379125	1688621380164	KO	status.find.in([200, 209], 304), found 403
REQUEST		agent-config api	1688621379081	1688621380165	KO	status.find.in([200, 209], 304), found 403
USER	Desktop APIs load test	END	1688621380165
USER	Desktop APIs load test	END	1688621380165
USER	Desktop APIs load test	END	1688621380165
USER	Desktop APIs load test	START	1688621380196
USER	Desktop APIs load test	START	1688621380237
USER	Desktop APIs load test	START	1688621380276
REQUEST		agent-config api	1688621379200	1688621380284	KO	status.find.in([200, 209], 304), found 403
USER	Desktop APIs load test	END	1688621380285
REQUEST		agent-config api	1688621379159	1688621380307	KO	status.find.in([200, 209], 304), found 403
USER	Desktop APIs load test	END	1688621380308
USER	Desktop APIs load test	START	1688621380320
USER	Desktop APIs load test	START	1688621380356
REQUEST		agent-config api	1688621379239	1688621380359	KO	status.find.in([200, 209], 304), found 403
USER	Desktop APIs load test	END	1688621380359
USER	Desktop APIs load test	START	1688621380395
USER	Desktop APIs load test	START	1688621380437
REQUEST		agent-config api	1688621379360	1688621380452	KO	status.find.in([200, 209], 304), found 403
USER	Desktop APIs load test	END	1688621380453
REQUEST		agent-config api	1688621379439	1688621380466	KO	status.find.in([200, 209], 304), found 403
USER	Desktop APIs load test	END	1688621380467
REQUEST		agent-config api	1688621379400	1688621380472	KO	status.find.in([200, 209], 304), found 403
USER	Desktop APIs load test	END	1688621380473
USER	Desktop APIs load test	START	1688621380476
REQUEST		agent-config api	1688621379279	1688621380484	KO	status.find.in([200, 209], 304), found 403
USER	Desktop APIs load test	END	1688621380485
REQUEST		agent-config api	1688621379319	1688621380515	KO	status.find.in([200, 209], 304), found 403
USER	Desktop APIs load test	START	1688621380516
USER	Desktop APIs load test	END	1688621380519
USER	Desktop APIs load test	START	1688621380556
REQUEST		agent-config api	1688621379519	1688621380595	KO	status.find.in([200, 209], 304), found 403
REQUEST		agent-config api	1688621379479	1688621380595	KO	status.find.in([200, 209], 304), found 403
USER	Desktop APIs load test	END	1688621380596
USER	Desktop APIs load test	END	1688621380596
REQUEST		agent-config api	1688621379559	1688621380596	KO	status.find.in([200, 209], 304), found 403
USER	Desktop APIs load test	END	1688621380597
USER	Desktop APIs load test	START	1688621380596
USER	Desktop APIs load test	START	1688621380636
USER	Desktop APIs load test	START	1688621380677
USER	Desktop APIs load test	START	1688621380717
REQUEST		agent-config api	1688621379678	1688621380737	KO	status.find.in([200, 209], 304), found 403
USER	Desktop APIs load test	END	1688621380740
REQUEST		agent-config api	1688621379600	1688621380742	KO	status.find.in([200, 209], 304), found 403
USER	Desktop APIs load test	END	1688621380744
USER	Desktop APIs load test	START	1688621380766
REQUEST		agent-config api	1688621379640	1688621380769	KO	status.find.in([200, 209], 304), found 403
USER	Desktop APIs load test	END	1688621380770
USER	Desktop APIs load test	START	1688621380798
USER	Desktop APIs load test	START	1688621380837
USER	Desktop APIs load test	START	1688621380877
USER	Desktop APIs load test	START	1688621380916
USER	Desktop APIs load test	START	1688621380956
USER	Desktop APIs load test	START	1688621380998
REQUEST		agent-config api	1688621379760	1688621381002	KO	status.find.in([200, 209], 304), found 403
REQUEST		agent-config api	1688621379800	1688621381002	KO	status.find.in([200, 209], 304), found 403
REQUEST		agent-config api	1688621379719	1688621381003	KO	status.find.in([200, 209], 304), found 403
USER	Desktop APIs load test	END	1688621381003
USER	Desktop APIs load test	END	1688621381003
USER	Desktop APIs load test	END	1688621381003
REQUEST		agent-config api	1688621379839	1688621381034	KO	status.find.in([200, 209], 304), found 403
REQUEST		agent-config api	1688621379920	1688621381034	KO	status.find.in([200, 209], 304), found 403
USER	Desktop APIs load test	END	1688621381035
USER	Desktop APIs load test	END	1688621381035
USER	Desktop APIs load test	START	1688621381037
USER	Desktop APIs load test	START	1688621381077
USER	Desktop APIs load test	START	1688621381117
USER	Desktop APIs load test	START	1688621381155
USER	Desktop APIs load test	START	1688621381197
USER	Desktop APIs load test	START	1688621381236
USER	Desktop APIs load test	START	1688621381276
USER	Desktop APIs load test	START	1688621381315
REQUEST		agent-config api	1688621380122	1688621381335	KO	status.find.in([200, 209], 304), found 403
REQUEST		agent-config api	1688621379999	1688621381335	KO	status.find.in([200, 209], 304), found 403
REQUEST		agent-config api	1688621380196	1688621381335	KO	status.find.in([200, 209], 304), found 403
REQUEST		agent-config api	1688621379960	1688621381336	KO	status.find.in([200, 209], 304), found 403
REQUEST		agent-config api	1688621380079	1688621381336	KO	status.find.in([200, 209], 304), found 403
REQUEST		agent-config api	1688621380238	1688621381336	KO	status.find.in([200, 209], 304), found 403
USER	Desktop APIs load test	END	1688621381336
USER	Desktop APIs load test	END	1688621381336
USER	Desktop APIs load test	END	1688621381336
USER	Desktop APIs load test	END	1688621381337
USER	Desktop APIs load test	END	1688621381337
USER	Desktop APIs load test	END	1688621381337
REQUEST		agent-config api	1688621380040	1688621381337	KO	status.find.in([200, 209], 304), found 403
USER	Desktop APIs load test	END	1688621381338
USER	Desktop APIs load test	START	1688621381356
REQUEST		agent-config api	1688621380157	1688621381364	KO	status.find.in([200, 209], 304), found 403
USER	Desktop APIs load test	END	1688621381364
USER	Desktop APIs load test	START	1688621381395
USER	Desktop APIs load test	START	1688621381435
USER	Desktop APIs load test	START	1688621381476
USER	Desktop APIs load test	START	1688621381515
USER	Desktop APIs load test	START	1688621381554
REQUEST		agent-config api	1688621380395	1688621381594	KO	status.find.in([200, 209], 304), found 403
USER	Desktop APIs load test	END	1688621381594
USER	Desktop APIs load test	START	1688621381595
REQUEST		agent-config api	1688621380276	1688621381609	KO	status.find.in([200, 209], 304), found 403
USER	Desktop APIs load test	END	1688621381609
REQUEST		agent-config api	1688621380356	1688621381616	KO	status.find.in([200, 209], 304), found 403
USER	Desktop APIs load test	END	1688621381616
REQUEST		agent-config api	1688621380320	1688621381625	KO	status.find.in([200, 209], 304), found 403
USER	Desktop APIs load test	END	1688621381625
USER	Desktop APIs load test	START	1688621381636
REQUEST		agent-config api	1688621380557	1688621381660	KO	status.find.in([200, 209], 304), found 403
USER	Desktop APIs load test	END	1688621381661
REQUEST		agent-config api	1688621380517	1688621381668	KO	status.find.in([200, 209], 304), found 403
USER	Desktop APIs load test	END	1688621381669
REQUEST		agent-config api	1688621380476	1688621381676	KO	status.find.in([200, 209], 304), found 403
USER	Desktop APIs load test	START	1688621381676
USER	Desktop APIs load test	END	1688621381677
REQUEST		agent-config api	1688621380438	1688621381680	KO	status.find.in([200, 209], 304), found 403
USER	Desktop APIs load test	END	1688621381680
USER	Desktop APIs load test	START	1688621381716
USER	Desktop APIs load test	START	1688621381755
REQUEST		agent-config api	1688621380766	1688621381792	KO	status.find.in([200, 209], 304), found 403
USER	Desktop APIs load test	END	1688621381793
USER	Desktop APIs load test	START	1688621381796
REQUEST		agent-config api	1688621380597	1688621381800	KO	status.find.in([200, 209], 304), found 403
USER	Desktop APIs load test	END	1688621381801
REQUEST		agent-config api	1688621380678	1688621381802	KO	status.find.in([200, 209], 304), found 403
USER	Desktop APIs load test	END	1688621381802
REQUEST		agent-config api	1688621380636	1688621381807	KO	status.find.in([200, 209], 304), found 403
USER	Desktop APIs load test	END	1688621381807
USER	Desktop APIs load test	START	1688621381835
USER	Desktop APIs load test	START	1688621381875
USER	Desktop APIs load test	START	1688621381916
REQUEST		agent-config api	1688621380837	1688621381942	KO	status.find.in([200, 209], 304), found 403
REQUEST		agent-config api	1688621380718	1688621381942	KO	status.find.in([200, 209], 304), found 403
USER	Desktop APIs load test	END	1688621381943
USER	Desktop APIs load test	END	1688621381943
REQUEST		agent-config api	1688621380799	1688621381951	KO	status.find.in([200, 209], 304), found 403
USER	Desktop APIs load test	END	1688621381952
USER	Desktop APIs load test	START	1688621381956
USER	Desktop APIs load test	START	1688621381996
USER	Desktop APIs load test	START	1688621382036
REQUEST		agent-config api	1688621380998	1688621382046	KO	status.find.in([200, 209], 304), found 403
USER	Desktop APIs load test	END	1688621382047
REQUEST		agent-config api	1688621380878	1688621382050	KO	status.find.in([200, 209], 304), found 403
REQUEST		agent-config api	1688621380957	1688621382050	KO	status.find.in([200, 209], 304), found 403
USER	Desktop APIs load test	END	1688621382051
USER	Desktop APIs load test	END	1688621382051
USER	Desktop APIs load test	START	1688621382076
REQUEST		agent-config api	1688621380916	1688621382107	KO	status.find.in([200, 209], 304), found 403
USER	Desktop APIs load test	END	1688621382108
REQUEST		agent-config api	1688621381037	1688621382115	KO	status.find.in([200, 209], 304), found 403
USER	Desktop APIs load test	END	1688621382116
USER	Desktop APIs load test	START	1688621382116
USER	Desktop APIs load test	START	1688621382155
REQUEST		agent-config api	1688621381077	1688621382160	KO	status.find.in([200, 209], 304), found 403
USER	Desktop APIs load test	END	1688621382160
USER	Desktop APIs load test	START	1688621382195
USER	Desktop APIs load test	START	1688621382235
REQUEST		agent-config api	1688621381156	1688621382238	KO	status.find.in([200, 209], 304), found 403
USER	Desktop APIs load test	END	1688621382239
REQUEST		agent-config api	1688621381236	1688621382254	KO	status.find.in([200, 209], 304), found 403
REQUEST		agent-config api	1688621381197	1688621382254	KO	status.find.in([200, 209], 304), found 403
REQUEST		agent-config api	1688621381118	1688621382254	KO	status.find.in([200, 209], 304), found 403
USER	Desktop APIs load test	END	1688621382254
USER	Desktop APIs load test	END	1688621382254
USER	Desktop APIs load test	END	1688621382254
REQUEST		agent-config api	1688621381276	1688621382264	KO	status.find.in([200, 209], 304), found 403
USER	Desktop APIs load test	END	1688621382264
USER	Desktop APIs load test	START	1688621382275
USER	Desktop APIs load test	START	1688621382318
REQUEST		agent-config api	1688621379882	1688621382336	KO	status.find.in([200, 209], 304), found 403
USER	Desktop APIs load test	END	1688621382338
USER	Desktop APIs load test	START	1688621382355
USER	Desktop APIs load test	START	1688621382395
REQUEST		agent-config api	1688621381315	1688621382400	KO	status.find.in([200, 209], 304), found 403
USER	Desktop APIs load test	END	1688621382401
REQUEST		agent-config api	1688621381356	1688621382412	KO	status.find.in([200, 209], 304), found 403
USER	Desktop APIs load test	END	1688621382413
USER	Desktop APIs load test	START	1688621382435
REQUEST		agent-config api	1688621381395	1688621382462	KO	status.find.in([200, 209], 304), found 403
USER	Desktop APIs load test	END	1688621382463
USER	Desktop APIs load test	START	1688621382475
USER	Desktop APIs load test	START	1688621382515
USER	Desktop APIs load test	START	1688621382556
REQUEST		agent-config api	1688621381435	1688621382562	KO	status.find.in([200, 209], 304), found 403
USER	Desktop APIs load test	END	1688621382563
REQUEST		agent-config api	1688621381476	1688621382564	KO	status.find.in([200, 209], 304), found 403
USER	Desktop APIs load test	END	1688621382564
USER	Desktop APIs load test	START	1688621382596
USER	Desktop APIs load test	START	1688621382636
REQUEST		agent-config api	1688621381516	1688621382641	KO	status.find.in([200, 209], 304), found 403
USER	Desktop APIs load test	END	1688621382643
REQUEST		agent-config api	1688621381555	1688621382661	KO	status.find.in([200, 209], 304), found 403
USER	Desktop APIs load test	END	1688621382664
REQUEST		agent-config api	1688621381636	1688621382665	KO	status.find.in([200, 209], 304), found 403
USER	Desktop APIs load test	END	1688621382666
USER	Desktop APIs load test	START	1688621382675
REQUEST		agent-config api	1688621381596	1688621382679	KO	status.find.in([200, 209], 304), found 403
USER	Desktop APIs load test	END	1688621382679
USER	Desktop APIs load test	START	1688621382716
REQUEST		agent-config api	1688621381676	1688621382735	KO	status.find.in([200, 209], 304), found 403
USER	Desktop APIs load test	END	1688621382736
USER	Desktop APIs load test	START	1688621382756
USER	Desktop APIs load test	START	1688621382795
REQUEST		agent-config api	1688621381755	1688621382799	KO	status.find.in([200, 209], 304), found 403
USER	Desktop APIs load test	END	1688621382800
USER	Desktop APIs load test	START	1688621382836
REQUEST		agent-config api	1688621381796	1688621382846	KO	status.find.in([200, 209], 304), found 403
USER	Desktop APIs load test	END	1688621382848
REQUEST		agent-config api	1688621381716	1688621382849	KO	status.find.in([200, 209], 304), found 403
USER	Desktop APIs load test	END	1688621382850
USER	Desktop APIs load test	START	1688621382876
REQUEST		agent-config api	1688621381836	1688621382911	KO	status.find.in([200, 209], 304), found 403
USER	Desktop APIs load test	END	1688621382913
USER	Desktop APIs load test	START	1688621382916
REQUEST		agent-config api	1688621381876	1688621382930	KO	status.find.in([200, 209], 304), found 403
USER	Desktop APIs load test	END	1688621382932
REQUEST		agent-config api	1688621381916	1688621382933	KO	status.find.in([200, 209], 304), found 403
USER	Desktop APIs load test	END	1688621382934
USER	Desktop APIs load test	START	1688621382955
REQUEST		agent-config api	1688621381956	1688621382967	KO	status.find.in([200, 209], 304), found 403
USER	Desktop APIs load test	END	1688621382968
USER	Desktop APIs load test	START	1688621382996
USER	Desktop APIs load test	START	1688621383036
REQUEST		agent-config api	1688621381996	1688621383052	KO	status.find.in([200, 209], 304), found 403
USER	Desktop APIs load test	END	1688621383053
USER	Desktop APIs load test	START	1688621383076
REQUEST		agent-config api	1688621382037	1688621383096	KO	status.find.in([200, 209], 304), found 403
USER	Desktop APIs load test	END	1688621383096
USER	Desktop APIs load test	START	1688621383116
REQUEST		agent-config api	1688621382076	1688621383125	KO	status.find.in([200, 209], 304), found 403
USER	Desktop APIs load test	END	1688621383125
REQUEST		agent-config api	1688621382116	1688621383155	KO	status.find.in([200, 209], 304), found 403
USER	Desktop APIs load test	START	1688621383154
USER	Desktop APIs load test	END	1688621383155
REQUEST		agent-config api	1688621382155	1688621383191	KO	status.find.in([200, 209], 304), found 403
USER	Desktop APIs load test	END	1688621383191
USER	Desktop APIs load test	START	1688621383194
REQUEST		agent-config api	1688621382195	1688621383198	KO	status.find.in([200, 209], 304), found 403
USER	Desktop APIs load test	END	1688621383198
USER	Desktop APIs load test	START	1688621383235
REQUEST		agent-config api	1688621382236	1688621383254	KO	status.find.in([200, 209], 304), found 403
USER	Desktop APIs load test	END	1688621383254
USER	Desktop APIs load test	START	1688621383275
REQUEST		agent-config api	1688621382275	1688621383280	KO	status.find.in([200, 209], 304), found 403
USER	Desktop APIs load test	END	1688621383280
USER	Desktop APIs load test	START	1688621383315
REQUEST		agent-config api	1688621382319	1688621383332	KO	status.find.in([200, 209], 304), found 403
USER	Desktop APIs load test	END	1688621383333
USER	Desktop APIs load test	START	1688621383355
REQUEST		agent-config api	1688621382356	1688621383365	KO	status.find.in([200, 209], 304), found 403
USER	Desktop APIs load test	END	1688621383365
USER	Desktop APIs load test	START	1688621383395
REQUEST		agent-config api	1688621382395	1688621383423	KO	status.find.in([200, 209], 304), found 403
USER	Desktop APIs load test	END	1688621383424
REQUEST		agent-config api	1688621382436	1688621383431	KO	status.find.in([200, 209], 304), found 403
USER	Desktop APIs load test	END	1688621383433
USER	Desktop APIs load test	START	1688621383435
USER	Desktop APIs load test	START	1688621383475
REQUEST		agent-config api	1688621382475	1688621383494	KO	status.find.in([200, 209], 304), found 403
USER	Desktop APIs load test	END	1688621383496
USER	Desktop APIs load test	START	1688621383517
REQUEST		agent-config api	1688621382516	1688621383531	KO	status.find.in([200, 209], 304), found 403
USER	Desktop APIs load test	END	1688621383532
USER	Desktop APIs load test	START	1688621383555
USER	Desktop APIs load test	START	1688621383596
REQUEST		agent-config api	1688621382556	1688621383604	KO	status.find.in([200, 209], 304), found 403
USER	Desktop APIs load test	END	1688621383605
REQUEST		agent-config api	1688621382597	1688621383621	KO	status.find.in([200, 209], 304), found 403
USER	Desktop APIs load test	END	1688621383624
USER	Desktop APIs load test	START	1688621383635
REQUEST		agent-config api	1688621382676	1688621383642	KO	status.find.in([200, 209], 304), found 403
USER	Desktop APIs load test	END	1688621383643
REQUEST		agent-config api	1688621382636	1688621383659	KO	status.find.in([200, 209], 304), found 403
USER	Desktop APIs load test	END	1688621383659
USER	Desktop APIs load test	START	1688621383674
USER	Desktop APIs load test	START	1688621383715
REQUEST		agent-config api	1688621382716	1688621383725	KO	status.find.in([200, 209], 304), found 403
USER	Desktop APIs load test	END	1688621383725
USER	Desktop APIs load test	START	1688621383755
REQUEST		agent-config api	1688621382756	1688621383759	KO	status.find.in([200, 209], 304), found 403
USER	Desktop APIs load test	END	1688621383760
USER	Desktop APIs load test	START	1688621383796
REQUEST		agent-config api	1688621382795	1688621383833	KO	status.find.in([200, 209], 304), found 403
REQUEST		agent-config api	1688621382837	1688621383833	KO	status.find.in([200, 209], 304), found 403
USER	Desktop APIs load test	END	1688621383834
USER	Desktop APIs load test	END	1688621383836
USER	Desktop APIs load test	START	1688621383836
USER	Desktop APIs load test	START	1688621383876
REQUEST		agent-config api	1688621382916	1688621383904	KO	status.find.in([200, 209], 304), found 403
USER	Desktop APIs load test	END	1688621383906
USER	Desktop APIs load test	START	1688621383915
REQUEST		agent-config api	1688621382877	1688621383922	KO	status.find.in([200, 209], 304), found 403
USER	Desktop APIs load test	END	1688621383922
USER	Desktop APIs load test	START	1688621383956
REQUEST		agent-config api	1688621382955	1688621383960	KO	status.find.in([200, 209], 304), found 403
USER	Desktop APIs load test	END	1688621383961
USER	Desktop APIs load test	START	1688621383996
USER	Desktop APIs load test	START	1688621384036
REQUEST		agent-config api	1688621382997	1688621384041	KO	status.find.in([200, 209], 304), found 403
USER	Desktop APIs load test	END	1688621384043
REQUEST		agent-config api	1688621383036	1688621384057	KO	status.find.in([200, 209], 304), found 403
USER	Desktop APIs load test	END	1688621384057
USER	Desktop APIs load test	START	1688621384075
REQUEST		agent-config api	1688621383076	1688621384083	KO	status.find.in([200, 209], 304), found 403
USER	Desktop APIs load test	END	1688621384084
USER	Desktop APIs load test	START	1688621384116
REQUEST		agent-config api	1688621383116	1688621384125	KO	status.find.in([200, 209], 304), found 403
USER	Desktop APIs load test	END	1688621384128
USER	Desktop APIs load test	START	1688621384155
REQUEST		agent-config api	1688621383155	1688621384180	KO	status.find.in([200, 209], 304), found 403
USER	Desktop APIs load test	END	1688621384181
USER	Desktop APIs load test	START	1688621384195
REQUEST		agent-config api	1688621383195	1688621384230	KO	status.find.in([200, 209], 304), found 403
USER	Desktop APIs load test	END	1688621384231
USER	Desktop APIs load test	START	1688621384235
REQUEST		agent-config api	1688621383235	1688621384237	KO	status.find.in([200, 209], 304), found 403
USER	Desktop APIs load test	END	1688621384238
USER	Desktop APIs load test	START	1688621384275
USER	Desktop APIs load test	START	1688621384315
REQUEST		agent-config api	1688621383315	1688621384318	KO	status.find.in([200, 209], 304), found 403
USER	Desktop APIs load test	END	1688621384320
REQUEST		agent-config api	1688621383275	1688621384333	KO	status.find.in([200, 209], 304), found 403
USER	Desktop APIs load test	END	1688621384334
REQUEST		agent-config api	1688621383356	1688621384337	KO	status.find.in([200, 209], 304), found 403
USER	Desktop APIs load test	END	1688621384338
USER	Desktop APIs load test	START	1688621384356
USER	Desktop APIs load test	START	1688621384396
REQUEST		agent-config api	1688621383395	1688621384419	KO	status.find.in([200, 209], 304), found 403
USER	Desktop APIs load test	END	1688621384421
REQUEST		agent-config api	1688621383436	1688621384427	KO	status.find.in([200, 209], 304), found 403
USER	Desktop APIs load test	END	1688621384428
USER	Desktop APIs load test	START	1688621384439
REQUEST		agent-config api	1688621383476	1688621384460	KO	status.find.in([200, 209], 304), found 403
USER	Desktop APIs load test	END	1688621384460
USER	Desktop APIs load test	START	1688621384476
USER	Desktop APIs load test	START	1688621384516
REQUEST		agent-config api	1688621383517	1688621384527	KO	status.find.in([200, 209], 304), found 403
USER	Desktop APIs load test	END	1688621384528
USER	Desktop APIs load test	START	1688621384555
REQUEST		agent-config api	1688621383596	1688621384563	KO	status.find.in([200, 209], 304), found 403
USER	Desktop APIs load test	END	1688621384563
USER	Desktop APIs load test	START	1688621384596
REQUEST		agent-config api	1688621383555	1688621384625	KO	status.find.in([200, 209], 304), found 403
USER	Desktop APIs load test	END	1688621384627
USER	Desktop APIs load test	START	1688621384637
REQUEST		agent-config api	1688621383635	1688621384666	KO	status.find.in([200, 209], 304), found 403
USER	Desktop APIs load test	END	1688621384667
USER	Desktop APIs load test	START	1688621384676
REQUEST		agent-config api	1688621383674	1688621384680	KO	status.find.in([200, 209], 304), found 403
USER	Desktop APIs load test	END	1688621384680
USER	Desktop APIs load test	START	1688621384715
REQUEST		agent-config api	1688621383716	1688621384739	KO	status.find.in([200, 209], 304), found 403
USER	Desktop APIs load test	END	1688621384741
USER	Desktop APIs load test	START	1688621384757
REQUEST		agent-config api	1688621383756	1688621384778	KO	status.find.in([200, 209], 304), found 403
USER	Desktop APIs load test	END	1688621384779
REQUEST		agent-config api	1688621383796	1688621384793	KO	status.find.in([200, 209], 304), found 403
USER	Desktop APIs load test	END	1688621384793
USER	Desktop APIs load test	START	1688621384796
USER	Desktop APIs load test	START	1688621384836
USER	Desktop APIs load test	START	1688621384876
REQUEST		agent-config api	1688621383836	1688621384894	KO	status.find.in([200, 209], 304), found 403
USER	Desktop APIs load test	END	1688621384896
REQUEST		agent-config api	1688621383876	1688621384901	KO	status.find.in([200, 209], 304), found 403
USER	Desktop APIs load test	END	1688621384902
USER	Desktop APIs load test	START	1688621384919
REQUEST		agent-config api	1688621383915	1688621384926	KO	status.find.in([200, 209], 304), found 403
USER	Desktop APIs load test	END	1688621384927
USER	Desktop APIs load test	START	1688621384956
REQUEST		agent-config api	1688621383956	1688621384961	KO	status.find.in([200, 209], 304), found 403
USER	Desktop APIs load test	END	1688621384962
REQUEST		agent-config api	1688621384036	1688621384992	KO	status.find.in([200, 209], 304), found 403
USER	Desktop APIs load test	END	1688621384993
USER	Desktop APIs load test	START	1688621384996
REQUEST		agent-config api	1688621383996	1688621385020	KO	status.find.in([200, 209], 304), found 403
USER	Desktop APIs load test	END	1688621385025
USER	Desktop APIs load test	START	1688621385036
USER	Desktop APIs load test	START	1688621385076
REQUEST		agent-config api	1688621384075	1688621385081	KO	status.find.in([200, 209], 304), found 403
USER	Desktop APIs load test	END	1688621385081
USER	Desktop APIs load test	START	1688621385116
REQUEST		agent-config api	1688621384116	1688621385152	KO	status.find.in([200, 209], 304), found 403
USER	Desktop APIs load test	END	1688621385153
USER	Desktop APIs load test	START	1688621385154
USER	Desktop APIs load test	START	1688621385195
REQUEST		agent-config api	1688621384196	1688621385212	KO	status.find.in([200, 209], 304), found 403
USER	Desktop APIs load test	END	1688621385214
REQUEST		agent-config api	1688621384155	1688621385221	KO	status.find.in([200, 209], 304), found 403
USER	Desktop APIs load test	END	1688621385222
USER	Desktop APIs load test	START	1688621385235
REQUEST		agent-config api	1688621384236	1688621385257	KO	status.find.in([200, 209], 304), found 403
USER	Desktop APIs load test	END	1688621385260
USER	Desktop APIs load test	START	1688621385275
USER	Desktop APIs load test	START	1688621385314
REQUEST		agent-config api	1688621384276	1688621385324	KO	status.find.in([200, 209], 304), found 403
USER	Desktop APIs load test	END	1688621385325
USER	Desktop APIs load test	START	1688621385360
REQUEST		agent-config api	1688621384316	1688621385365	KO	status.find.in([200, 209], 304), found 403
USER	Desktop APIs load test	END	1688621385365
REQUEST		agent-config api	1688621384357	1688621385380	KO	status.find.in([200, 209], 304), found 403
USER	Desktop APIs load test	END	1688621385381
USER	Desktop APIs load test	START	1688621385396
REQUEST		agent-config api	1688621384396	1688621385413	KO	status.find.in([200, 209], 304), found 403
USER	Desktop APIs load test	END	1688621385413
USER	Desktop APIs load test	START	1688621385435
REQUEST		agent-config api	1688621384440	1688621385458	KO	status.find.in([200, 209], 304), found 403
USER	Desktop APIs load test	END	1688621385460
USER	Desktop APIs load test	START	1688621385475
REQUEST		agent-config api	1688621384476	1688621385486	KO	status.find.in([200, 209], 304), found 403
USER	Desktop APIs load test	END	1688621385487
USER	Desktop APIs load test	START	1688621385515
REQUEST		agent-config api	1688621384517	1688621385546	KO	status.find.in([200, 209], 304), found 403
USER	Desktop APIs load test	END	1688621385547
USER	Desktop APIs load test	START	1688621385564
USER	Desktop APIs load test	START	1688621385595
REQUEST		agent-config api	1688621384556	1688621385599	KO	status.find.in([200, 209], 304), found 403
REQUEST		agent-config api	1688621384597	1688621385600	KO	status.find.in([200, 209], 304), found 403
USER	Desktop APIs load test	END	1688621385600
USER	Desktop APIs load test	END	1688621385600
USER	Desktop APIs load test	START	1688621385636
REQUEST		agent-config api	1688621384637	1688621385675	KO	status.find.in([200, 209], 304), found 403
USER	Desktop APIs load test	END	1688621385676
USER	Desktop APIs load test	START	1688621385677
REQUEST		agent-config api	1688621384677	1688621385689	KO	status.find.in([200, 209], 304), found 403
USER	Desktop APIs load test	END	1688621385689
REQUEST		agent-config api	1688621384716	1688621385694	KO	status.find.in([200, 209], 304), found 403
USER	Desktop APIs load test	END	1688621385696
USER	Desktop APIs load test	START	1688621385715
USER	Desktop APIs load test	START	1688621385756
REQUEST		agent-config api	1688621384757	1688621385793	KO	status.find.in([200, 209], 304), found 403
USER	Desktop APIs load test	END	1688621385795
USER	Desktop APIs load test	START	1688621385796
REQUEST		agent-config api	1688621384796	1688621385820	KO	status.find.in([200, 209], 304), found 403
USER	Desktop APIs load test	END	1688621385821
USER	Desktop APIs load test	START	1688621385835
REQUEST		agent-config api	1688621384836	1688621385843	KO	status.find.in([200, 209], 304), found 403
USER	Desktop APIs load test	END	1688621385844
USER	Desktop APIs load test	START	1688621385875
USER	Desktop APIs load test	START	1688621385914
REQUEST		agent-config api	1688621384877	1688621385938	KO	status.find.in([200, 209], 304), found 403
USER	Desktop APIs load test	END	1688621385939
REQUEST		agent-config api	1688621384920	1688621385941	KO	status.find.in([200, 209], 304), found 403
USER	Desktop APIs load test	END	1688621385942
USER	Desktop APIs load test	START	1688621385956
REQUEST		agent-config api	1688621384957	1688621385960	KO	status.find.in([200, 209], 304), found 403
USER	Desktop APIs load test	END	1688621385961
USER	Desktop APIs load test	START	1688621385995
USER	Desktop APIs load test	START	1688621386035
REQUEST		agent-config api	1688621384996	1688621386039	KO	status.find.in([200, 209], 304), found 403
USER	Desktop APIs load test	END	1688621386040
REQUEST		agent-config api	1688621385037	1688621386068	KO	status.find.in([200, 209], 304), found 403
USER	Desktop APIs load test	END	1688621386069
USER	Desktop APIs load test	START	1688621386076
REQUEST		agent-config api	1688621385076	1688621386097	KO	status.find.in([200, 209], 304), found 403
USER	Desktop APIs load test	END	1688621386098
USER	Desktop APIs load test	START	1688621386116
REQUEST		agent-config api	1688621385117	1688621386146	KO	status.find.in([200, 209], 304), found 403
USER	Desktop APIs load test	END	1688621386148
USER	Desktop APIs load test	START	1688621386154
REQUEST		agent-config api	1688621385154	1688621386164	KO	status.find.in([200, 209], 304), found 403
USER	Desktop APIs load test	END	1688621386165
USER	Desktop APIs load test	START	1688621386194
USER	Desktop APIs load test	START	1688621386235
REQUEST		agent-config api	1688621385196	1688621386248	KO	status.find.in([200, 209], 304), found 403
USER	Desktop APIs load test	END	1688621386250
REQUEST		agent-config api	1688621385236	1688621386274	KO	status.find.in([200, 209], 304), found 403
USER	Desktop APIs load test	END	1688621386274
USER	Desktop APIs load test	START	1688621386274
REQUEST		agent-config api	1688621385275	1688621386303	KO	status.find.in([200, 209], 304), found 403
USER	Desktop APIs load test	END	1688621386303
USER	Desktop APIs load test	START	1688621386314
REQUEST		agent-config api	1688621385315	1688621386355	KO	status.find.in([200, 209], 304), found 403
USER	Desktop APIs load test	START	1688621386355
USER	Desktop APIs load test	END	1688621386357
USER	Desktop APIs load test	START	1688621386395
REQUEST		agent-config api	1688621385396	1688621386409	KO	status.find.in([200, 209], 304), found 403
USER	Desktop APIs load test	END	1688621386410
REQUEST		agent-config api	1688621385360	1688621386417	KO	status.find.in([200, 209], 304), found 403
USER	Desktop APIs load test	END	1688621386418
USER	Desktop APIs load test	START	1688621386435
USER	Desktop APIs load test	START	1688621386475
REQUEST		agent-config api	1688621385435	1688621386488	KO	status.find.in([200, 209], 304), found 403
USER	Desktop APIs load test	END	1688621386489
REQUEST		agent-config api	1688621385476	1688621386503	KO	status.find.in([200, 209], 304), found 403
USER	Desktop APIs load test	END	1688621386503
REQUEST		agent-config api	1688621385516	1688621386513	KO	status.find.in([200, 209], 304), found 403
USER	Desktop APIs load test	END	1688621386513
USER	Desktop APIs load test	START	1688621386515
USER	Desktop APIs load test	START	1688621386554
REQUEST		agent-config api	1688621385565	1688621386586	KO	status.find.in([200, 209], 304), found 403
USER	Desktop APIs load test	END	1688621386587
REQUEST		agent-config api	1688621385595	1688621386589	KO	status.find.in([200, 209], 304), found 403
USER	Desktop APIs load test	END	1688621386590
USER	Desktop APIs load test	START	1688621386594
USER	Desktop APIs load test	START	1688621386634
USER	Desktop APIs load test	START	1688621386675
REQUEST		agent-config api	1688621385637	1688621386679	KO	status.find.in([200, 209], 304), found 403
USER	Desktop APIs load test	END	1688621386679
REQUEST		agent-config api	1688621385677	1688621386682	KO	status.find.in([200, 209], 304), found 403
USER	Desktop APIs load test	END	1688621386682
USER	Desktop APIs load test	START	1688621386715
REQUEST		agent-config api	1688621385715	1688621386732	KO	status.find.in([200, 209], 304), found 403
USER	Desktop APIs load test	END	1688621386733
USER	Desktop APIs load test	START	1688621386755
USER	Desktop APIs load test	START	1688621386795
REQUEST		agent-config api	1688621385757	1688621386814	KO	status.find.in([200, 209], 304), found 403
USER	Desktop APIs load test	END	1688621386815
REQUEST		agent-config api	1688621385835	1688621386824	KO	status.find.in([200, 209], 304), found 403
USER	Desktop APIs load test	END	1688621386825
USER	Desktop APIs load test	START	1688621386834
REQUEST		agent-config api	1688621385797	1688621386859	KO	status.find.in([200, 209], 304), found 403
USER	Desktop APIs load test	END	1688621386859
USER	Desktop APIs load test	START	1688621386874
REQUEST		agent-config api	1688621385875	1688621386913	KO	status.find.in([200, 209], 304), found 403
USER	Desktop APIs load test	END	1688621386914
USER	Desktop APIs load test	START	1688621386915
USER	Desktop APIs load test	START	1688621386955
REQUEST		agent-config api	1688621385914	1688621386961	KO	status.find.in([200, 209], 304), found 403
USER	Desktop APIs load test	END	1688621386963
USER	Desktop APIs load test	START	1688621386995
REQUEST		agent-config api	1688621385957	1688621387001	KO	status.find.in([200, 209], 304), found 403
USER	Desktop APIs load test	END	1688621387002
USER	Desktop APIs load test	START	1688621387036
USER	Desktop APIs load test	START	1688621387076
REQUEST		agent-config api	1688621386076	1688621387110	KO	status.find.in([200, 209], 304), found 403
REQUEST		agent-config api	1688621386036	1688621387113	KO	status.find.in([200, 209], 304), found 403
USER	Desktop APIs load test	END	1688621387111
USER	Desktop APIs load test	END	1688621387114
REQUEST		agent-config api	1688621386116	1688621387127	KO	status.find.in([200, 209], 304), found 403
USER	Desktop APIs load test	END	1688621387128
USER	Desktop APIs load test	START	1688621387127
REQUEST		agent-config api	1688621386154	1688621387141	KO	status.find.in([200, 209], 304), found 403
USER	Desktop APIs load test	END	1688621387142
REQUEST		agent-config api	1688621385995	1688621387146	KO	status.find.in([200, 209], 304), found 403
USER	Desktop APIs load test	END	1688621387146
USER	Desktop APIs load test	START	1688621387155
USER	Desktop APIs load test	START	1688621387195
USER	Desktop APIs load test	START	1688621387236
REQUEST		agent-config api	1688621386195	1688621387254	KO	status.find.in([200, 209], 304), found 403
REQUEST		agent-config api	1688621386236	1688621387256	KO	status.find.in([200, 209], 304), found 403
USER	Desktop APIs load test	END	1688621387257
USER	Desktop APIs load test	END	1688621387258
USER	Desktop APIs load test	START	1688621387276
USER	Desktop APIs load test	START	1688621387315
USER	Desktop APIs load test	START	1688621387355
REQUEST		agent-config api	1688621386314	1688621387376	KO	status.find.in([200, 209], 304), found 403
USER	Desktop APIs load test	END	1688621387376
USER	Desktop APIs load test	START	1688621387395
USER	Desktop APIs load test	START	1688621387436
USER	Desktop APIs load test	START	1688621387475
REQUEST		agent-config api	1688621386396	1688621387503	KO	status.find.in([200, 209], 304), found 403
REQUEST		agent-config api	1688621386475	1688621387504	KO	status.find.in([200, 209], 304), found 403
REQUEST		agent-config api	1688621386356	1688621387504	KO	status.find.in([200, 209], 304), found 403
USER	Desktop APIs load test	END	1688621387505
USER	Desktop APIs load test	END	1688621387505
USER	Desktop APIs load test	END	1688621387505
USER	Desktop APIs load test	START	1688621387515
USER	Desktop APIs load test	START	1688621387556
REQUEST		agent-config api	1688621386435	1688621387581	KO	status.find.in([200, 209], 304), found 403
REQUEST		agent-config api	1688621386515	1688621387584	KO	status.find.in([200, 209], 304), found 403
USER	Desktop APIs load test	END	1688621387583
USER	Desktop APIs load test	END	1688621387584
USER	Desktop APIs load test	START	1688621387596
USER	Desktop APIs load test	START	1688621387636
USER	Desktop APIs load test	START	1688621387675
REQUEST		agent-config api	1688621386594	1688621387696	KO	status.find.in([200, 209], 304), found 403
USER	Desktop APIs load test	END	1688621387698
REQUEST		agent-config api	1688621386555	1688621387698	KO	status.find.in([200, 209], 304), found 403
REQUEST		agent-config api	1688621386634	1688621387699	KO	status.find.in([200, 209], 304), found 403
USER	Desktop APIs load test	END	1688621387699
USER	Desktop APIs load test	END	1688621387699
USER	Desktop APIs load test	START	1688621387716
USER	Desktop APIs load test	START	1688621387755
USER	Desktop APIs load test	START	1688621387796
REQUEST		agent-config api	1688621386675	1688621387830	KO	status.find.in([200, 209], 304), found 403
REQUEST		agent-config api	1688621386795	1688621387830	KO	status.find.in([200, 209], 304), found 403
REQUEST		agent-config api	1688621386715	1688621387836	KO	status.find.in([200, 209], 304), found 403
USER	Desktop APIs load test	END	1688621387832
USER	Desktop APIs load test	END	1688621387833
USER	Desktop APIs load test	END	1688621387836
USER	Desktop APIs load test	START	1688621387840
USER	Desktop APIs load test	START	1688621387876
USER	Desktop APIs load test	START	1688621387915
USER	Desktop APIs load test	START	1688621387956
USER	Desktop APIs load test	START	1688621387996
USER	Desktop APIs load test	START	1688621388036
USER	Desktop APIs load test	START	1688621388076
REQUEST		agent-config api	1688621386834	1688621388089	KO	status.find.in([200, 209], 304), found 403
REQUEST		agent-config api	1688621386874	1688621388089	KO	status.find.in([200, 209], 304), found 403
REQUEST		agent-config api	1688621386755	1688621388089	KO	status.find.in([200, 209], 304), found 403
REQUEST		agent-config api	1688621387036	1688621388090	KO	status.find.in([200, 209], 304), found 403
REQUEST		agent-config api	1688621386915	1688621388090	KO	status.find.in([200, 209], 304), found 403
USER	Desktop APIs load test	END	1688621388090
USER	Desktop APIs load test	END	1688621388090
USER	Desktop APIs load test	END	1688621388090
USER	Desktop APIs load test	END	1688621388093
USER	Desktop APIs load test	END	1688621388093
USER	Desktop APIs load test	START	1688621388124
USER	Desktop APIs load test	START	1688621388154
REQUEST		agent-config api	1688621386956	1688621388157	KO	status.find.in([200, 209], 304), found 403
USER	Desktop APIs load test	END	1688621388157
REQUEST		agent-config api	1688621387077	1688621388158	KO	status.find.in([200, 209], 304), found 403
USER	Desktop APIs load test	END	1688621388158
USER	Desktop APIs load test	START	1688621388194
USER	Desktop APIs load test	START	1688621388235
USER	Desktop APIs load test	START	1688621388275
USER	Desktop APIs load test	START	1688621388315
USER	Desktop APIs load test	START	1688621388354
REQUEST		agent-config api	1688621387155	1688621388371	KO	status.find.in([200, 209], 304), found 403
USER	Desktop APIs load test	END	1688621388371
USER	Desktop APIs load test	START	1688621388395
REQUEST		agent-config api	1688621387128	1688621388400	KO	status.find.in([200, 209], 304), found 403
USER	Desktop APIs load test	END	1688621388400
REQUEST		agent-config api	1688621387355	1688621388402	KO	status.find.in([200, 209], 304), found 403
USER	Desktop APIs load test	END	1688621388402
REQUEST		agent-config api	1688621387236	1688621388402	KO	status.find.in([200, 209], 304), found 403
USER	Desktop APIs load test	END	1688621388402
REQUEST		agent-config api	1688621387195	1688621388408	KO	status.find.in([200, 209], 304), found 403
USER	Desktop APIs load test	END	1688621388409
REQUEST		agent-config api	1688621387316	1688621388427	KO	status.find.in([200, 209], 304), found 403
USER	Desktop APIs load test	END	1688621388428
USER	Desktop APIs load test	START	1688621388435
USER	Desktop APIs load test	START	1688621388475
REQUEST		agent-config api	1688621387276	1688621388485	KO	status.find.in([200, 209], 304), found 403
USER	Desktop APIs load test	END	1688621388486
USER	Desktop APIs load test	START	1688621388515
USER	Desktop APIs load test	START	1688621388554
USER	Desktop APIs load test	START	1688621388595
USER	Desktop APIs load test	START	1688621388634
REQUEST		agent-config api	1688621387436	1688621388644	KO	status.find.in([200, 209], 304), found 403
REQUEST		agent-config api	1688621387395	1688621388645	KO	status.find.in([200, 209], 304), found 403
USER	Desktop APIs load test	END	1688621388645
USER	Desktop APIs load test	END	1688621388645
REQUEST		agent-config api	1688621387476	1688621388653	KO	status.find.in([200, 209], 304), found 403
USER	Desktop APIs load test	END	1688621388654
USER	Desktop APIs load test	START	1688621388675
USER	Desktop APIs load test	START	1688621388715
USER	Desktop APIs load test	START	1688621388755
REQUEST		agent-config api	1688621387596	1688621388771	KO	status.find.in([200, 209], 304), found 403
USER	Desktop APIs load test	END	1688621388772
USER	Desktop APIs load test	START	1688621388799
USER	Desktop APIs load test	START	1688621388834
USER	Desktop APIs load test	START	1688621388875
USER	Desktop APIs load test	START	1688621388915
REQUEST		agent-config api	1688621387755	1688621388919	KO	status.find.in([200, 209], 304), found 403
REQUEST		agent-config api	1688621387876	1688621388920	KO	status.find.in([200, 209], 304), found 403
USER	Desktop APIs load test	END	1688621388921
REQUEST		agent-config api	1688621387717	1688621388921	KO	status.find.in([200, 209], 304), found 403
USER	Desktop APIs load test	END	1688621388921
USER	Desktop APIs load test	END	1688621388921
REQUEST		agent-config api	1688621387797	1688621388955	KO	status.find.in([200, 209], 304), found 403
USER	Desktop APIs load test	START	1688621388954
USER	Desktop APIs load test	END	1688621388955
REQUEST		agent-config api	1688621387916	1688621388964	KO	status.find.in([200, 209], 304), found 403
USER	Desktop APIs load test	END	1688621388965
REQUEST		agent-config api	1688621387675	1688621388965	KO	status.find.in([200, 209], 304), found 403
USER	Desktop APIs load test	END	1688621388966
USER	Desktop APIs load test	START	1688621388995
USER	Desktop APIs load test	START	1688621389035
REQUEST		agent-config api	1688621387956	1688621389068	KO	status.find.in([200, 209], 304), found 403
USER	Desktop APIs load test	END	1688621389069
USER	Desktop APIs load test	START	1688621389074
REQUEST		agent-config api	1688621387840	1688621389089	KO	status.find.in([200, 209], 304), found 403
USER	Desktop APIs load test	END	1688621389090
USER	Desktop APIs load test	START	1688621389115
USER	Desktop APIs load test	START	1688621389153
USER	Desktop APIs load test	START	1688621389198
USER	Desktop APIs load test	START	1688621389235
USER	Desktop APIs load test	START	1688621389275
REQUEST		agent-config api	1688621388124	1688621389291	KO	status.find.in([200, 209], 304), found 403
REQUEST		agent-config api	1688621388077	1688621389292	KO	status.find.in([200, 209], 304), found 403
REQUEST		agent-config api	1688621388036	1688621389294	KO	status.find.in([200, 209], 304), found 403
REQUEST		agent-config api	1688621387997	1688621389294	KO	status.find.in([200, 209], 304), found 403
REQUEST		agent-config api	1688621388154	1688621389294	KO	status.find.in([200, 209], 304), found 403
USER	Desktop APIs load test	END	1688621389293
USER	Desktop APIs load test	END	1688621389293
USER	Desktop APIs load test	END	1688621389294
USER	Desktop APIs load test	END	1688621389295
USER	Desktop APIs load test	END	1688621389295
USER	Desktop APIs load test	START	1688621389315
USER	Desktop APIs load test	START	1688621389354
REQUEST		agent-config api	1688621388195	1688621389391	KO	status.find.in([200, 209], 304), found 403
USER	Desktop APIs load test	END	1688621389392
USER	Desktop APIs load test	START	1688621389394
USER	Desktop APIs load test	START	1688621389435
USER	Desktop APIs load test	START	1688621389475
REQUEST		agent-config api	1688621388275	1688621389478	KO	status.find.in([200, 209], 304), found 403
USER	Desktop APIs load test	END	1688621389479
REQUEST		agent-config api	1688621388354	1688621389479	KO	status.find.in([200, 209], 304), found 403
REQUEST		agent-config api	1688621388316	1688621389479	KO	status.find.in([200, 209], 304), found 403
USER	Desktop APIs load test	END	1688621389479
USER	Desktop APIs load test	END	1688621389479
REQUEST		agent-config api	1688621386274	1688621389488	KO	status.find.in([200, 209], 304), found 403
USER	Desktop APIs load test	END	1688621389489
USER	Desktop APIs load test	START	1688621389515
REQUEST		agent-config api	1688621386996	1688621389545	KO	status.find.in([200, 209], 304), found 403
USER	Desktop APIs load test	END	1688621389545
USER	Desktop APIs load test	START	1688621389555
USER	Desktop APIs load test	START	1688621389595
USER	Desktop APIs load test	START	1688621389635
REQUEST		agent-config api	1688621387515	1688621389638	KO	status.find.in([200, 209], 304), found 403
USER	Desktop APIs load test	END	1688621389639
REQUEST		agent-config api	1688621387636	1688621389642	KO	status.find.in([200, 209], 304), found 403
USER	Desktop APIs load test	END	1688621389643
REQUEST		agent-config api	1688621388515	1688621389644	KO	status.find.in([200, 209], 304), found 403
REQUEST		agent-config api	1688621388395	1688621389644	KO	status.find.in([200, 209], 304), found 403
USER	Desktop APIs load test	END	1688621389644
USER	Desktop APIs load test	END	1688621389644
REQUEST		agent-config api	1688621388435	1688621389646	KO	status.find.in([200, 209], 304), found 403
USER	Desktop APIs load test	END	1688621389646
REQUEST		agent-config api	1688621388475	1688621389654	KO	status.find.in([200, 209], 304), found 403
USER	Desktop APIs load test	END	1688621389654
REQUEST		agent-config api	1688621388554	1688621389657	KO	status.find.in([200, 209], 304), found 403
USER	Desktop APIs load test	END	1688621389657
USER	Desktop APIs load test	START	1688621389675
USER	Desktop APIs load test	START	1688621389715
USER	Desktop APIs load test	START	1688621389755
REQUEST		agent-config api	1688621388635	1688621389794	KO	status.find.in([200, 209], 304), found 403
REQUEST		agent-config api	1688621388595	1688621389797	KO	status.find.in([200, 209], 304), found 403
USER	Desktop APIs load test	START	1688621389798
USER	Desktop APIs load test	END	1688621389795
USER	Desktop APIs load test	END	1688621389798
USER	Desktop APIs load test	START	1688621389835
USER	Desktop APIs load test	START	1688621389875
REQUEST		agent-config api	1688621388715	1688621389894	KO	status.find.in([200, 209], 304), found 403
USER	Desktop APIs load test	END	1688621389895
USER	Desktop APIs load test	START	1688621389915
USER	Desktop APIs load test	START	1688621389956
REQUEST		agent-config api	1688621388675	1688621389967	KO	status.find.in([200, 209], 304), found 403
USER	Desktop APIs load test	END	1688621389967
REQUEST		agent-config api	1688621388799	1688621389992	KO	status.find.in([200, 209], 304), found 403
USER	Desktop APIs load test	END	1688621389994
USER	Desktop APIs load test	START	1688621389995
USER	Desktop APIs load test	START	1688621390035
REQUEST		agent-config api	1688621388835	1688621390054	KO	status.find.in([200, 209], 304), found 403
USER	Desktop APIs load test	END	1688621390055
USER	Desktop APIs load test	START	1688621390074
REQUEST		agent-config api	1688621388875	1688621390087	KO	status.find.in([200, 209], 304), found 403
USER	Desktop APIs load test	END	1688621390087
REQUEST		agent-config api	1688621388995	1688621390089	KO	status.find.in([200, 209], 304), found 403
USER	Desktop APIs load test	END	1688621390089
REQUEST		agent-config api	1688621389035	1688621390094	KO	status.find.in([200, 209], 304), found 403
USER	Desktop APIs load test	END	1688621390094
USER	Desktop APIs load test	START	1688621390115
USER	Desktop APIs load test	START	1688621390154
USER	Desktop APIs load test	START	1688621390194
REQUEST		agent-config api	1688621388916	1688621390200	KO	status.find.in([200, 209], 304), found 403
REQUEST		agent-config api	1688621389115	1688621390200	KO	status.find.in([200, 209], 304), found 403
USER	Desktop APIs load test	END	1688621390201
USER	Desktop APIs load test	END	1688621390201
USER	Desktop APIs load test	START	1688621390234
REQUEST		agent-config api	1688621389154	1688621390264	KO	status.find.in([200, 209], 304), found 403
USER	Desktop APIs load test	END	1688621390264
REQUEST		agent-config api	1688621388954	1688621390268	KO	status.find.in([200, 209], 304), found 403
USER	Desktop APIs load test	END	1688621390268
USER	Desktop APIs load test	START	1688621390274
USER	Desktop APIs load test	START	1688621390315
USER	Desktop APIs load test	START	1688621390355
USER	Desktop APIs load test	START	1688621390396
USER	Desktop APIs load test	START	1688621390435
REQUEST		agent-config api	1688621389276	1688621390469	KO	status.find.in([200, 209], 304), found 403
REQUEST		agent-config api	1688621389235	1688621390471	KO	status.find.in([200, 209], 304), found 403
REQUEST		agent-config api	1688621389198	1688621390472	KO	status.find.in([200, 209], 304), found 403
USER	Desktop APIs load test	END	1688621390469
USER	Desktop APIs load test	END	1688621390472
USER	Desktop APIs load test	END	1688621390472
USER	Desktop APIs load test	START	1688621390474
USER	Desktop APIs load test	START	1688621390515
USER	Desktop APIs load test	START	1688621390554
REQUEST		agent-config api	1688621387556	1688621390564	KO	status.find.in([200, 209], 304), found 403
USER	Desktop APIs load test	END	1688621390565
REQUEST		agent-config api	1688621388235	1688621390582	KO	status.find.in([200, 209], 304), found 403
USER	Desktop APIs load test	END	1688621390583
USER	Desktop APIs load test	START	1688621390596
REQUEST		agent-config api	1688621389074	1688621390623	KO	status.find.in([200, 209], 304), found 403
USER	Desktop APIs load test	END	1688621390624
REQUEST		agent-config api	1688621388756	1688621390624	KO	status.find.in([200, 209], 304), found 403
USER	Desktop APIs load test	END	1688621390624
USER	Desktop APIs load test	START	1688621390635
REQUEST		agent-config api	1688621389435	1688621390649	KO	status.find.in([200, 209], 304), found 403
USER	Desktop APIs load test	END	1688621390651
USER	Desktop APIs load test	START	1688621390675
USER	Desktop APIs load test	START	1688621390715
USER	Desktop APIs load test	START	1688621390755
USER	Desktop APIs load test	START	1688621390796
USER	Desktop APIs load test	START	1688621390836
REQUEST		agent-config api	1688621389555	1688621390873	KO	status.find.in([200, 209], 304), found 403
REQUEST		agent-config api	1688621389635	1688621390873	KO	status.find.in([200, 209], 304), found 403
USER	Desktop APIs load test	END	1688621390873
USER	Desktop APIs load test	END	1688621390874
REQUEST		agent-config api	1688621389394	1688621390874	KO	status.find.in([200, 209], 304), found 403
USER	Desktop APIs load test	END	1688621390874
REQUEST		agent-config api	1688621389475	1688621390876	KO	status.find.in([200, 209], 304), found 403
REQUEST		agent-config api	1688621389515	1688621390876	KO	status.find.in([200, 209], 304), found 403
REQUEST		agent-config api	1688621389755	1688621390876	KO	status.find.in([200, 209], 304), found 403
USER	Desktop APIs load test	START	1688621390875
USER	Desktop APIs load test	END	1688621390876
USER	Desktop APIs load test	END	1688621390876
USER	Desktop APIs load test	END	1688621390876
REQUEST		agent-config api	1688621389715	1688621390896	KO	status.find.in([200, 209], 304), found 403
USER	Desktop APIs load test	END	1688621390899
REQUEST		agent-config api	1688621389595	1688621390906	KO	status.find.in([200, 209], 304), found 403
USER	Desktop APIs load test	END	1688621390907
USER	Desktop APIs load test	START	1688621390915
USER	Desktop APIs load test	START	1688621390956
USER	Desktop APIs load test	START	1688621390996
REQUEST		agent-config api	1688621389915	1688621391025	KO	status.find.in([200, 209], 304), found 403
USER	Desktop APIs load test	END	1688621391026
REQUEST		agent-config api	1688621389798	1688621391029	KO	status.find.in([200, 209], 304), found 403
USER	Desktop APIs load test	END	1688621391030
USER	Desktop APIs load test	START	1688621391036
REQUEST		agent-config api	1688621389876	1688621391039	KO	status.find.in([200, 209], 304), found 403
USER	Desktop APIs load test	END	1688621391039
USER	Desktop APIs load test	START	1688621391076
USER	Desktop APIs load test	START	1688621391116
USER	Desktop APIs load test	START	1688621391157
USER	Desktop APIs load test	START	1688621391196
REQUEST		agent-config api	1688621389315	1688621391217	KO	status.find.in([200, 209], 304), found 403
REQUEST		agent-config api	1688621389995	1688621391219	KO	status.find.in([200, 209], 304), found 403
REQUEST		agent-config api	1688621390036	1688621391232	KO	status.find.in([200, 209], 304), found 403
USER	Desktop APIs load test	END	1688621391218
USER	Desktop APIs load test	END	1688621391219
USER	Desktop APIs load test	END	1688621391232
REQUEST		agent-config api	1688621389675	1688621391233	KO	status.find.in([200, 209], 304), found 403
REQUEST		agent-config api	1688621389835	1688621391233	KO	status.find.in([200, 209], 304), found 403
USER	Desktop APIs load test	END	1688621391233
USER	Desktop APIs load test	END	1688621391233
USER	Desktop APIs load test	START	1688621391236
USER	Desktop APIs load test	START	1688621391277
REQUEST		agent-config api	1688621390074	1688621391294	KO	status.find.in([200, 209], 304), found 403
REQUEST		agent-config api	1688621390115	1688621391295	KO	status.find.in([200, 209], 304), found 403
USER	Desktop APIs load test	END	1688621391296
USER	Desktop APIs load test	END	1688621391296
USER	Desktop APIs load test	START	1688621391316
USER	Desktop APIs load test	START	1688621391356
USER	Desktop APIs load test	START	1688621391397
USER	Desktop APIs load test	START	1688621391437
REQUEST		agent-config api	1688621390154	1688621391447	KO	status.find.in([200, 209], 304), found 403
USER	Desktop APIs load test	END	1688621391447
USER	Desktop APIs load test	START	1688621391476
USER	Desktop APIs load test	START	1688621391516
USER	Desktop APIs load test	START	1688621391556
USER	Desktop APIs load test	START	1688621391596
USER	Desktop APIs load test	START	1688621391637
REQUEST		agent-config api	1688621390275	1688621391646	KO	status.find.in([200, 209], 304), found 403
REQUEST		agent-config api	1688621390435	1688621391646	KO	status.find.in([200, 209], 304), found 403
REQUEST		agent-config api	1688621390235	1688621391646	KO	status.find.in([200, 209], 304), found 403
USER	Desktop APIs load test	END	1688621391646
USER	Desktop APIs load test	END	1688621391646
USER	Desktop APIs load test	END	1688621391646
REQUEST		agent-config api	1688621390355	1688621391647	KO	status.find.in([200, 209], 304), found 403
REQUEST		agent-config api	1688621390474	1688621391647	KO	status.find.in([200, 209], 304), found 403
REQUEST		agent-config api	1688621390315	1688621391647	KO	status.find.in([200, 209], 304), found 403
USER	Desktop APIs load test	END	1688621391647
USER	Desktop APIs load test	END	1688621391647
USER	Desktop APIs load test	END	1688621391648
REQUEST		agent-config api	1688621390396	1688621391650	KO	status.find.in([200, 209], 304), found 403
REQUEST		agent-config api	1688621390554	1688621391650	KO	status.find.in([200, 209], 304), found 403
USER	Desktop APIs load test	END	1688621391650
USER	Desktop APIs load test	END	1688621391650
USER	Desktop APIs load test	START	1688621391676
USER	Desktop APIs load test	START	1688621391717
USER	Desktop APIs load test	START	1688621391756
USER	Desktop APIs load test	START	1688621391796
USER	Desktop APIs load test	START	1688621391836
USER	Desktop APIs load test	START	1688621391877
USER	Desktop APIs load test	START	1688621391917
USER	Desktop APIs load test	START	1688621391958
REQUEST		agent-config api	1688621390515	1688621391960	KO	status.find.in([200, 209], 304), found 403
REQUEST		agent-config api	1688621389355	1688621391960	KO	status.find.in([200, 209], 304), found 403
USER	Desktop APIs load test	END	1688621391961
USER	Desktop APIs load test	END	1688621391961
REQUEST		agent-config api	1688621390636	1688621391962	KO	status.find.in([200, 209], 304), found 403
USER	Desktop APIs load test	END	1688621391962
REQUEST		agent-config api	1688621390676	1688621391965	KO	status.find.in([200, 209], 304), found 403
USER	Desktop APIs load test	END	1688621391966
REQUEST		agent-config api	1688621390916	1688621391988	KO	status.find.in([200, 209], 304), found 403
USER	Desktop APIs load test	END	1688621391988
REQUEST		agent-config api	1688621390836	1688621391996	KO	status.find.in([200, 209], 304), found 403
USER	Desktop APIs load test	END	1688621391996
USER	Desktop APIs load test	START	1688621391996
REQUEST		agent-config api	1688621390876	1688621392033	KO	status.find.in([200, 209], 304), found 403
USER	Desktop APIs load test	END	1688621392034
USER	Desktop APIs load test	START	1688621392036
USER	Desktop APIs load test	START	1688621392077
USER	Desktop APIs load test	START	1688621392117
USER	Desktop APIs load test	START	1688621392154
USER	Desktop APIs load test	START	1688621392195
USER	Desktop APIs load test	START	1688621392235
REQUEST		agent-config api	1688621391036	1688621392263	KO	status.find.in([200, 209], 304), found 403
USER	Desktop APIs load test	END	1688621392264
REQUEST		agent-config api	1688621390996	1688621392265	KO	status.find.in([200, 209], 304), found 403
USER	Desktop APIs load test	END	1688621392266
REQUEST		agent-config api	1688621391196	1688621392266	KO	status.find.in([200, 209], 304), found 403
USER	Desktop APIs load test	END	1688621392267
REQUEST		agent-config api	1688621390756	1688621392271	KO	status.find.in([200, 209], 304), found 403
USER	Desktop APIs load test	END	1688621392271
REQUEST		agent-config api	1688621391077	1688621392272	KO	status.find.in([200, 209], 304), found 403
USER	Desktop APIs load test	END	1688621392272
USER	Desktop APIs load test	START	1688621392275
USER	Desktop APIs load test	START	1688621392315
REQUEST		agent-config api	1688621390956	1688621392351	KO	status.find.in([200, 209], 304), found 403
REQUEST		agent-config api	1688621391116	1688621392351	KO	status.find.in([200, 209], 304), found 403
USER	Desktop APIs load test	END	1688621392352
USER	Desktop APIs load test	END	1688621392352
REQUEST		agent-config api	1688621390195	1688621392356	KO	status.find.in([200, 209], 304), found 403
REQUEST		agent-config api	1688621391158	1688621392356	KO	status.find.in([200, 209], 304), found 403
USER	Desktop APIs load test	START	1688621392355
USER	Desktop APIs load test	END	1688621392356
USER	Desktop APIs load test	END	1688621392356
USER	Desktop APIs load test	START	1688621392395
USER	Desktop APIs load test	START	1688621392434
USER	Desktop APIs load test	START	1688621392475
USER	Desktop APIs load test	START	1688621392516
REQUEST		agent-config api	1688621391437	1688621392554	KO	status.find.in([200, 209], 304), found 403
USER	Desktop APIs load test	END	1688621392555
USER	Desktop APIs load test	START	1688621392555
REQUEST		