RUN	computerdatabase.BasicSimulation	basicsimulation	1663079201195	 	3.7.6
USER	Desktop APIs load test	START	1663079202133
USER	Desktop APIs load test	START	1663079202070
USER	Desktop APIs load test	START	1663079202174
USER	Desktop APIs load test	START	1663079202092
USER	Desktop APIs load test	START	1663079202216
USER	Desktop APIs load test	START	1663079202256
USER	Desktop APIs load test	START	1663079202298
USER	Desktop APIs load test	START	1663079202339
USER	Desktop APIs load test	START	1663079202379
USER	Desktop APIs load test	START	1663079202423
USER	Desktop APIs load test	START	1663079202464
USER	Desktop APIs load test	START	1663079202505
USER	Desktop APIs load test	START	1663079202547
USER	Desktop APIs load test	START	1663079202591
USER	Desktop APIs load test	START	1663079202631
USER	Desktop APIs load test	START	1663079202671
USER	Desktop APIs load test	START	1663079202711
USER	Desktop APIs load test	START	1663079202752
USER	Desktop APIs load test	START	1663079202792
USER	Desktop APIs load test	START	1663079202832
USER	Desktop APIs load test	START	1663079202872
USER	Desktop APIs load test	START	1663079202912
USER	Desktop APIs load test	START	1663079202952
USER	Desktop APIs load test	START	1663079202992
USER	Desktop APIs load test	START	1663079203032
USER	Desktop APIs load test	START	1663079203072
USER	Desktop APIs load test	START	1663079203112
USER	Desktop APIs load test	START	1663079203152
USER	Desktop APIs load test	START	1663079203192
USER	Desktop APIs load test	START	1663079203232
USER	Desktop APIs load test	START	1663079203273
USER	Desktop APIs load test	START	1663079203313
USER	Desktop APIs load test	START	1663079203352
REQUEST		agent-config api	1663079202216	1663079203347	KO	status.find.in([200, 209], 304), found 401
REQUEST		agent-config api	1663079202993	1663079203359	KO	status.find.in([200, 209], 304), found 401
REQUEST		agent-config api	1663079202098	1663079203358	KO	status.find.in([200, 209], 304), found 401
REQUEST		agent-config api	1663079202133	1663079203346	KO	status.find.in([200, 209], 304), found 401
REQUEST		agent-config api	1663079202506	1663079203346	KO	status.find.in([200, 209], 304), found 401
REQUEST		agent-config api	1663079202547	1663079203366	KO	status.find.in([200, 209], 304), found 401
REQUEST		agent-config api	1663079202175	1663079203347	KO	status.find.in([200, 209], 304), found 401
REQUEST		agent-config api	1663079202424	1663079203355	KO	status.find.in([200, 209], 304), found 401
REQUEST		agent-config api	1663079202380	1663079203356	KO	status.find.in([200, 209], 304), found 401
USER	Desktop APIs load test	START	1663079203393
REQUEST		agent-config api	1663079202299	1663079203399	KO	status.find.in([200, 209], 304), found 401
REQUEST		agent-config api	1663079202464	1663079203405	KO	status.find.in([200, 209], 304), found 401
REQUEST		agent-config api	1663079202672	1663079203479	KO	status.find.in([200, 209], 304), found 401
USER	Desktop APIs load test	START	1663079203480
REQUEST		agent-config api	1663079202872	1663079203481	KO	status.find.in([200, 209], 304), found 401
USER	Desktop APIs load test	START	1663079203481
REQUEST		agent-config api	1663079202832	1663079203481	KO	status.find.in([200, 209], 304), found 401
REQUEST		agent-config api	1663079202591	1663079203507	KO	status.find.in([200, 209], 304), found 401
REQUEST		agent-config api	1663079202339	1663079203512	KO	status.find.in([200, 209], 304), found 401
USER	Desktop APIs load test	START	1663079203513
REQUEST		agent-config api	1663079202752	1663079203516	KO	status.find.in([200, 209], 304), found 401
REQUEST		agent-config api	1663079203033	1663079203520	KO	status.find.in([200, 209], 304), found 401
REQUEST		agent-config api	1663079202632	1663079203528	KO	status.find.in([200, 209], 304), found 401
REQUEST		agent-config api	1663079202257	1663079203528	KO	status.find.in([200, 209], 304), found 401
USER	Desktop APIs load test	START	1663079203553
USER	Desktop APIs load test	START	1663079203593
REQUEST		agent-config api	1663079202098	1663079203618	KO	status.find.in([200, 209], 304), found 401
USER	Desktop APIs load test	START	1663079203633
USER	Desktop APIs load test	START	1663079203673
USER	Desktop APIs load test	START	1663079203714
REQUEST		agent-config api	1663079202792	1663079203750	KO	status.find.in([200, 209], 304), found 401
USER	Desktop APIs load test	START	1663079203753
USER	Desktop APIs load test	START	1663079203793
REQUEST		agent-config api	1663079202712	1663079203804	KO	status.find.in([200, 209], 304), found 401
USER	Desktop APIs load test	START	1663079203833
USER	Desktop APIs load test	START	1663079203874
REQUEST		agent-config api	1663079202953	1663079203904	KO	status.find.in([200, 209], 304), found 401
USER	Desktop APIs load test	START	1663079203914
USER	Desktop APIs load test	START	1663079203954
USER	Desktop APIs load test	START	1663079203994
REQUEST		agent-config api	1663079203313	1663079203995	KO	status.find.in([200, 209], 304), found 401
REQUEST		agent-config api	1663079202912	1663079204012	KO	status.find.in([200, 209], 304), found 401
USER	Desktop APIs load test	START	1663079204034
USER	Desktop APIs load test	START	1663079204074
USER	Desktop APIs load test	START	1663079204087
REQUEST		agent-config api	1663079203113	1663079204104	KO	status.find.in([200, 209], 304), found 401
REQUEST		agent-config api	1663079203072	1663079204106	KO	status.find.in([200, 209], 304), found 401
REQUEST		agent-config api	1663079203153	1663079204114	KO	status.find.in([200, 209], 304), found 401
USER	Desktop APIs load test	START	1663079204127
USER	Desktop APIs load test	START	1663079204167
REQUEST		agent-config api	1663079203273	1663079204188	KO	status.find.in([200, 209], 304), found 401
REQUEST		agent-config api	1663079203674	1663079204202	KO	status.find.in([200, 209], 304), found 401
REQUEST		desktop-layout api	1663079203480	1663079204206	KO	status.find.in([200, 209], 304), found 401
REQUEST		desktop-layout api	1663079203371	1663079204207	KO	status.find.in([200, 209], 304), found 401
REQUEST		desktop-layout api	1663079203373	1663079204207	KO	status.find.in([200, 209], 304), found 401
USER	Desktop APIs load test	START	1663079204207
USER	Desktop APIs load test	END	1663079204210
USER	Desktop APIs load test	END	1663079204210
USER	Desktop APIs load test	END	1663079204210
REQUEST		desktop-layout api	1663079203372	1663079204213	KO	status.find.in([200, 209], 304), found 401
USER	Desktop APIs load test	END	1663079204214
REQUEST		agent-config api	1663079203193	1663079204216	KO	status.find.in([200, 209], 304), found 401
REQUEST		agent-config api	1663079203393	1663079204218	KO	status.find.in([200, 209], 304), found 401
REQUEST		agent-config api	1663079203634	1663079204219	KO	status.find.in([200, 209], 304), found 401
REQUEST		agent-config api	1663079203233	1663079204225	KO	status.find.in([200, 209], 304), found 401
USER	Desktop APIs load test	START	1663079204247
USER	Desktop APIs load test	START	1663079204287
REQUEST		agent-config api	1663079203553	1663079204320	KO	status.find.in([200, 209], 304), found 401
USER	Desktop APIs load test	START	1663079204327
USER	Desktop APIs load test	START	1663079204367
USER	Desktop APIs load test	START	1663079204407
USER	Desktop APIs load test	START	1663079204447
USER	Desktop APIs load test	START	1663079204487
USER	Desktop APIs load test	START	1663079204527
USER	Desktop APIs load test	START	1663079204567
REQUEST		desktop-layout api	1663079203482	1663079204598	KO	status.find.in([200, 209], 304), found 401
USER	Desktop APIs load test	END	1663079204599
REQUEST		agent-config api	1663079203954	1663079204600	KO	status.find.in([200, 209], 304), found 401
USER	Desktop APIs load test	START	1663079204607
USER	Desktop APIs load test	START	1663079204647
USER	Desktop APIs load test	START	1663079204687
REQUEST		desktop-layout api	1663079203406	1663079204700	KO	status.find.in([200, 209], 304), found 401
USER	Desktop APIs load test	END	1663079204702
REQUEST		desktop-layout api	1663079203374	1663079204712	KO	status.find.in([200, 209], 304), found 401
USER	Desktop APIs load test	END	1663079204713
REQUEST		agent-config api	1663079203513	1663079204713	KO	status.find.in([200, 209], 304), found 401
USER	Desktop APIs load test	START	1663079204727
REQUEST		agent-config api	1663079203480	1663079204733	KO	status.find.in([200, 209], 304), found 401
REQUEST		agent-config api	1663079203353	1663079204735	KO	status.find.in([200, 209], 304), found 401
USER	Desktop APIs load test	START	1663079204767
REQUEST		agent-config api	1663079204208	1663079204795	KO	status.find.in([200, 209], 304), found 401
REQUEST		agent-config api	1663079203593	1663079204801	KO	status.find.in([200, 209], 304), found 401
REQUEST		agent-config api	1663079203834	1663079204805	KO	status.find.in([200, 209], 304), found 401
USER	Desktop APIs load test	START	1663079204807
REQUEST		desktop-layout api	1663079203369	1663079204808	KO	status.find.in([200, 209], 304), found 401
USER	Desktop APIs load test	END	1663079204809
REQUEST		agent-config api	1663079203481	1663079204820	KO	status.find.in([200, 209], 304), found 401
REQUEST		agent-config api	1663079203914	1663079204828	KO	status.find.in([200, 209], 304), found 401
USER	Desktop APIs load test	START	1663079204847
USER	Desktop APIs load test	START	1663079204888
REQUEST		desktop-layout api	1663079203374	1663079204900	KO	status.find.in([200, 209], 304), found 401
USER	Desktop APIs load test	END	1663079204901
REQUEST		desktop-layout api	1663079204106	1663079204902	KO	status.find.in([200, 209], 304), found 401
REQUEST		agent-config api	1663079204247	1663079204902	KO	status.find.in([200, 209], 304), found 401
USER	Desktop APIs load test	END	1663079204903
REQUEST		agent-config api	1663079203994	1663079204903	KO	status.find.in([200, 209], 304), found 401
REQUEST		agent-config api	1663079203753	1663079204908	KO	status.find.in([200, 209], 304), found 401
REQUEST		desktop-layout api	1663079203508	1663079204908	KO	status.find.in([200, 209], 304), found 401
USER	Desktop APIs load test	END	1663079204909
REQUEST		agent-config api	1663079203714	1663079204910	KO	status.find.in([200, 209], 304), found 401
REQUEST		agent-config api	1663079204167	1663079204922	KO	status.find.in([200, 209], 304), found 401
USER	Desktop APIs load test	START	1663079204927
USER	Desktop APIs load test	START	1663079204967
REQUEST		desktop-layout api	1663079203482	1663079204997	KO	status.find.in([200, 209], 304), found 401
USER	Desktop APIs load test	END	1663079204998
REQUEST		desktop-layout api	1663079203400	1663079204999	KO	status.find.in([200, 209], 304), found 401
USER	Desktop APIs load test	END	1663079205000
REQUEST		desktop-layout api	1663079203528	1663079205001	KO	status.find.in([200, 209], 304), found 401
USER	Desktop APIs load test	END	1663079205002
REQUEST		agent-config api	1663079204087	1663079205002	KO	status.find.in([200, 209], 304), found 401
REQUEST		agent-config api	1663079204407	1663079205003	KO	status.find.in([200, 209], 304), found 401
REQUEST		agent-config api	1663079204127	1663079205007	KO	status.find.in([200, 209], 304), found 401
USER	Desktop APIs load test	START	1663079205007
REQUEST		agent-config api	1663079204074	1663079205010	KO	status.find.in([200, 209], 304), found 401
REQUEST		desktop-layout api	1663079203521	1663079205020	KO	status.find.in([200, 209], 304), found 401
USER	Desktop APIs load test	END	1663079205021
USER	Desktop APIs load test	START	1663079205048
REQUEST		agent-config api	1663079204608	1663079205059	KO	status.find.in([200, 209], 304), found 401
USER	Desktop APIs load test	START	1663079205086
REQUEST		desktop-layout api	1663079204114	1663079205095	KO	status.find.in([200, 209], 304), found 401
USER	Desktop APIs load test	END	1663079205096
REQUEST		desktop-layout api	1663079203997	1663079205097	KO	status.find.in([200, 209], 304), found 401
USER	Desktop APIs load test	END	1663079205098
REQUEST		agent-config api	1663079204287	1663079205103	KO	status.find.in([200, 209], 304), found 401
REQUEST		agent-config api	1663079203794	1663079205110	KO	status.find.in([200, 209], 304), found 401
REQUEST		agent-config api	1663079204448	1663079205112	KO	status.find.in([200, 209], 304), found 401
REQUEST		agent-config api	1663079203874	1663079205122	KO	status.find.in([200, 209], 304), found 401
USER	Desktop APIs load test	START	1663079205126
USER	Desktop APIs load test	START	1663079205167
USER	Desktop APIs load test	START	1663079205207
REQUEST		agent-config api	1663079204688	1663079205223	KO	status.find.in([200, 209], 304), found 401
USER	Desktop APIs load test	START	1663079205247
USER	Desktop APIs load test	START	1663079205287
REQUEST		desktop-layout api	1663079203619	1663079205310	KO	status.find.in([200, 209], 304), found 401
USER	Desktop APIs load test	END	1663079205312
REQUEST		desktop-layout api	1663079203513	1663079205315	KO	status.find.in([200, 209], 304), found 401
USER	Desktop APIs load test	END	1663079205317
USER	Desktop APIs load test	START	1663079205327
USER	Desktop APIs load test	START	1663079205367
REQUEST		desktop-layout api	1663079203372	1663079205407	KO	status.find.in([200, 209], 304), found 401
USER	Desktop APIs load test	START	1663079205407
USER	Desktop APIs load test	END	1663079205408
REQUEST		agent-config api	1663079204928	1663079205409	KO	status.find.in([200, 209], 304), found 401
REQUEST		agent-config api	1663079204568	1663079205411	KO	status.find.in([200, 209], 304), found 401
REQUEST		agent-config api	1663079204327	1663079205412	KO	status.find.in([200, 209], 304), found 401
REQUEST		agent-config api	1663079204367	1663079205412	KO	status.find.in([200, 209], 304), found 401
REQUEST		agent-config api	1663079204888	1663079205414	KO	status.find.in([200, 209], 304), found 401
REQUEST		agent-config api	1663079204807	1663079205418	KO	status.find.in([200, 209], 304), found 401
USER	Desktop APIs load test	START	1663079205447
REQUEST		desktop-layout api	1663079203371	1663079205462	KO	status.find.in([200, 209], 304), found 401
USER	Desktop APIs load test	END	1663079205463
REQUEST		desktop-layout api	1663079204828	1663079205463	KO	status.find.in([200, 209], 304), found 401
REQUEST		desktop-layout api	1663079204796	1663079205464	KO	status.find.in([200, 209], 304), found 401
USER	Desktop APIs load test	END	1663079205465
USER	Desktop APIs load test	END	1663079205465
USER	Desktop APIs load test	START	1663079205487
REQUEST		desktop-layout api	1663079203528	1663079205494	KO	status.find.in([200, 209], 304), found 401
USER	Desktop APIs load test	END	1663079205495
REQUEST		desktop-layout api	1663079205104	1663079205508	KO	status.find.in([200, 209], 304), found 401
USER	Desktop APIs load test	END	1663079205510
REQUEST		desktop-layout api	1663079203369	1663079205510	KO	status.find.in([200, 209], 304), found 401
USER	Desktop APIs load test	END	1663079205511
REQUEST		desktop-layout api	1663079203752	1663079205511	KO	status.find.in([200, 209], 304), found 401
REQUEST		desktop-layout api	1663079204322	1663079205511	KO	status.find.in([200, 209], 304), found 401
USER	Desktop APIs load test	END	1663079205512
USER	Desktop APIs load test	END	1663079205513
REQUEST		desktop-layout api	1663079204734	1663079205513	KO	status.find.in([200, 209], 304), found 401
USER	Desktop APIs load test	END	1663079205515
REQUEST		desktop-layout api	1663079204802	1663079205516	KO	status.find.in([200, 209], 304), found 401
USER	Desktop APIs load test	END	1663079205517
REQUEST		agent-config api	1663079204488	1663079205517	KO	status.find.in([200, 209], 304), found 401
REQUEST		agent-config api	1663079204848	1663079205517	KO	status.find.in([200, 209], 304), found 401
REQUEST		agent-config api	1663079204648	1663079205518	KO	status.find.in([200, 209], 304), found 401
REQUEST		agent-config api	1663079204728	1663079205521	KO	status.find.in([200, 209], 304), found 401
USER	Desktop APIs load test	START	1663079205527
USER	Desktop APIs load test	START	1663079205567
USER	Desktop APIs load test	START	1663079205607
REQUEST		agent-config api	1663079204528	1663079205641	KO	status.find.in([200, 209], 304), found 401
USER	Desktop APIs load test	START	1663079205647
USER	Desktop APIs load test	START	1663079205687
REQUEST		agent-config api	1663079204768	1663079205709	KO	status.find.in([200, 209], 304), found 401
REQUEST		desktop-layout api	1663079204226	1663079205712	KO	status.find.in([200, 209], 304), found 401
REQUEST		desktop-layout api	1663079203805	1663079205713	KO	status.find.in([200, 209], 304), found 401
REQUEST		desktop-layout api	1663079204903	1663079205713	KO	status.find.in([200, 209], 304), found 401
USER	Desktop APIs load test	END	1663079205713
USER	Desktop APIs load test	END	1663079205713
USER	Desktop APIs load test	END	1663079205714
REQUEST		desktop-layout api	1663079204735	1663079205716	KO	status.find.in([200, 209], 304), found 401
USER	Desktop APIs load test	END	1663079205717
USER	Desktop APIs load test	START	1663079205727
USER	Desktop APIs load test	START	1663079205767
REQUEST		desktop-layout api	1663079204217	1663079205796	KO	status.find.in([200, 209], 304), found 401
USER	Desktop APIs load test	END	1663079205797
REQUEST		agent-config api	1663079205048	1663079205807	KO	status.find.in([200, 209], 304), found 401
USER	Desktop APIs load test	START	1663079205807
REQUEST		agent-config api	1663079205327	1663079205815	KO	status.find.in([200, 209], 304), found 401
USER	Desktop APIs load test	START	1663079205847
USER	Desktop APIs load test	START	1663079205887
REQUEST		agent-config api	1663079204034	1663079205908	KO	status.find.in([200, 209], 304), found 401
REQUEST		desktop-layout api	1663079204189	1663079205910	KO	status.find.in([200, 209], 304), found 401
USER	Desktop APIs load test	END	1663079205911
REQUEST		agent-config api	1663079205008	1663079205911	KO	status.find.in([200, 209], 304), found 401
REQUEST		agent-config api	1663079205367	1663079205914	KO	status.find.in([200, 209], 304), found 401
REQUEST		desktop-layout api	1663079203516	1663079205922	KO	status.find.in([200, 209], 304), found 401
USER	Desktop APIs load test	END	1663079205923
USER	Desktop APIs load test	START	1663079205927
USER	Desktop APIs load test	START	1663079205967
USER	Desktop APIs load test	START	1663079206007
REQUEST		agent-config api	1663079205287	1663079206012	KO	status.find.in([200, 209], 304), found 401
REQUEST		agent-config api	1663079205407	1663079206016	KO	status.find.in([200, 209], 304), found 401
REQUEST		agent-config api	1663079205568	1663079206023	KO	status.find.in([200, 209], 304), found 401
REQUEST		agent-config api	1663079205607	1663079206025	KO	status.find.in([200, 209], 304), found 401
USER	Desktop APIs load test	START	1663079206047
USER	Desktop APIs load test	START	1663079206086
REQUEST		desktop-layout api	1663079205418	1663079206097	KO	status.find.in([200, 209], 304), found 401
USER	Desktop APIs load test	END	1663079206098
REQUEST		agent-config api	1663079205447	1663079206107	KO	status.find.in([200, 209], 304), found 401
REQUEST		agent-config api	1663079205207	1663079206111	KO	status.find.in([200, 209], 304), found 401
REQUEST		agent-config api	1663079205087	1663079206120	KO	status.find.in([200, 209], 304), found 401
USER	Desktop APIs load test	START	1663079206126
USER	Desktop APIs load test	START	1663079206166
REQUEST		agent-config api	1663079205487	1663079206195	KO	status.find.in([200, 209], 304), found 401
USER	Desktop APIs load test	START	1663079206206
REQUEST		agent-config api	1663079205167	1663079206219	KO	status.find.in([200, 209], 304), found 401
REQUEST		agent-config api	1663079205247	1663079206219	KO	status.find.in([200, 209], 304), found 401
USER	Desktop APIs load test	START	1663079206246
USER	Desktop APIs load test	START	1663079206286
REQUEST		desktop-layout api	1663079203905	1663079206294	KO	status.find.in([200, 209], 304), found 401
USER	Desktop APIs load test	END	1663079206295
REQUEST		agent-config api	1663079204968	1663079206307	KO	status.find.in([200, 209], 304), found 401
REQUEST		desktop-layout api	1663079205007	1663079206310	KO	status.find.in([200, 209], 304), found 401
USER	Desktop APIs load test	END	1663079206312
REQUEST		agent-config api	1663079205127	1663079206317	KO	status.find.in([200, 209], 304), found 401
USER	Desktop APIs load test	START	1663079206327
USER	Desktop APIs load test	START	1663079206367
REQUEST		desktop-layout api	1663079205412	1663079206398	KO	status.find.in([200, 209], 304), found 401
USER	Desktop APIs load test	END	1663079206399
REQUEST		agent-config api	1663079205847	1663079206400	KO	status.find.in([200, 209], 304), found 401
REQUEST		agent-config api	1663079205728	1663079206404	KO	status.find.in([200, 209], 304), found 401
USER	Desktop APIs load test	START	1663079206406
USER	Desktop APIs load test	START	1663079206447
USER	Desktop APIs load test	START	1663079206487
REQUEST		desktop-layout api	1663079205112	1663079206499	KO	status.find.in([200, 209], 304), found 401
USER	Desktop APIs load test	END	1663079206500
REQUEST		desktop-layout api	1663079204220	1663079206500	KO	status.find.in([200, 209], 304), found 401
USER	Desktop APIs load test	END	1663079206501
REQUEST		agent-config api	1663079205888	1663079206525	KO	status.find.in([200, 209], 304), found 401
REQUEST		agent-config api	1663079205768	1663079206526	KO	status.find.in([200, 209], 304), found 401
USER	Desktop APIs load test	START	1663079206527
REQUEST		agent-config api	1663079205528	1663079206532	KO	status.find.in([200, 209], 304), found 401
USER	Desktop APIs load test	START	1663079206567
USER	Desktop APIs load test	START	1663079206607
REQUEST		desktop-layout api	1663079205517	1663079206620	KO	status.find.in([200, 209], 304), found 401
USER	Desktop APIs load test	END	1663079206621
REQUEST		desktop-layout api	1663079205909	1663079206621	KO	status.find.in([200, 209], 304), found 401
USER	Desktop APIs load test	END	1663079206622
REQUEST		agent-config api	1663079205807	1663079206626	KO	status.find.in([200, 209], 304), found 401
REQUEST		agent-config api	1663079205648	1663079206626	KO	status.find.in([200, 209], 304), found 401
USER	Desktop APIs load test	START	1663079206647
REQUEST		desktop-layout api	1663079205413	1663079206683	KO	status.find.in([200, 209], 304), found 401
USER	Desktop APIs load test	END	1663079206684
USER	Desktop APIs load test	START	1663079206687
REQUEST		desktop-layout api	1663079204714	1663079206704	KO	status.find.in([200, 209], 304), found 401
REQUEST		desktop-layout api	1663079204105	1663079206704	KO	status.find.in([200, 209], 304), found 401
USER	Desktop APIs load test	END	1663079206705
USER	Desktop APIs load test	END	1663079206705
REQUEST		agent-config api	1663079205927	1663079206707	KO	status.find.in([200, 209], 304), found 401
REQUEST		agent-config api	1663079206087	1663079206726	KO	status.find.in([200, 209], 304), found 401
USER	Desktop APIs load test	START	1663079206728
REQUEST		desktop-layout api	1663079204910	1663079206746	KO	status.find.in([200, 209], 304), found 401
REQUEST		desktop-layout api	1663079204908	1663079206747	KO	status.find.in([200, 209], 304), found 401
USER	Desktop APIs load test	END	1663079206747
USER	Desktop APIs load test	END	1663079206748
REQUEST		agent-config api	1663079206126	1663079206749	KO	status.find.in([200, 209], 304), found 401
USER	Desktop APIs load test	START	1663079206767
REQUEST		desktop-layout api	1663079206220	1663079206790	KO	status.find.in([200, 209], 304), found 401
USER	Desktop APIs load test	END	1663079206791
REQUEST		desktop-layout api	1663079206220	1663079206792	KO	status.find.in([200, 209], 304), found 401
REQUEST		desktop-layout api	1663079205003	1663079206792	KO	status.find.in([200, 209], 304), found 401
USER	Desktop APIs load test	END	1663079206792
USER	Desktop APIs load test	END	1663079206793
REQUEST		desktop-layout api	1663079204012	1663079206793	KO	status.find.in([200, 209], 304), found 401
USER	Desktop APIs load test	END	1663079206793
REQUEST		desktop-layout api	1663079204601	1663079206794	KO	status.find.in([200, 209], 304), found 401
USER	Desktop APIs load test	END	1663079206794
REQUEST		agent-config api	1663079206167	1663079206796	KO	status.find.in([200, 209], 304), found 401
REQUEST		desktop-layout api	1663079205002	1663079206797	KO	status.find.in([200, 209], 304), found 401
USER	Desktop APIs load test	END	1663079206798
REQUEST		desktop-layout api	1663079205110	1663079206801	KO	status.find.in([200, 209], 304), found 401
USER	Desktop APIs load test	END	1663079206802
REQUEST		desktop-layout api	1663079205224	1663079206802	KO	status.find.in([200, 209], 304), found 401
REQUEST		desktop-layout api	1663079205912	1663079206803	KO	status.find.in([200, 209], 304), found 401
USER	Desktop APIs load test	END	1663079206803
USER	Desktop APIs load test	END	1663079206804
REQUEST		desktop-layout api	1663079205915	1663079206805	KO	status.find.in([200, 209], 304), found 401
USER	Desktop APIs load test	END	1663079206805
USER	Desktop APIs load test	START	1663079206807
REQUEST		desktop-layout api	1663079205414	1663079206807	KO	status.find.in([200, 209], 304), found 401
USER	Desktop APIs load test	END	1663079206808
REQUEST		agent-config api	1663079205687	1663079206808	KO	status.find.in([200, 209], 304), found 401
REQUEST		agent-config api	1663079206050	1663079206815	KO	status.find.in([200, 209], 304), found 401
USER	Desktop APIs load test	START	1663079206847
USER	Desktop APIs load test	START	1663079206887
REQUEST		desktop-layout api	1663079205059	1663079206897	KO	status.find.in([200, 209], 304), found 401
REQUEST		desktop-layout api	1663079205011	1663079206897	KO	status.find.in([200, 209], 304), found 401
USER	Desktop APIs load test	END	1663079206898
USER	Desktop APIs load test	END	1663079206898
REQUEST		desktop-layout api	1663079204805	1663079206902	KO	status.find.in([200, 209], 304), found 401
USER	Desktop APIs load test	END	1663079206903
REQUEST		desktop-layout api	1663079204904	1663079206904	KO	status.find.in([200, 209], 304), found 401
USER	Desktop APIs load test	END	1663079206905
REQUEST		agent-config api	1663079206207	1663079206908	KO	status.find.in([200, 209], 304), found 401
REQUEST		agent-config api	1663079206247	1663079206911	KO	status.find.in([200, 209], 304), found 401
REQUEST		desktop-layout api	1663079205521	1663079206913	KO	status.find.in([200, 209], 304), found 401
USER	Desktop APIs load test	END	1663079206914
REQUEST		desktop-layout api	1663079204219	1663079206914	KO	status.find.in([200, 209], 304), found 401
USER	Desktop APIs load test	END	1663079206914
REQUEST		agent-config api	1663079206287	1663079206915	KO	status.find.in([200, 209], 304), found 401
USER	Desktop APIs load test	START	1663079206927
USER	Desktop APIs load test	START	1663079206967
REQUEST		agent-config api	1663079206008	1663079206994	KO	status.find.in([200, 209], 304), found 401
REQUEST		desktop-layout api	1663079205410	1663079206998	KO	status.find.in([200, 209], 304), found 401
USER	Desktop APIs load test	END	1663079206999
USER	Desktop APIs load test	START	1663079207007
REQUEST		agent-config api	1663079206327	1663079207010	KO	status.find.in([200, 209], 304), found 401
REQUEST		agent-config api	1663079205968	1663079207025	KO	status.find.in([200, 209], 304), found 401
USER	Desktop APIs load test	START	1663079207047
USER	Desktop APIs load test	START	1663079207087
REQUEST		desktop-layout api	1663079205710	1663079207096	KO	status.find.in([200, 209], 304), found 401
USER	Desktop APIs load test	END	1663079207097
USER	Desktop APIs load test	START	1663079207127
USER	Desktop APIs load test	START	1663079207167
REQUEST		desktop-layout api	1663079204821	1663079207187	KO	status.find.in([200, 209], 304), found 401
USER	Desktop APIs load test	END	1663079207188
REQUEST		desktop-layout api	1663079204923	1663079207195	KO	status.find.in([200, 209], 304), found 401
USER	Desktop APIs load test	END	1663079207196
REQUEST		desktop-layout api	1663079206196	1663079207201	KO	status.find.in([200, 209], 304), found 401
USER	Desktop APIs load test	END	1663079207202
USER	Desktop APIs load test	START	1663079207207
REQUEST		desktop-layout api	1663079206024	1663079207209	KO	status.find.in([200, 209], 304), found 401
USER	Desktop APIs load test	END	1663079207210
REQUEST		agent-config api	1663079206487	1663079207211	KO	status.find.in([200, 209], 304), found 401
USER	Desktop APIs load test	START	1663079207247
USER	Desktop APIs load test	START	1663079207287
REQUEST		desktop-layout api	1663079204203	1663079207304	KO	status.find.in([200, 209], 304), found 401
USER	Desktop APIs load test	END	1663079207305
REQUEST		agent-config api	1663079206407	1663079207310	KO	status.find.in([200, 209], 304), found 401
REQUEST		agent-config api	1663079206567	1663079207312	KO	status.find.in([200, 209], 304), found 401
REQUEST		agent-config api	1663079206367	1663079207312	KO	status.find.in([200, 209], 304), found 401
REQUEST		agent-config api	1663079206608	1663079207313	KO	status.find.in([200, 209], 304), found 401
REQUEST		agent-config api	1663079206527	1663079207314	KO	status.find.in([200, 209], 304), found 401
REQUEST		agent-config api	1663079206847	1663079207316	KO	status.find.in([200, 209], 304), found 401
REQUEST		agent-config api	1663079206767	1663079207320	KO	status.find.in([200, 209], 304), found 401
USER	Desktop APIs load test	START	1663079207327
USER	Desktop APIs load test	START	1663079207367
REQUEST		desktop-layout api	1663079205642	1663079207382	KO	status.find.in([200, 209], 304), found 401
USER	Desktop APIs load test	END	1663079207383
REQUEST		desktop-layout api	1663079206012	1663079207390	KO	status.find.in([200, 209], 304), found 401
USER	Desktop APIs load test	END	1663079207391
REQUEST		desktop-layout api	1663079206400	1663079207393	KO	status.find.in([200, 209], 304), found 401
USER	Desktop APIs load test	END	1663079207394
REQUEST		desktop-layout api	1663079206750	1663079207394	KO	status.find.in([200, 209], 304), found 401
REQUEST		desktop-layout api	1663079206727	1663079207394	KO	status.find.in([200, 209], 304), found 401
USER	Desktop APIs load test	END	1663079207395
USER	Desktop APIs load test	END	1663079207395
REQUEST		agent-config api	1663079206728	1663079207397	KO	status.find.in([200, 209], 304), found 401
REQUEST		desktop-layout api	1663079206707	1663079207399	KO	status.find.in([200, 209], 304), found 401
USER	Desktop APIs load test	END	1663079207400
REQUEST		agent-config api	1663079206687	1663079207400	KO	status.find.in([200, 209], 304), found 401
REQUEST		agent-config api	1663079206887	1663079207405	KO	status.find.in([200, 209], 304), found 401
USER	Desktop APIs load test	START	1663079207407
REQUEST		agent-config api	1663079206447	1663079207423	KO	status.find.in([200, 209], 304), found 401
USER	Desktop APIs load test	START	1663079207447
USER	Desktop APIs load test	START	1663079207487
REQUEST		desktop-layout api	1663079206025	1663079207499	KO	status.find.in([200, 209], 304), found 401
REQUEST		agent-config api	1663079207007	1663079207500	KO	status.find.in([200, 209], 304), found 401
USER	Desktop APIs load test	END	1663079207502
REQUEST		desktop-layout api	1663079206527	1663079207507	KO	status.find.in([200, 209], 304), found 401
USER	Desktop APIs load test	END	1663079207508
REQUEST		agent-config api	1663079206927	1663079207508	KO	status.find.in([200, 209], 304), found 401
REQUEST		desktop-layout api	1663079206121	1663079207508	KO	status.find.in([200, 209], 304), found 401
USER	Desktop APIs load test	END	1663079207509
REQUEST		agent-config api	1663079206967	1663079207510	KO	status.find.in([200, 209], 304), found 401
REQUEST		desktop-layout api	1663079206310	1663079207511	KO	status.find.in([200, 209], 304), found 401
USER	Desktop APIs load test	END	1663079207511
REQUEST		agent-config api	1663079206647	1663079207512	KO	status.find.in([200, 209], 304), found 401
USER	Desktop APIs load test	START	1663079207527
USER	Desktop APIs load test	START	1663079207567
REQUEST		agent-config api	1663079206807	1663079207600	KO	status.find.in([200, 209], 304), found 401
REQUEST		desktop-layout api	1663079206796	1663079207602	KO	status.find.in([200, 209], 304), found 401
USER	Desktop APIs load test	END	1663079207603
USER	Desktop APIs load test	START	1663079207607
USER	Desktop APIs load test	START	1663079207647
REQUEST		desktop-layout api	1663079206533	1663079207677	KO	status.find.in([200, 209], 304), found 401
USER	Desktop APIs load test	END	1663079207678
USER	Desktop APIs load test	START	1663079207687
REQUEST		desktop-layout api	1663079207010	1663079207709	KO	status.find.in([200, 209], 304), found 401
REQUEST		agent-config api	1663079207047	1663079207709	KO	status.find.in([200, 209], 304), found 401
USER	Desktop APIs load test	END	1663079207710
USER	Desktop APIs load test	START	1663079207727
USER	Desktop APIs load test	START	1663079207767
REQUEST		agent-config api	1663079207367	1663079207775	KO	status.find.in([200, 209], 304), found 401
REQUEST		desktop-layout api	1663079207311	1663079207798	KO	status.find.in([200, 209], 304), found 401
USER	Desktop APIs load test	END	1663079207799
REQUEST		desktop-layout api	1663079206995	1663079207801	KO	status.find.in([200, 209], 304), found 401
REQUEST		agent-config api	1663079207327	1663079207801	KO	status.find.in([200, 209], 304), found 401
USER	Desktop APIs load test	END	1663079207802
USER	Desktop APIs load test	START	1663079207807
USER	Desktop APIs load test	START	1663079207848
USER	Desktop APIs load test	START	1663079207887
REQUEST		desktop-layout api	1663079207313	1663079207891	KO	status.find.in([200, 209], 304), found 401
USER	Desktop APIs load test	END	1663079207892
REQUEST		desktop-layout api	1663079207212	1663079207901	KO	status.find.in([200, 209], 304), found 401
USER	Desktop APIs load test	END	1663079207902
REQUEST		agent-config api	1663079207247	1663079207910	KO	status.find.in([200, 209], 304), found 401
REQUEST		agent-config api	1663079207128	1663079207914	KO	status.find.in([200, 209], 304), found 401
USER	Desktop APIs load test	START	1663079207927
USER	Desktop APIs load test	START	1663079207967
REQUEST		agent-config api	1663079207528	1663079208004	KO	status.find.in([200, 209], 304), found 401
REQUEST		agent-config api	1663079207567	1663079208004	KO	status.find.in([200, 209], 304), found 401
REQUEST		desktop-layout api	1663079207314	1663079208005	KO	status.find.in([200, 209], 304), found 401
USER	Desktop APIs load test	END	1663079208006
USER	Desktop APIs load test	START	1663079208007
REQUEST		agent-config api	1663079207407	1663079208008	KO	status.find.in([200, 209], 304), found 401
REQUEST		agent-config api	1663079207087	1663079208008	KO	status.find.in([200, 209], 304), found 401
REQUEST		agent-config api	1663079207487	1663079208010	KO	status.find.in([200, 209], 304), found 401
REQUEST		agent-config api	1663079207207	1663079208010	KO	status.find.in([200, 209], 304), found 401
REQUEST		agent-config api	1663079207167	1663079208013	KO	status.find.in([200, 209], 304), found 401
USER	Desktop APIs load test	START	1663079208047
USER	Desktop APIs load test	START	1663079208086
USER	Desktop APIs load test	START	1663079208126
USER	Desktop APIs load test	START	1663079208166
REQUEST		desktop-layout api	1663079207513	1663079208204	KO	status.find.in([200, 209], 304), found 401
REQUEST		desktop-layout api	1663079207312	1663079208205	KO	status.find.in([200, 209], 304), found 401
USER	Desktop APIs load test	END	1663079208205
REQUEST		agent-config api	1663079207287	1663079208205	KO	status.find.in([200, 209], 304), found 401
USER	Desktop APIs load test	END	1663079208206
USER	Desktop APIs load test	START	1663079208207
REQUEST		agent-config api	1663079207648	1663079208212	KO	status.find.in([200, 209], 304), found 401
REQUEST		agent-config api	1663079207807	1663079208212	KO	status.find.in([200, 209], 304), found 401
USER	Desktop APIs load test	START	1663079208247
USER	Desktop APIs load test	START	1663079208287
REQUEST		desktop-layout api	1663079207802	1663079208297	KO	status.find.in([200, 209], 304), found 401
REQUEST		desktop-layout api	1663079207508	1663079208297	KO	status.find.in([200, 209], 304), found 401
USER	Desktop APIs load test	END	1663079208298
USER	Desktop APIs load test	END	1663079208298
REQUEST		agent-config api	1663079207447	1663079208300	KO	status.find.in([200, 209], 304), found 401
REQUEST		agent-config api	1663079207767	1663079208305	KO	status.find.in([200, 209], 304), found 401
REQUEST		agent-config api	1663079207688	1663079208314	KO	status.find.in([200, 209], 304), found 401
USER	Desktop APIs load test	START	1663079208327
USER	Desktop APIs load test	START	1663079208367
REQUEST		desktop-layout api	1663079205413	1663079208388	KO	status.find.in([200, 209], 304), found 401
USER	Desktop APIs load test	END	1663079208389
REQUEST		agent-config api	1663079207968	1663079208402	KO	status.find.in([200, 209], 304), found 401
REQUEST		desktop-layout api	1663079207911	1663079208405	KO	status.find.in([200, 209], 304), found 401
USER	Desktop APIs load test	END	1663079208406
USER	Desktop APIs load test	START	1663079208406
REQUEST		agent-config api	1663079207728	1663079208407	KO	status.find.in([200, 209], 304), found 401
REQUEST		agent-config api	1663079208008	1663079208408	KO	status.find.in([200, 209], 304), found 401
REQUEST		agent-config api	1663079207888	1663079208418	KO	status.find.in([200, 209], 304), found 401
REQUEST		agent-config api	1663079207928	1663079208421	KO	status.find.in([200, 209], 304), found 401
USER	Desktop APIs load test	START	1663079208447
USER	Desktop APIs load test	START	1663079208487
REQUEST		desktop-layout api	1663079208009	1663079208495	KO	status.find.in([200, 209], 304), found 401
USER	Desktop APIs load test	END	1663079208495
REQUEST		desktop-layout api	1663079205522	1663079208496	KO	status.find.in([200, 209], 304), found 401
USER	Desktop APIs load test	END	1663079208496
REQUEST		agent-config api	1663079207607	1663079208497	KO	status.find.in([200, 209], 304), found 401
REQUEST		desktop-layout api	1663079208011	1663079208501	KO	status.find.in([200, 209], 304), found 401
REQUEST		desktop-layout api	1663079208005	1663079208502	KO	status.find.in([200, 209], 304), found 401
USER	Desktop APIs load test	END	1663079208503
USER	Desktop APIs load test	END	1663079208503
REQUEST		agent-config api	1663079208048	1663079208505	KO	status.find.in([200, 209], 304), found 401
REQUEST		desktop-layout api	1663079207775	1663079208506	KO	status.find.in([200, 209], 304), found 401
USER	Desktop APIs load test	END	1663079208507
REQUEST		agent-config api	1663079208087	1663079208509	KO	status.find.in([200, 209], 304), found 401
USER	Desktop APIs load test	START	1663079208527
USER	Desktop APIs load test	START	1663079208567
REQUEST		desktop-layout api	1663079208213	1663079208596	KO	status.find.in([200, 209], 304), found 401
USER	Desktop APIs load test	END	1663079208597
REQUEST		agent-config api	1663079208167	1663079208603	KO	status.find.in([200, 209], 304), found 401
USER	Desktop APIs load test	START	1663079208607
REQUEST		agent-config api	1663079208127	1663079208608	KO	status.find.in([200, 209], 304), found 401
REQUEST		agent-config api	1663079208207	1663079208609	KO	status.find.in([200, 209], 304), found 401
USER	Desktop APIs load test	START	1663079208647
REQUEST		desktop-layout api	1663079208314	1663079208651	KO	status.find.in([200, 209], 304), found 401
USER	Desktop APIs load test	END	1663079208652
USER	Desktop APIs load test	START	1663079208687
REQUEST		agent-config api	1663079208287	1663079208695	KO	status.find.in([200, 209], 304), found 401
REQUEST		desktop-layout api	1663079206809	1663079208696	KO	status.find.in([200, 209], 304), found 401
USER	Desktop APIs load test	END	1663079208697
REQUEST		agent-config api	1663079208327	1663079208698	KO	status.find.in([200, 209], 304), found 401
REQUEST		agent-config api	1663079208247	1663079208700	KO	status.find.in([200, 209], 304), found 401
REQUEST		desktop-layout api	1663079207316	1663079208703	KO	status.find.in([200, 209], 304), found 401
USER	Desktop APIs load test	END	1663079208704
REQUEST		agent-config api	1663079207849	1663079208710	KO	status.find.in([200, 209], 304), found 401
REQUEST		agent-config api	1663079208407	1663079208720	KO	status.find.in([200, 209], 304), found 401
USER	Desktop APIs load test	START	1663079208727
REQUEST		agent-config api	1663079208367	1663079208729	KO	status.find.in([200, 209], 304), found 401
USER	Desktop APIs load test	START	1663079208767
REQUEST		desktop-layout api	1663079205123	1663079208793	KO	status.find.in([200, 209], 304), found 401
USER	Desktop APIs load test	END	1663079208794
REQUEST		desktop-layout api	1663079208403	1663079208796	KO	status.find.in([200, 209], 304), found 401
USER	Desktop APIs load test	END	1663079208797
REQUEST		desktop-layout api	1663079208407	1663079208797	KO	status.find.in([200, 209], 304), found 401
USER	Desktop APIs load test	END	1663079208797
USER	Desktop APIs load test	START	1663079208807
REQUEST		desktop-layout api	1663079206626	1663079208811	KO	status.find.in([200, 209], 304), found 401
USER	Desktop APIs load test	END	1663079208812
REQUEST		desktop-layout api	1663079208011	1663079208812	KO	status.find.in([200, 209], 304), found 401
USER	Desktop APIs load test	END	1663079208813
USER	Desktop APIs load test	START	1663079208847
USER	Desktop APIs load test	START	1663079208887
REQUEST		desktop-layout api	1663079208499	1663079208898	KO	status.find.in([200, 209], 304), found 401
USER	Desktop APIs load test	END	1663079208899
REQUEST		agent-config api	1663079208527	1663079208901	KO	status.find.in([200, 209], 304), found 401
REQUEST		desktop-layout api	1663079207423	1663079208902	KO	status.find.in([200, 209], 304), found 401
REQUEST		desktop-layout api	1663079206526	1663079208902	KO	status.find.in([200, 209], 304), found 401
USER	Desktop APIs load test	END	1663079208903
USER	Desktop APIs load test	END	1663079208903
REQUEST		agent-config api	1663079208567	1663079208904	KO	status.find.in([200, 209], 304), found 401
REQUEST		agent-config api	1663079208447	1663079208905	KO	status.find.in([200, 209], 304), found 401
REQUEST		agent-config api	1663079208487	1663079208907	KO	status.find.in([200, 209], 304), found 401
REQUEST		desktop-layout api	1663079208609	1663079208911	KO	status.find.in([200, 209], 304), found 401
USER	Desktop APIs load test	END	1663079208912
USER	Desktop APIs load test	START	1663079208927
USER	Desktop APIs load test	START	1663079208967
REQUEST		desktop-layout api	1663079205816	1663079208989	KO	status.find.in([200, 209], 304), found 401
REQUEST		desktop-layout api	1663079208305	1663079208989	KO	status.find.in([200, 209], 304), found 401
USER	Desktop APIs load test	END	1663079208990
USER	Desktop APIs load test	END	1663079208990
REQUEST		agent-config api	1663079208607	1663079208997	KO	status.find.in([200, 209], 304), found 401
USER	Desktop APIs load test	START	1663079209007
USER	Desktop APIs load test	START	1663079209047
REQUEST		desktop-layout api	1663079208700	1663079209058	KO	status.find.in([200, 209], 304), found 401
USER	Desktop APIs load test	END	1663079209059
USER	Desktop APIs load test	START	1663079209086
REQUEST		desktop-layout api	1663079208721	1663079209092	KO	status.find.in([200, 209], 304), found 401
USER	Desktop APIs load test	END	1663079209093
REQUEST		agent-config api	1663079208687	1663079209095	KO	status.find.in([200, 209], 304), found 401
REQUEST		agent-config api	1663079208727	1663079209097	KO	status.find.in([200, 209], 304), found 401
REQUEST		desktop-layout api	1663079206916	1663079209101	KO	status.find.in([200, 209], 304), found 401
USER	Desktop APIs load test	END	1663079209102
REQUEST		desktop-layout api	1663079208698	1663079209109	KO	status.find.in([200, 209], 304), found 401
USER	Desktop APIs load test	END	1663079209110
REQUEST		agent-config api	1663079208807	1663079209113	KO	status.find.in([200, 209], 304), found 401
USER	Desktop APIs load test	START	1663079209126
USER	Desktop APIs load test	START	1663079209166
REQUEST		agent-config api	1663079208767	1663079209200	KO	status.find.in([200, 209], 304), found 401
REQUEST		desktop-layout api	1663079206626	1663079209202	KO	status.find.in([200, 209], 304), found 401
USER	Desktop APIs load test	END	1663079209202
USER	Desktop APIs load test	START	1663079209206
REQUEST		agent-config api	1663079208887	1663079209219	KO	status.find.in([200, 209], 304), found 401
REQUEST		agent-config api	1663079208927	1663079209224	KO	status.find.in([200, 209], 304), found 401
REQUEST		agent-config api	1663079208847	1663079209225	KO	status.find.in([200, 209], 304), found 401
USER	Desktop APIs load test	START	1663079209246
USER	Desktop APIs load test	START	1663079209286
REQUEST		desktop-layout api	1663079206017	1663079209299	KO	status.find.in([200, 209], 304), found 401
REQUEST		agent-config api	1663079208967	1663079209299	KO	status.find.in([200, 209], 304), found 401
USER	Desktop APIs load test	END	1663079209300
REQUEST		agent-config api	1663079209007	1663079209320	KO	status.find.in([200, 209], 304), found 401
USER	Desktop APIs load test	START	1663079209326
USER	Desktop APIs load test	START	1663079209367
REQUEST		desktop-layout api	1663079207914	1663079209394	KO	status.find.in([200, 209], 304), found 401
USER	Desktop APIs load test	END	1663079209396
REQUEST		desktop-layout api	1663079208301	1663079209402	KO	status.find.in([200, 209], 304), found 401
USER	Desktop APIs load test	END	1663079209403
REQUEST		desktop-layout api	1663079207511	1663079209406	KO	status.find.in([200, 209], 304), found 401
USER	Desktop APIs load test	END	1663079209406
USER	Desktop APIs load test	START	1663079209406
REQUEST		agent-config api	1663079209047	1663079209419	KO	status.find.in([200, 209], 304), found 401
USER	Desktop APIs load test	START	1663079209446
USER	Desktop APIs load test	START	1663079209487
REQUEST		agent-config api	1663079209086	1663079209499	KO	status.find.in([200, 209], 304), found 401
REQUEST		agent-config api	1663079209126	1663079209505	KO	status.find.in([200, 209], 304), found 401
REQUEST		desktop-layout api	1663079209220	1663079209513	KO	status.find.in([200, 209], 304), found 401
USER	Desktop APIs load test	END	1663079209514
REQUEST		agent-config api	1663079209206	1663079209516	KO	status.find.in([200, 209], 304), found 401
REQUEST		agent-config api	1663079209167	1663079209521	KO	status.find.in([200, 209], 304), found 401
USER	Desktop APIs load test	START	1663079209526
REQUEST		desktop-layout api	1663079209225	1663079209530	KO	status.find.in([200, 209], 304), found 401
USER	Desktop APIs load test	END	1663079209531
USER	Desktop APIs load test	START	1663079209566
REQUEST		desktop-layout api	1663079209224	1663079209595	KO	status.find.in([200, 209], 304), found 401
USER	Desktop APIs load test	END	1663079209596
REQUEST		desktop-layout api	1663079207398	1663079209598	KO	status.find.in([200, 209], 304), found 401
USER	Desktop APIs load test	END	1663079209599
REQUEST		desktop-layout api	1663079206404	1663079209600	KO	status.find.in([200, 209], 304), found 401
USER	Desktop APIs load test	END	1663079209601
USER	Desktop APIs load test	START	1663079209606
REQUEST		agent-config api	1663079209326	1663079209615	KO	status.find.in([200, 209], 304), found 401
REQUEST		agent-config api	1663079209287	1663079209635	KO	status.find.in([200, 209], 304), found 401
USER	Desktop APIs load test	START	1663079209646
USER	Desktop APIs load test	START	1663079209687
REQUEST		desktop-layout api	1663079205807	1663079209692	KO	status.find.in([200, 209], 304), found 401
REQUEST		desktop-layout api	1663079205518	1663079209692	KO	status.find.in([200, 209], 304), found 401
USER	Desktop APIs load test	END	1663079209693
USER	Desktop APIs load test	END	1663079209693
REQUEST		desktop-layout api	1663079206112	1663079209693	KO	status.find.in([200, 209], 304), found 401
USER	Desktop APIs load test	END	1663079209694
REQUEST		desktop-layout api	1663079208711	1663079209696	KO	status.find.in([200, 209], 304), found 401
USER	Desktop APIs load test	END	1663079209696
REQUEST		agent-config api	1663079209247	1663079209708	KO	status.find.in([200, 209], 304), found 401
REQUEST		agent-config api	1663079209367	1663079209712	KO	status.find.in([200, 209], 304), found 401
REQUEST		agent-config api	1663079209447	1663079209713	KO	status.find.in([200, 209], 304), found 401
REQUEST		agent-config api	1663079209407	1663079209717	KO	status.find.in([200, 209], 304), found 401
USER	Desktop APIs load test	START	1663079209726
USER	Desktop APIs load test	START	1663079209767
REQUEST		desktop-layout api	1663079206108	1663079209787	KO	status.find.in([200, 209], 304), found 401
USER	Desktop APIs load test	END	1663079209788
REQUEST		desktop-layout api	1663079208005	1663079209797	KO	status.find.in([200, 209], 304), found 401
USER	Desktop APIs load test	END	1663079209798
REQUEST		desktop-layout api	1663079208213	1663079209801	KO	status.find.in([200, 209], 304), found 401
USER	Desktop APIs load test	END	1663079209802
USER	Desktop APIs load test	START	1663079209807
REQUEST		agent-config api	1663079209527	1663079209821	KO	status.find.in([200, 209], 304), found 401
REQUEST		agent-config api	1663079209487	1663079209821	KO	status.find.in([200, 209], 304), found 401
USER	Desktop APIs load test	START	1663079209847
USER	Desktop APIs load test	START	1663079209887
REQUEST		desktop-layout api	1663079208008	1663079209899	KO	status.find.in([200, 209], 304), found 401
REQUEST		desktop-layout api	1663079209522	1663079209899	KO	status.find.in([200, 209], 304), found 401
REQUEST		desktop-layout api	1663079209500	1663079209899	KO	status.find.in([200, 209], 304), found 401
USER	Desktop APIs load test	END	1663079209900
USER	Desktop APIs load test	END	1663079209900
USER	Desktop APIs load test	END	1663079209901
REQUEST		desktop-layout api	1663079207710	1663079209915	KO	status.find.in([200, 209], 304), found 401
USER	Desktop APIs load test	END	1663079209916
REQUEST		agent-config api	1663079209647	1663079209917	KO	status.find.in([200, 209], 304), found 401
REQUEST		agent-config api	1663079209607	1663079209918	KO	status.find.in([200, 209], 304), found 401
USER	Desktop APIs load test	START	1663079209927
REQUEST		agent-config api	1663079209567	1663079209929	KO	status.find.in([200, 209], 304), found 401
USER	Desktop APIs load test	START	1663079209967
REQUEST		desktop-layout api	1663079208421	1663079209983	KO	status.find.in([200, 209], 304), found 401
USER	Desktop APIs load test	END	1663079209984
REQUEST		desktop-layout api	1663079206908	1663079209993	KO	status.find.in([200, 209], 304), found 401
USER	Desktop APIs load test	END	1663079209993
REQUEST		desktop-layout api	1663079206318	1663079209995	KO	status.find.in([200, 209], 304), found 401
REQUEST		desktop-layout api	1663079207314	1663079209996	KO	status.find.in([200, 209], 304), found 401
USER	Desktop APIs load test	END	1663079209996
USER	Desktop APIs load test	END	1663079209997
REQUEST		desktop-layout api	1663079207026	1663079210000	KO	status.find.in([200, 209], 304), found 401
REQUEST		desktop-layout api	1663079207321	1663079210000	KO	status.find.in([200, 209], 304), found 401
USER	Desktop APIs load test	END	1663079210000
USER	Desktop APIs load test	END	1663079210001
USER	Desktop APIs load test	START	1663079210007
USER	Desktop APIs load test	START	1663079210047
USER	Desktop APIs load test	START	1663079210087
REQUEST		desktop-layout api	1663079209712	1663079210100	KO	status.find.in([200, 209], 304), found 401
USER	Desktop APIs load test	END	1663079210101
REQUEST		desktop-layout api	1663079209717	1663079210101	KO	status.find.in([200, 209], 304), found 401
USER	Desktop APIs load test	END	1663079210102
REQUEST		agent-config api	1663079209727	1663079210102	KO	status.find.in([200, 209], 304), found 401
REQUEST		agent-config api	1663079209687	1663079210103	KO	status.find.in([200, 209], 304), found 401
REQUEST		agent-config api	1663079209847	1663079210118	KO	status.find.in([200, 209], 304), found 401
REQUEST		agent-config api	1663079209807	1663079210121	KO	status.find.in([200, 209], 304), found 401
USER	Desktop APIs load test	START	1663079210127
USER	Desktop APIs load test	START	1663079210167
REQUEST		desktop-layout api	1663079209822	1663079210199	KO	status.find.in([200, 209], 304), found 401
USER	Desktop APIs load test	END	1663079210201
USER	Desktop APIs load test	START	1663079210207
USER	Desktop APIs load test	START	1663079210247
USER	Desktop APIs load test	START	1663079210287
REQUEST		desktop-layout api	1663079207501	1663079210294	KO	status.find.in([200, 209], 304), found 401
REQUEST		desktop-layout api	1663079208013	1663079210294	KO	status.find.in([200, 209], 304), found 401
USER	Desktop APIs load test	END	1663079210295
USER	Desktop APIs load test	END	1663079210295
REQUEST		desktop-layout api	1663079208906	1663079210298	KO	status.find.in([200, 209], 304), found 401
USER	Desktop APIs load test	END	1663079210299
REQUEST		agent-config api	1663079209767	1663079210301	KO	status.find.in([200, 209], 304), found 401
REQUEST		agent-config api	1663079209927	1663079210310	KO	status.find.in([200, 209], 304), found 401
REQUEST		agent-config api	1663079209967	1663079210312	KO	status.find.in([200, 209], 304), found 401
REQUEST		desktop-layout api	1663079209919	1663079210313	KO	status.find.in([200, 209], 304), found 401
USER	Desktop APIs load test	END	1663079210314
REQUEST		agent-config api	1663079209887	1663079210314	KO	status.find.in([200, 209], 304), found 401
REQUEST		agent-config api	1663079210047	1663079210316	KO	status.find.in([200, 209], 304), found 401
USER	Desktop APIs load test	START	1663079210327
USER	Desktop APIs load test	START	1663079210367
REQUEST		agent-config api	1663079210007	1663079210392	KO	status.find.in([200, 209], 304), found 401
REQUEST		desktop-layout api	1663079209930	1663079210395	KO	status.find.in([200, 209], 304), found 401
USER	Desktop APIs load test	END	1663079210396
USER	Desktop APIs load test	START	1663079210407
REQUEST		agent-config api	1663079210127	1663079210415	KO	status.find.in([200, 209], 304), found 401
USER	Desktop APIs load test	START	1663079210447
REQUEST		desktop-layout api	1663079208696	1663079210467	KO	status.find.in([200, 209], 304), found 401
USER	Desktop APIs load test	END	1663079210468
USER	Desktop APIs load test	START	1663079210487
REQUEST		desktop-layout api	1663079207406	1663079210494	KO	status.find.in([200, 209], 304), found 401
REQUEST		desktop-layout api	1663079208505	1663079210495	KO	status.find.in([200, 209], 304), found 401
USER	Desktop APIs load test	END	1663079210495
USER	Desktop APIs load test	END	1663079210495
REQUEST		desktop-layout api	1663079206912	1663079210496	KO	status.find.in([200, 209], 304), found 401
USER	Desktop APIs load test	END	1663079210496
REQUEST		desktop-layout api	1663079208902	1663079210496	KO	status.find.in([200, 209], 304), found 401
USER	Desktop APIs load test	END	1663079210497
REQUEST		desktop-layout api	1663079210103	1663079210502	KO	status.find.in([200, 209], 304), found 401
USER	Desktop APIs load test	END	1663079210503
REQUEST		agent-config api	1663079210087	1663079210505	KO	status.find.in([200, 209], 304), found 401
REQUEST		desktop-layout api	1663079208904	1663079210507	KO	status.find.in([200, 209], 304), found 401
USER	Desktop APIs load test	END	1663079210508
REQUEST		agent-config api	1663079208647	1663079210509	KO	status.find.in([200, 209], 304), found 401
REQUEST		agent-config api	1663079210167	1663079210515	KO	status.find.in([200, 209], 304), found 401
USER	Desktop APIs load test	START	1663079210527
USER	Desktop APIs load test	START	1663079210567
REQUEST		desktop-layout api	1663079207601	1663079210587	KO	status.find.in([200, 209], 304), found 401
USER	Desktop APIs load test	END	1663079210588
REQUEST		agent-config api	1663079210208	1663079210603	KO	status.find.in([200, 209], 304), found 401
USER	Desktop APIs load test	START	1663079210607
USER	Desktop APIs load test	START	1663079210647
REQUEST		desktop-layout api	1663079210316	1663079210657	KO	status.find.in([200, 209], 304), found 401
USER	Desktop APIs load test	END	1663079210657
USER	Desktop APIs load test	START	1663079210687
REQUEST		desktop-layout api	1663079206815	1663079210692	KO	status.find.in([200, 209], 304), found 401
USER	Desktop APIs load test	END	1663079210693
REQUEST		agent-config api	1663079210247	1663079210704	KO	status.find.in([200, 209], 304), found 401
REQUEST		agent-config api	1663079210327	1663079210705	KO	status.find.in([200, 209], 304), found 401
REQUEST		agent-config api	1663079210287	1663079210706	KO	status.find.in([200, 209], 304), found 401
REQUEST		agent-config api	1663079210367	1663079210718	KO	status.find.in([200, 209], 304), found 401
REQUEST		agent-config api	1663079210447	1663079210720	KO	status.find.in([200, 209], 304), found 401
USER	Desktop APIs load test	START	1663079210728
USER	Desktop APIs load test	START	1663079210767
REQUEST		desktop-layout api	1663079210416	1663079210797	KO	status.find.in([200, 209], 304), found 401
USER	Desktop APIs load test	END	1663079210798
USER	Desktop APIs load test	START	1663079210807
REQUEST		agent-config api	1663079210407	1663079210841	KO	status.find.in([200, 209], 304), found 401
REQUEST		agent-config api	1663079210487	1663079210843	KO	status.find.in([200, 209], 304), found 401
USER	Desktop APIs load test	START	1663079210847
REQUEST		desktop-layout api	1663079210301	1663079210857	KO	status.find.in([200, 209], 304), found 401
USER	Desktop APIs load test	END	1663079210858
USER	Desktop APIs load test	START	1663079210887
REQUEST		desktop-layout api	1663079208206	1663079210897	KO	status.find.in([200, 209], 304), found 401
USER	Desktop APIs load test	END	1663079210898
REQUEST		agent-config api	1663079210527	1663079210903	KO	status.find.in([200, 209], 304), found 401
REQUEST		agent-config api	1663079210607	1663079210904	KO	status.find.in([200, 209], 304), found 401
REQUEST		agent-config api	1663079210568	1663079210914	KO	status.find.in([200, 209], 304), found 401
USER	Desktop APIs load test	START	1663079210927
USER	Desktop APIs load test	START	1663079210967
REQUEST		desktop-layout api	1663079208907	1663079211002	KO	status.find.in([200, 209], 304), found 401
REQUEST		desktop-layout api	1663079210505	1663079211002	KO	status.find.in([200, 209], 304), found 401
REQUEST		desktop-layout api	1663079209708	1663079211002	KO	status.find.in([200, 209], 304), found 401
USER	Desktop APIs load test	END	1663079211003
REQUEST		desktop-layout api	1663079210604	1663079211003	KO	status.find.in([200, 209], 304), found 401
USER	Desktop APIs load test	END	1663079211003
USER	Desktop APIs load test	END	1663079211003
USER	Desktop APIs load test	END	1663079211004
USER	Desktop APIs load test	START	1663079211007
USER	Desktop APIs load test	START	1663079211048
USER	Desktop APIs load test	START	1663079211087
REQUEST		desktop-layout api	1663079209114	1663079211094	KO	status.find.in([200, 209], 304), found 401
REQUEST		desktop-layout api	1663079210705	1663079211094	KO	status.find.in([200, 209], 304), found 401
USER	Desktop APIs load test	END	1663079211095
REQUEST		desktop-layout api	1663079208609	1663079211094	KO	status.find.in([200, 209], 304), found 401
USER	Desktop APIs load test	END	1663079211095
USER	Desktop APIs load test	END	1663079211096
REQUEST		agent-config api	1663079210648	1663079211098	KO	status.find.in([200, 209], 304), found 401
REQUEST		agent-config api	1663079210688	1663079211101	KO	status.find.in([200, 209], 304), found 401
REQUEST		agent-config api	1663079210768	1663079211105	KO	status.find.in([200, 209], 304), found 401
REQUEST		desktop-layout api	1663079207401	1663079211108	KO	status.find.in([200, 209], 304), found 401
USER	Desktop APIs load test	END	1663079211109
USER	Desktop APIs load test	START	1663079211127
USER	Desktop APIs load test	START	1663079211167
REQUEST		desktop-layout api	1663079210843	1663079211200	KO	status.find.in([200, 209], 304), found 401
USER	Desktop APIs load test	END	1663079211201
REQUEST		desktop-layout api	1663079209636	1663079211204	KO	status.find.in([200, 209], 304), found 401
USER	Desktop APIs load test	END	1663079211205
REQUEST		agent-config api	1663079210847	1663079211205	KO	status.find.in([200, 209], 304), found 401
USER	Desktop APIs load test	START	1663079211207
REQUEST		desktop-layout api	1663079210915	1663079211210	KO	status.find.in([200, 209], 304), found 401
USER	Desktop APIs load test	END	1663079211210
REQUEST		agent-config api	1663079210728	1663079211212	KO	status.find.in([200, 209], 304), found 401
REQUEST		agent-config api	1663079210927	1663079211213	KO	status.find.in([200, 209], 304), found 401
USER	Desktop APIs load test	START	1663079211247
USER	Desktop APIs load test	START	1663079211287
REQUEST		agent-config api	1663079210968	1663079211298	KO	status.find.in([200, 209], 304), found 401
REQUEST		desktop-layout api	1663079210842	1663079211304	KO	status.find.in([200, 209], 304), found 401
REQUEST		desktop-layout api	1663079208998	1663079211304	KO	status.find.in([200, 209], 304), found 401
USER	Desktop APIs load test	END	1663079211305
USER	Desktop APIs load test	END	1663079211306
REQUEST		agent-config api	1663079210888	1663079211312	KO	status.find.in([200, 209], 304), found 401
REQUEST		desktop-layout api	1663079210122	1663079211313	KO	status.find.in([200, 209], 304), found 401
USER	Desktop APIs load test	END	1663079211313
REQUEST		agent-config api	1663079210807	1663079211316	KO	status.find.in([200, 209], 304), found 401
USER	Desktop APIs load test	START	1663079211327
REQUEST		agent-config api	1663079211008	1663079211364	KO	status.find.in([200, 209], 304), found 401
USER	Desktop APIs load test	START	1663079211367
REQUEST		desktop-layout api	1663079209714	1663079211389	KO	status.find.in([200, 209], 304), found 401
USER	Desktop APIs load test	END	1663079211390
REQUEST		desktop-layout api	1663079209321	1663079211398	KO	status.find.in([200, 209], 304), found 401
USER	Desktop APIs load test	END	1663079211399
REQUEST		desktop-layout api	1663079209918	1663079211399	KO	status.find.in([200, 209], 304), found 401
USER	Desktop APIs load test	END	1663079211400
REQUEST		desktop-layout api	1663079208510	1663079211400	KO	status.find.in([200, 209], 304), found 401
USER	Desktop APIs load test	END	1663079211400
USER	Desktop APIs load test	START	1663079211407
REQUEST		agent-config api	1663079211087	1663079211408	KO	status.find.in([200, 209], 304), found 401
REQUEST		agent-config api	1663079211048	1663079211408	KO	status.find.in([200, 209], 304), found 401
USER	Desktop APIs load test	START	1663079211447
REQUEST		desktop-layout api	1663079209822	1663079211448	KO	status.find.in([200, 209], 304), found 401
USER	Desktop APIs load test	END	1663079211449
USER	Desktop APIs load test	START	1663079211487
REQUEST		desktop-layout api	1663079211098	1663079211491	KO	status.find.in([200, 209], 304), found 401
USER	Desktop APIs load test	END	1663079211492
REQUEST		agent-config api	1663079211167	1663079211493	KO	status.find.in([200, 209], 304), found 401
REQUEST		desktop-layout api	1663079208730	1663079211496	KO	status.find.in([200, 209], 304), found 401
USER	Desktop APIs load test	END	1663079211496
REQUEST		desktop-layout api	1663079208418	1663079211496	KO	status.find.in([200, 209], 304), found 401
USER	Desktop APIs load test	END	1663079211497
REQUEST		desktop-layout api	1663079210312	1663079211499	KO	status.find.in([200, 209], 304), found 401
USER	Desktop APIs load test	END	1663079211500
REQUEST		desktop-layout api	1663079210904	1663079211502	KO	status.find.in([200, 209], 304), found 401
USER	Desktop APIs load test	END	1663079211503
REQUEST		desktop-layout api	1663079210904	1663079211503	KO	status.find.in([200, 209], 304), found 401
USER	Desktop APIs load test	END	1663079211503
REQUEST		desktop-layout api	1663079211213	1663079211518	KO	status.find.in([200, 209], 304), found 401
USER	Desktop APIs load test	END	1663079211519
USER	Desktop APIs load test	START	1663079211527
USER	Desktop APIs load test	START	1663079211567
REQUEST		agent-config api	1663079211127	1663079211573	KO	status.find.in([200, 209], 304), found 401
REQUEST		agent-config api	1663079211207	1663079211596	KO	status.find.in([200, 209], 304), found 401
REQUEST		agent-config api	1663079211287	1663079211603	KO	status.find.in([200, 209], 304), found 401
REQUEST		agent-config api	1663079211247	1663079211606	KO	status.find.in([200, 209], 304), found 401
USER	Desktop APIs load test	START	1663079211607
USER	Desktop APIs load test	START	1663079211647
REQUEST		agent-config api	1663079211327	1663079211668	KO	status.find.in([200, 209], 304), found 401
REQUEST		desktop-layout api	1663079209095	1663079211685	KO	status.find.in([200, 209], 304), found 401
USER	Desktop APIs load test	END	1663079211686
REQUEST		desktop-layout api	1663079208603	1663079211688	KO	status.find.in([200, 209], 304), found 401
USER	Desktop APIs load test	START	1663079211687
USER	Desktop APIs load test	END	1663079211688
REQUEST		desktop-layout api	1663079211317	1663079211695	KO	status.find.in([200, 209], 304), found 401
USER	Desktop APIs load test	END	1663079211696
REQUEST		desktop-layout api	1663079211365	1663079211708	KO	status.find.in([200, 209], 304), found 401
USER	Desktop APIs load test	END	1663079211710
REQUEST		desktop-layout api	1663079211408	1663079211712	KO	status.find.in([200, 209], 304), found 401
USER	Desktop APIs load test	END	1663079211713
REQUEST		desktop-layout api	1663079211298	1663079211713	KO	status.find.in([200, 209], 304), found 401
USER	Desktop APIs load test	END	1663079211714
REQUEST		agent-config api	1663079211367	1663079211720	KO	status.find.in([200, 209], 304), found 401
USER	Desktop APIs load test	START	1663079211727
USER	Desktop APIs load test	START	1663079211767
REQUEST		agent-config api	1663079211407	1663079211798	KO	status.find.in([200, 209], 304), found 401
REQUEST		desktop-layout api	1663079210509	1663079211800	KO	status.find.in([200, 209], 304), found 401
USER	Desktop APIs load test	END	1663079211800
REQUEST		desktop-layout api	1663079210393	1663079211801	KO	status.find.in([200, 209], 304), found 401
USER	Desktop APIs load test	END	1663079211801
REQUEST		desktop-layout api	1663079211106	1663079211803	KO	status.find.in([200, 209], 304), found 401
USER	Desktop APIs load test	END	1663079211803
USER	Desktop APIs load test	START	1663079211807
REQUEST		agent-config api	1663079211447	1663079211810	KO	status.find.in([200, 209], 304), found 401
REQUEST		agent-config api	1663079211488	1663079211818	KO	status.find.in([200, 209], 304), found 401
REQUEST		agent-config api	1663079211527	1663079211830	KO	status.find.in([200, 209], 304), found 401
USER	Desktop APIs load test	START	1663079211847
USER	Desktop APIs load test	START	1663079211888
REQUEST		desktop-layout api	1663079209506	1663079211892	KO	status.find.in([200, 209], 304), found 401
USER	Desktop APIs load test	END	1663079211893
REQUEST		desktop-layout api	1663079211409	1663079211900	KO	status.find.in([200, 209], 304), found 401
USER	Desktop APIs load test	END	1663079211901
REQUEST		desktop-layout api	1663079211206	1663079211904	KO	status.find.in([200, 209], 304), found 401
USER	Desktop APIs load test	END	1663079211905
REQUEST		agent-config api	1663079211607	1663079211912	KO	status.find.in([200, 209], 304), found 401
USER	Desktop APIs load test	START	1663079211927
REQUEST		desktop-layout api	1663079211574	1663079211966	KO	status.find.in([200, 209], 304), found 401
USER	Desktop APIs load test	END	1663079211967
USER	Desktop APIs load test	START	1663079211967
REQUEST		desktop-layout api	1663079211597	1663079211993	KO	status.find.in([200, 209], 304), found 401
USER	Desktop APIs load test	END	1663079211994
REQUEST		agent-config api	1663079211568	1663079212000	KO	status.find.in([200, 209], 304), found 401
REQUEST		desktop-layout api	1663079210718	1663079212002	KO	status.find.in([200, 209], 304), found 401
USER	Desktop APIs load test	END	1663079212003
REQUEST		agent-config api	1663079211648	1663079212003	KO	status.find.in([200, 209], 304), found 401
USER	Desktop APIs load test	START	1663079212007
REQUEST		agent-config api	1663079211687	1663079212009	KO	status.find.in([200, 209], 304), found 401
USER	Desktop APIs load test	START	1663079212047
USER	Desktop APIs load test	START	1663079212087
REQUEST		desktop-layout api	1663079210720	1663079212103	KO	status.find.in([200, 209], 304), found 401
USER	Desktop APIs load test	END	1663079212104
REQUEST		agent-config api	1663079211768	1663079212107	KO	status.find.in([200, 209], 304), found 401
USER	Desktop APIs load test	START	1663079212127
USER	Desktop APIs load test	START	1663079212167
REQUEST		desktop-layout api	1663079211603	1663079212190	KO	status.find.in([200, 209], 304), found 401
USER	Desktop APIs load test	END	1663079212191
REQUEST		agent-config api	1663079211807	1663079212196	KO	status.find.in([200, 209], 304), found 401
REQUEST		desktop-layout api	1663079211721	1663079212200	KO	status.find.in([200, 209], 304), found 401
USER	Desktop APIs load test	END	1663079212200
REQUEST		desktop-layout api	1663079211830	1663079212201	KO	status.find.in([200, 209], 304), found 401
USER	Desktop APIs load test	END	1663079212202
REQUEST		desktop-layout api	1663079211669	1663079212203	KO	status.find.in([200, 209], 304), found 401
USER	Desktop APIs load test	END	1663079212203
USER	Desktop APIs load test	START	1663079212207
REQUEST		desktop-layout api	1663079209300	1663079212214	KO	status.find.in([200, 209], 304), found 401
USER	Desktop APIs load test	END	1663079212215
USER	Desktop APIs load test	START	1663079212247
USER	Desktop APIs load test	START	1663079212287
REQUEST		agent-config api	1663079211888	1663079212292	KO	status.find.in([200, 209], 304), found 401
REQUEST		desktop-layout api	1663079212004	1663079212296	KO	status.find.in([200, 209], 304), found 401
USER	Desktop APIs load test	END	1663079212296
REQUEST		agent-config api	1663079211848	1663079212298	KO	status.find.in([200, 209], 304), found 401
REQUEST		desktop-layout api	1663079211798	1663079212301	KO	status.find.in([200, 209], 304), found 401
REQUEST		agent-config api	1663079211928	1663079212301	KO	status.find.in([200, 209], 304), found 401
USER	Desktop APIs load test	END	1663079212302
REQUEST		desktop-layout api	1663079211810	1663079212302	KO	status.find.in([200, 209], 304), found 401
REQUEST		desktop-layout api	1663079211819	1663079212302	KO	status.find.in([200, 209], 304), found 401
USER	Desktop APIs load test	END	1663079212303
USER	Desktop APIs load test	END	1663079212303
REQUEST		agent-config api	1663079212007	1663079212304	KO	status.find.in([200, 209], 304), found 401
REQUEST		desktop-layout api	1663079211494	1663079212304	KO	status.find.in([200, 209], 304), found 401
USER	Desktop APIs load test	END	1663079212304
REQUEST		agent-config api	1663079211727	1663079212305	KO	status.find.in([200, 209], 304), found 401
REQUEST		desktop-layout api	1663079212010	1663079212313	KO	status.find.in([200, 209], 304), found 401
USER	Desktop APIs load test	END	1663079212314
REQUEST		agent-config api	1663079211967	1663079212316	KO	status.find.in([200, 209], 304), found 401
REQUEST		agent-config api	1663079212048	1663079212317	KO	status.find.in([200, 209], 304), found 401
REQUEST		desktop-layout api	1663079212000	1663079212319	KO	status.find.in([200, 209], 304), found 401
USER	Desktop APIs load test	END	1663079212319
USER	Desktop APIs load test	START	1663079212327
USER	Desktop APIs load test	START	1663079212367
REQUEST		desktop-layout api	1663079210119	1663079212391	KO	status.find.in([200, 209], 304), found 401
REQUEST		desktop-layout api	1663079211213	1663079212391	KO	status.find.in([200, 209], 304), found 401
USER	Desktop APIs load test	END	1663079212392
USER	Desktop APIs load test	END	1663079212392
USER	Desktop APIs load test	START	1663079212407
REQUEST		agent-config api	1663079212127	1663079212412	KO	status.find.in([200, 209], 304), found 401
USER	Desktop APIs load test	START	1663079212447
USER	Desktop APIs load test	START	1663079212487
REQUEST		agent-config api	1663079212247	1663079212515	KO	status.find.in([200, 209], 304), found 401
REQUEST		agent-config api	1663079212207	1663079212517	KO	status.find.in([200, 209], 304), found 401
USER	Desktop APIs load test	START	1663079212527
REQUEST		agent-config api	1663079212167	1663079212530	KO	status.find.in([200, 209], 304), found 401
USER	Desktop APIs load test	START	1663079212567
REQUEST		desktop-layout api	1663079209201	1663079212596	KO	status.find.in([200, 209], 304), found 401
USER	Desktop APIs load test	END	1663079212597
REQUEST		agent-config api	1663079212087	1663079212600	KO	status.find.in([200, 209], 304), found 401
USER	Desktop APIs load test	START	1663079212607
REQUEST		agent-config api	1663079212287	1663079212611	KO	status.find.in([200, 209], 304), found 401
REQUEST		agent-config api	1663079212327	1663079212613	KO	status.find.in([200, 209], 304), found 401
USER	Desktop APIs load test	START	1663079212647
REQUEST		desktop-layout api	1663079212316	1663079212667	KO	status.find.in([200, 209], 304), found 401
USER	Desktop APIs load test	END	1663079212668
USER	Desktop APIs load test	START	1663079212687
REQUEST		desktop-layout api	1663079212304	1663079212700	KO	status.find.in([200, 209], 304), found 401
REQUEST		desktop-layout api	1663079212305	1663079212700	KO	status.find.in([200, 209], 304), found 401
USER	Desktop APIs load test	END	1663079212700
USER	Desktop APIs load test	END	1663079212700
REQUEST		desktop-layout api	1663079212196	1663079212701	KO	status.find.in([200, 209], 304), found 401
USER	Desktop APIs load test	END	1663079212701
REQUEST		agent-config api	1663079212367	1663079212709	KO	status.find.in([200, 209], 304), found 401
REQUEST		desktop-layout api	1663079212301	1663079212710	KO	status.find.in([200, 209], 304), found 401
USER	Desktop APIs load test	END	1663079212710
REQUEST		agent-config api	1663079212447	1663079212710	KO	status.find.in([200, 209], 304), found 401
REQUEST		desktop-layout api	1663079212413	1663079212713	KO	status.find.in([200, 209], 304), found 401
USER	Desktop APIs load test	END	1663079212714
REQUEST		desktop-layout api	1663079212298	1663079212718	KO	status.find.in([200, 209], 304), found 401
USER	Desktop APIs load test	END	1663079212718
REQUEST		agent-config api	1663079212407	1663079212723	KO	status.find.in([200, 209], 304), found 401
USER	Desktop APIs load test	START	1663079212727
USER	Desktop APIs load test	START	1663079212767
REQUEST		desktop-layout api	1663079212293	1663079212791	KO	status.find.in([200, 209], 304), found 401
USER	Desktop APIs load test	END	1663079212792
REQUEST		desktop-layout api	1663079212517	1663079212806	KO	status.find.in([200, 209], 304), found 401
USER	Desktop APIs load test	END	1663079212807
USER	Desktop APIs load test	START	1663079212808
REQUEST		agent-config api	1663079212487	1663079212813	KO	status.find.in([200, 209], 304), found 401
REQUEST		agent-config api	1663079212527	1663079212814	KO	status.find.in([200, 209], 304), found 401
REQUEST		desktop-layout api	1663079209419	1663079212824	KO	status.find.in([200, 209], 304), found 401
USER	Desktop APIs load test	END	1663079212825
REQUEST		desktop-layout api	1663079211912	1663079212826	KO	status.find.in([200, 209], 304), found 401
REQUEST		agent-config api	1663079212567	1663079212826	KO	status.find.in([200, 209], 304), found 401
USER	Desktop APIs load test	END	1663079212826
REQUEST		desktop-layout api	1663079208408	1663079212827	KO	status.find.in([200, 209], 304), found 401
USER	Desktop APIs load test	END	1663079212828
REQUEST		desktop-layout api	1663079212530	1663079212840	KO	status.find.in([200, 209], 304), found 401
USER	Desktop APIs load test	END	1663079212840
USER	Desktop APIs load test	START	1663079212847
USER	Desktop APIs load test	START	1663079212887
REQUEST		desktop-layout api	1663079210314	1663079212895	KO	status.find.in([200, 209], 304), found 401
REQUEST		desktop-layout api	1663079209615	1663079212895	KO	status.find.in([200, 209], 304), found 401
USER	Desktop APIs load test	END	1663079212895
USER	Desktop APIs load test	END	1663079212895
REQUEST		desktop-layout api	1663079210310	1663079212903	KO	status.find.in([200, 209], 304), found 401
REQUEST		desktop-layout api	1663079212600	1663079212904	KO	status.find.in([200, 209], 304), found 401
USER	Desktop APIs load test	END	1663079212904
USER	Desktop APIs load test	END	1663079212904
REQUEST		desktop-layout api	1663079212107	1663079212908	KO	status.find.in([200, 209], 304), found 401
USER	Desktop APIs load test	END	1663079212908
REQUEST		agent-config api	1663079212607	1663079212909	KO	status.find.in([200, 209], 304), found 401
REQUEST		agent-config api	1663079212647	1663079212914	KO	status.find.in([200, 209], 304), found 401
USER	Desktop APIs load test	START	1663079212927
USER	Desktop APIs load test	START	1663079212967
REQUEST		desktop-layout api	1663079210706	1663079212988	KO	status.find.in([200, 209], 304), found 401
USER	Desktop APIs load test	END	1663079212989
REQUEST		desktop-layout api	1663079211102	1663079212992	KO	status.find.in([200, 209], 304), found 401
USER	Desktop APIs load test	END	1663079212993
REQUEST		desktop-layout api	1663079210103	1663079212993	KO	status.find.in([200, 209], 304), found 401
USER	Desktop APIs load test	END	1663079213000
USER	Desktop APIs load test	START	1663079213007
REQUEST		desktop-layout api	1663079212723	1663079213006	KO	status.find.in([200, 209], 304), found 401
REQUEST		agent-config api	1663079212727	1663079213008	KO	status.find.in([200, 209], 304), found 401
USER	Desktop APIs load test	END	1663079213010
REQUEST		agent-config api	1663079212687	1663079213012	KO	status.find.in([200, 209], 304), found 401
USER	Desktop APIs load test	START	1663079213047
REQUEST		agent-config api	1663079212767	1663079213069	KO	status.find.in([200, 209], 304), found 401
USER	Desktop APIs load test	START	1663079213087
REQUEST		desktop-layout api	1663079210516	1663079213091	KO	status.find.in([200, 209], 304), found 401
USER	Desktop APIs load test	END	1663079213092
REQUEST		desktop-layout api	1663079210706	1663079213094	KO	status.find.in([200, 209], 304), found 401
USER	Desktop APIs load test	END	1663079213095
REQUEST		desktop-layout api	1663079212814	1663079213107	KO	status.find.in([200, 209], 304), found 401
USER	Desktop APIs load test	END	1663079213108
REQUEST		agent-config api	1663079212808	1663079213109	KO	status.find.in([200, 209], 304), found 401
USER	Desktop APIs load test	START	1663079213127
REQUEST		agent-config api	1663079212847	1663079213129	KO	status.find.in([200, 209], 304), found 401
USER	Desktop APIs load test	START	1663079213167
REQUEST		desktop-layout api	1663079212317	1663079213189	KO	status.find.in([200, 209], 304), found 401
USER	Desktop APIs load test	END	1663079213190
REQUEST		desktop-layout api	1663079209517	1663079213194	KO	status.find.in([200, 209], 304), found 401
USER	Desktop APIs load test	END	1663079213195
REQUEST		desktop-layout api	1663079209097	1663079213196	KO	status.find.in([200, 209], 304), found 401
USER	Desktop APIs load test	END	1663079213197
REQUEST		desktop-layout api	1663079212909	1663079213204	KO	status.find.in([200, 209], 304), found 401
USER	Desktop APIs load test	END	1663079213205
REQUEST		agent-config api	1663079212887	1663079213206	KO	status.find.in([200, 209], 304), found 401
REQUEST		agent-config api	1663079212927	1663079213206	KO	status.find.in([200, 209], 304), found 401
USER	Desktop APIs load test	START	1663079213207
REQUEST		desktop-layout api	1663079211607	1663079213213	KO	status.find.in([200, 209], 304), found 401
USER	Desktop APIs load test	END	1663079213214
REQUEST		agent-config api	1663079212967	1663079213246	KO	status.find.in([200, 209], 304), found 401
USER	Desktop APIs load test	START	1663079213247
USER	Desktop APIs load test	START	1663079213287
REQUEST		agent-config api	1663079213007	1663079213302	KO	status.find.in([200, 209], 304), found 401
REQUEST		desktop-layout api	1663079213013	1663079213307	KO	status.find.in([200, 209], 304), found 401
USER	Desktop APIs load test	END	1663079213308
REQUEST		agent-config api	1663079213047	1663079213319	KO	status.find.in([200, 209], 304), found 401
USER	Desktop APIs load test	START	1663079213327
USER	Desktop APIs load test	START	1663079213367
REQUEST		desktop-layout api	1663079213070	1663079213393	KO	status.find.in([200, 209], 304), found 401
USER	Desktop APIs load test	END	1663079213395
REQUEST		desktop-layout api	1663079213130	1663079213397	KO	status.find.in([200, 209], 304), found 401
USER	Desktop APIs load test	END	1663079213398
REQUEST		desktop-layout api	1663079211313	1663079213398	KO	status.find.in([200, 209], 304), found 401
USER	Desktop APIs load test	END	1663079213398
REQUEST		agent-config api	1663079213087	1663079213401	KO	status.find.in([200, 209], 304), found 401
USER	Desktop APIs load test	START	1663079213407
REQUEST		agent-config api	1663079213127	1663079213408	KO	status.find.in([200, 209], 304), found 401
REQUEST		desktop-layout api	1663079213109	1663079213409	KO	status.find.in([200, 209], 304), found 401
USER	Desktop APIs load test	END	1663079213409
USER	Desktop APIs load test	START	1663079213447
REQUEST		agent-config api	1663079213167	1663079213488	KO	status.find.in([200, 209], 304), found 401
USER	Desktop APIs load test	START	1663079213487
REQUEST		desktop-layout api	1663079213206	1663079213498	KO	status.find.in([200, 209], 304), found 401
USER	Desktop APIs load test	END	1663079213499
REQUEST		agent-config api	1663079213207	1663079213514	KO	status.find.in([200, 209], 304), found 401
REQUEST		agent-config api	1663079213247	1663079213524	KO	status.find.in([200, 209], 304), found 401
USER	Desktop APIs load test	START	1663079213527
USER	Desktop APIs load test	START	1663079213567
REQUEST		desktop-layout api	1663079213246	1663079213595	KO	status.find.in([200, 209], 304), found 401
USER	Desktop APIs load test	END	1663079213596
USER	Desktop APIs load test	START	1663079213607
REQUEST		agent-config api	1663079213287	1663079213612	KO	status.find.in([200, 209], 304), found 401
REQUEST		agent-config api	1663079213327	1663079213613	KO	status.find.in([200, 209], 304), found 401
USER	Desktop APIs load test	START	1663079213647
USER	Desktop APIs load test	START	1663079213687
REQUEST		agent-config api	1663079213367	1663079213694	KO	status.find.in([200, 209], 304), found 401
REQUEST		agent-config api	1663079213447	1663079213709	KO	status.find.in([200, 209], 304), found 401
REQUEST		agent-config api	1663079213407	1663079213710	KO	status.find.in([200, 209], 304), found 401
USER	Desktop APIs load test	START	1663079213727
USER	Desktop APIs load test	START	1663079213767
REQUEST		desktop-layout api	1663079213488	1663079213788	KO	status.find.in([200, 209], 304), found 401
USER	Desktop APIs load test	END	1663079213789
REQUEST		desktop-layout api	1663079213524	1663079213793	KO	status.find.in([200, 209], 304), found 401
USER	Desktop APIs load test	END	1663079213793
REQUEST		agent-config api	1663079213527	1663079213806	KO	status.find.in([200, 209], 304), found 401
USER	Desktop APIs load test	START	1663079213807
REQUEST		agent-config api	1663079213488	1663079213807	KO	status.find.in([200, 209], 304), found 401
REQUEST		desktop-layout api	1663079213402	1663079213808	KO	status.find.in([200, 209], 304), found 401
USER	Desktop APIs load test	END	1663079213809
REQUEST		agent-config api	1663079213568	1663079213837	KO	status.find.in([200, 209], 304), found 401
USER	Desktop APIs load test	START	1663079213847
USER	Desktop APIs load test	START	1663079213887
REQUEST		desktop-layout api	1663079213613	1663079213890	KO	status.find.in([200, 209], 304), found 401
USER	Desktop APIs load test	END	1663079213891
REQUEST		agent-config api	1663079213608	1663079213921	KO	status.find.in([200, 209], 304), found 401
REQUEST		agent-config api	1663079213647	1663079213924	KO	status.find.in([200, 209], 304), found 401
USER	Desktop APIs load test	START	1663079213927
USER	Desktop APIs load test	START	1663079213968
REQUEST		agent-config api	1663079213727	1663079214002	KO	status.find.in([200, 209], 304), found 401
USER	Desktop APIs load test	START	1663079214007
REQUEST		agent-config api	1663079213688	1663079214013	KO	status.find.in([200, 209], 304), found 401
REQUEST		desktop-layout api	1663079213711	1663079214014	KO	status.find.in([200, 209], 304), found 401
USER	Desktop APIs load test	END	1663079214014
USER	Desktop APIs load test	START	1663079214047
USER	Desktop APIs load test	START	1663079214086
REQUEST		desktop-layout api	1663079213694	1663079214094	KO	status.find.in([200, 209], 304), found 401
USER	Desktop APIs load test	END	1663079214096
REQUEST		desktop-layout api	1663079213010	1663079214097	KO	status.find.in([200, 209], 304), found 401
USER	Desktop APIs load test	END	1663079214098
REQUEST		agent-config api	1663079213767	1663079214104	KO	status.find.in([200, 209], 304), found 401
REQUEST		desktop-layout api	1663079213838	1663079214107	KO	status.find.in([200, 209], 304), found 401
REQUEST		agent-config api	1663079213807	1663079214108	KO	status.find.in([200, 209], 304), found 401
USER	Desktop APIs load test	END	1663079214108
REQUEST		agent-config api	1663079213848	1663079214113	KO	status.find.in([200, 209], 304), found 401
USER	Desktop APIs load test	START	1663079214126
USER	Desktop APIs load test	START	1663079214166
REQUEST		desktop-layout api	1663079212827	1663079214197	KO	status.find.in([200, 209], 304), found 401
REQUEST		desktop-layout api	1663079213806	1663079214198	KO	status.find.in([200, 209], 304), found 401
USER	Desktop APIs load test	END	1663079214198
USER	Desktop APIs load test	END	1663079214198
REQUEST		agent-config api	1663079213888	1663079214199	KO	status.find.in([200, 209], 304), found 401
USER	Desktop APIs load test	START	1663079214206
REQUEST		desktop-layout api	1663079213924	1663079214210	KO	status.find.in([200, 209], 304), found 401
USER	Desktop APIs load test	END	1663079214211
REQUEST		agent-config api	1663079213927	1663079214215	KO	status.find.in([200, 209], 304), found 401
USER	Desktop APIs load test	START	1663079214246
REQUEST		agent-config api	1663079213968	1663079214263	KO	status.find.in([200, 209], 304), found 401
USER	Desktop APIs load test	START	1663079214286
REQUEST		desktop-layout api	1663079213922	1663079214292	KO	status.find.in([200, 209], 304), found 401
USER	Desktop APIs load test	END	1663079214292
REQUEST		agent-config api	1663079214007	1663079214294	KO	status.find.in([200, 209], 304), found 401
REQUEST		desktop-layout api	1663079214014	1663079214305	KO	status.find.in([200, 209], 304), found 401
USER	Desktop APIs load test	END	1663079214306
REQUEST		desktop-layout api	1663079212814	1663079214307	KO	status.find.in([200, 209], 304), found 401
USER	Desktop APIs load test	END	1663079214307
REQUEST		desktop-layout api	1663079212515	1663079214306	KO	status.find.in([200, 209], 304), found 401
USER	Desktop APIs load test	END	1663079214307
REQUEST		agent-config api	1663079214047	1663079214315	KO	status.find.in([200, 209], 304), found 401
USER	Desktop APIs load test	START	1663079214326
USER	Desktop APIs load test	START	1663079214366
REQUEST		agent-config api	1663079214126	1663079214391	KO	status.find.in([200, 209], 304), found 401
REQUEST		desktop-layout api	1663079214003	1663079214391	KO	status.find.in([200, 209], 304), found 401
USER	Desktop APIs load test	END	1663079214392
REQUEST		agent-config api	1663079214086	1663079214394	KO	status.find.in([200, 209], 304), found 401
REQUEST		desktop-layout api	1663079212915	1663079214396	KO	status.find.in([200, 209], 304), found 401
REQUEST		desktop-layout api	1663079212613	1663079214396	KO	status.find.in([200, 209], 304), found 401
USER	Desktop APIs load test	END	1663079214396
USER	Desktop APIs load test	END	1663079214397
REQUEST		desktop-layout api	1663079213319	1663079214398	KO	status.find.in([200, 209], 304), found 401
USER	Desktop APIs load test	END	1663079214398
USER	Desktop APIs load test	START	1663079214406
REQUEST		desktop-layout api	1663079214104	1663079214412	KO	status.find.in([200, 209], 304), found 401
USER	Desktop APIs load test	END	1663079214412
REQUEST		agent-config api	1663079214166	1663079214431	KO	status.find.in([200, 209], 304), found 401
USER	Desktop APIs load test	START	1663079214446
REQUEST		desktop-layout api	1663079212611	1663079214486	KO	status.find.in([200, 209], 304), found 401
USER	Desktop APIs load test	START	1663079214486
USER	Desktop APIs load test	END	1663079214486
REQUEST		desktop-layout api	1663079212710	1663079214498	KO	status.find.in([200, 209], 304), found 401
USER	Desktop APIs load test	END	1663079214499
REQUEST		agent-config api	1663079214207	1663079214505	KO	status.find.in([200, 209], 304), found 401
USER	Desktop APIs load test	START	1663079214526
REQUEST		desktop-layout api	1663079214295	1663079214529	KO	status.find.in([200, 209], 304), found 401
USER	Desktop APIs load test	END	1663079214530
USER	Desktop APIs load test	START	1663079214566
REQUEST		desktop-layout api	1663079214113	1663079214593	KO	status.find.in([200, 209], 304), found 401
USER	Desktop APIs load test	END	1663079214594
REQUEST		agent-config api	1663079214327	1663079214597	KO	status.find.in([200, 209], 304), found 401
REQUEST		agent-config api	1663079214287	1663079214602	KO	status.find.in([200, 209], 304), found 401
REQUEST		desktop-layout api	1663079214316	1663079214606	KO	status.find.in([200, 209], 304), found 401
USER	Desktop APIs load test	END	1663079214606
USER	Desktop APIs load test	START	1663079214607
USER	Desktop APIs load test	START	1663079214646
USER	Desktop APIs load test	START	1663079214686
REQUEST		agent-config api	1663079214406	1663079214692	KO	status.find.in([200, 209], 304), found 401
REQUEST		agent-config api	1663079214246	1663079214699	KO	status.find.in([200, 209], 304), found 401
REQUEST		desktop-layout api	1663079214392	1663079214701	KO	status.find.in([200, 209], 304), found 401
USER	Desktop APIs load test	END	1663079214702
REQUEST		desktop-layout api	1663079214263	1663079214709	KO	status.find.in([200, 209], 304), found 401
USER	Desktop APIs load test	END	1663079214710
REQUEST		agent-config api	1663079214367	1663079214710	KO	